{"C:\\Users\\Elmahrosa-Teos\\repos\\teos-ai-engine\\app\\layout.tsx": {"path":"C:\\Users\\Elmahrosa-Teos\\repos\\teos-ai-engine\\app\\layout.tsx","statementMap":{"0":{"start":{"line":6,"column":16},"end":{"line":6,"column":77}},"1":{"start":{"line":8,"column":34},"end":{"line":90,"column":2}},"2":{"start":{"line":97,"column":2},"end":{"line":115,"column":4}}},"fnMap":{"0":{"name":"RootLayout","decl":{"start":{"line":92,"column":24},"end":{"line":92,"column":34}},"loc":{"start":{"line":96,"column":1},"end":{"line":116,"column":1}}}},"branchMap":{"0":{"loc":{"start":{"line":6,"column":16},"end":{"line":6,"column":77}},"type":"binary-expr","locations":[{"start":{"line":6,"column":16},"end":{"line":6,"column":47}},{"start":{"line":6,"column":51},"end":{"line":6,"column":77}}]}},"s":{"0":0,"1":0,"2":0},"f":{"0":0},"b":{"0":[0,0]}}
,"C:\\Users\\Elmahrosa-Teos\\repos\\teos-ai-engine\\app\\page.tsx": {"path":"C:\\Users\\Elmahrosa-Teos\\repos\\teos-ai-engine\\app\\page.tsx","statementMap":{"0":{"start":{"line":38,"column":103},"end":{"line":46,"column":2}},"1":{"start":{"line":48,"column":22},"end":{"line":51,"column":2}},"2":{"start":{"line":53,"column":30},"end":{"line":53,"column":105}},"3":{"start":{"line":55,"column":22},"end":{"line":60,"column":2}},"4":{"start":{"line":63,"column":22},"end":{"line":132,"column":2}},"5":{"start":{"line":136,"column":14},"end":{"line":136,"column":49}},"6":{"start":{"line":137,"column":18},"end":{"line":137,"column":56}},"7":{"start":{"line":138,"column":21},"end":{"line":138,"column":44}},"8":{"start":{"line":139,"column":2},"end":{"line":147,"column":3}},"9":{"start":{"line":140,"column":14},"end":{"line":140,"column":90}},"10":{"start":{"line":141,"column":21},"end":{"line":141,"column":96}},"11":{"start":{"line":142,"column":21},"end":{"line":142,"column":89}},"12":{"start":{"line":143,"column":21},"end":{"line":143,"column":87}},"13":{"start":{"line":144,"column":21},"end":{"line":144,"column":92}},"14":{"start":{"line":145,"column":20},"end":{"line":145,"column":81}},"15":{"start":{"line":146,"column":13},"end":{"line":146,"column":24}},"16":{"start":{"line":151,"column":2},"end":{"line":151,"column":32}},"17":{"start":{"line":151,"column":15},"end":{"line":151,"column":32}},"18":{"start":{"line":152,"column":2},"end":{"line":152,"column":32}},"19":{"start":{"line":152,"column":15},"end":{"line":152,"column":32}},"20":{"start":{"line":153,"column":2},"end":{"line":153,"column":16}},"21":{"start":{"line":157,"column":30},"end":{"line":157,"column":45}},"22":{"start":{"line":158,"column":15},"end":{"line":163,"column":8}},"23":{"start":{"line":159,"column":4},"end":{"line":162,"column":7}},"24":{"start":{"line":160,"column":6},"end":{"line":160,"column":22}},"25":{"start":{"line":161,"column":6},"end":{"line":161,"column":47}},"26":{"start":{"line":161,"column":23},"end":{"line":161,"column":39}},"27":{"start":{"line":164,"column":2},"end":{"line":164,"column":26}},"28":{"start":{"line":169,"column":28},"end":{"line":169,"column":39}},"29":{"start":{"line":170,"column":14},"end":{"line":170,"column":42}},"30":{"start":{"line":171,"column":18},"end":{"line":171,"column":31}},"31":{"start":{"line":173,"column":2},"end":{"line":200,"column":12}},"32":{"start":{"line":174,"column":15},"end":{"line":174,"column":26}},"33":{"start":{"line":175,"column":4},"end":{"line":175,"column":20}},"34":{"start":{"line":175,"column":13},"end":{"line":175,"column":20}},"35":{"start":{"line":176,"column":21},"end":{"line":196,"column":null}},"36":{"start":{"line":178,"column":8},"end":{"line":194,"column":9}},"37":{"start":{"line":179,"column":10},"end":{"line":179,"column":33}},"38":{"start":{"line":180,"column":22},"end":{"line":180,"column":23}},"39":{"start":{"line":181,"column":27},"end":{"line":181,"column":31}},"40":{"start":{"line":182,"column":23},"end":{"line":182,"column":25}},"41":{"start":{"line":183,"column":29},"end":{"line":183,"column":44}},"42":{"start":{"line":184,"column":28},"end":{"line":184,"column":44}},"43":{"start":{"line":185,"column":24},"end":{"line":193,"column":18}},"44":{"start":{"line":186,"column":12},"end":{"line":186,"column":31}},"45":{"start":{"line":187,"column":12},"end":{"line":192,"column":13}},"46":{"start":{"line":188,"column":14},"end":{"line":188,"column":28}},"47":{"start":{"line":189,"column":14},"end":{"line":189,"column":35}},"48":{"start":{"line":191,"column":14},"end":{"line":191,"column":42}},"49":{"start":{"line":198,"column":4},"end":{"line":198,"column":25}},"50":{"start":{"line":199,"column":4},"end":{"line":199,"column":39}},"51":{"start":{"line":199,"column":17},"end":{"line":199,"column":38}},"52":{"start":{"line":202,"column":2},"end":{"line":212,"column":4}},"53":{"start":{"line":217,"column":14},"end":{"line":217,"column":46}},"54":{"start":{"line":218,"column":2},"end":{"line":229,"column":4}},"55":{"start":{"line":234,"column":2},"end":{"line":250,"column":4}},"56":{"start":{"line":239,"column":12},"end":{"line":239,"column":26}},"57":{"start":{"line":256,"column":28},"end":{"line":256,"column":40}},"58":{"start":{"line":257,"column":34},"end":{"line":257,"column":64}},"59":{"start":{"line":258,"column":26},"end":{"line":258,"column":54}},"60":{"start":{"line":259,"column":30},"end":{"line":259,"column":67}},"61":{"start":{"line":260,"column":32},"end":{"line":260,"column":47}},"62":{"start":{"line":261,"column":34},"end":{"line":261,"column":45}},"63":{"start":{"line":262,"column":28},"end":{"line":262,"column":40}},"64":{"start":{"line":263,"column":36},"end":{"line":263,"column":80}},"65":{"start":{"line":264,"column":48},"end":{"line":264,"column":63}},"66":{"start":{"line":265,"column":27},"end":{"line":265,"column":36}},"67":{"start":{"line":268,"column":38},"end":{"line":268,"column":81}},"68":{"start":{"line":269,"column":16},"end":{"line":269,"column":26}},"69":{"start":{"line":272,"column":28},"end":{"line":272,"column":121}},"70":{"start":{"line":274,"column":2},"end":{"line":279,"column":9}},"71":{"start":{"line":275,"column":4},"end":{"line":278,"column":23}},"72":{"start":{"line":276,"column":17},"end":{"line":276,"column":25}},"73":{"start":{"line":281,"column":22},"end":{"line":287,"column":13}},"74":{"start":{"line":281,"column":36},"end":{"line":287,"column":5}},"75":{"start":{"line":290,"column":4},"end":{"line":293,"column":5}},"76":{"start":{"line":291,"column":6},"end":{"line":291,"column":58}},"77":{"start":{"line":292,"column":6},"end":{"line":292,"column":13}},"78":{"start":{"line":294,"column":4},"end":{"line":294,"column":17}},"79":{"start":{"line":295,"column":4},"end":{"line":295,"column":20}},"80":{"start":{"line":296,"column":4},"end":{"line":296,"column":21}},"81":{"start":{"line":297,"column":4},"end":{"line":297,"column":19}},"82":{"start":{"line":298,"column":4},"end":{"line":298,"column":30}},"83":{"start":{"line":299,"column":4},"end":{"line":299,"column":25}},"84":{"start":{"line":301,"column":25},"end":{"line":303,"column":11}},"85":{"start":{"line":302,"column":6},"end":{"line":302,"column":67}},"86":{"start":{"line":302,"column":24},"end":{"line":302,"column":64}},"87":{"start":{"line":305,"column":4},"end":{"line":319,"column":5}},"88":{"start":{"line":306,"column":18},"end":{"line":310,"column":8}},"89":{"start":{"line":311,"column":19},"end":{"line":311,"column":35}},"90":{"start":{"line":312,"column":6},"end":{"line":312,"column":71}},"91":{"start":{"line":312,"column":19},"end":{"line":312,"column":71}},"92":{"start":{"line":313,"column":6},"end":{"line":313,"column":22}},"93":{"start":{"line":315,"column":6},"end":{"line":315,"column":95}},"94":{"start":{"line":317,"column":6},"end":{"line":317,"column":34}},"95":{"start":{"line":318,"column":6},"end":{"line":318,"column":24}},"96":{"start":{"line":322,"column":14},"end":{"line":322,"column":39}},"97":{"start":{"line":323,"column":20},"end":{"line":323,"column":67}},"98":{"start":{"line":325,"column":2},"end":{"line":1087,"column":4}},"99":{"start":{"line":449,"column":26},"end":{"line":449,"column":44}},"100":{"start":{"line":450,"column":16},"end":{"line":462,"column":18}},"101":{"start":{"line":455,"column":44},"end":{"line":455,"column":89}},"102":{"start":{"line":456,"column":44},"end":{"line":456,"column":91}},"103":{"start":{"line":469,"column":14},"end":{"line":470,"column":null}},"104":{"start":{"line":516,"column":28},"end":{"line":516,"column":46}},"105":{"start":{"line":517,"column":33},"end":{"line":517,"column":47}},"106":{"start":{"line":518,"column":37},"end":{"line":518,"column":105}},"107":{"start":{"line":519,"column":37},"end":{"line":519,"column":75}},"108":{"start":{"line":520,"column":18},"end":{"line":533,"column":20}},"109":{"start":{"line":521,"column":51},"end":{"line":521,"column":65}},"110":{"start":{"line":545,"column":37},"end":{"line":545,"column":114}},"111":{"start":{"line":546,"column":18},"end":{"line":556,"column":20}},"112":{"start":{"line":547,"column":49},"end":{"line":547,"column":59}},"113":{"start":{"line":568,"column":31},"end":{"line":568,"column":55}},"114":{"start":{"line":569,"column":34},"end":{"line":569,"column":96}},"115":{"start":{"line":569,"column":85},"end":{"line":569,"column":96}},"116":{"start":{"line":656,"column":38},"end":{"line":656,"column":123}},"117":{"start":{"line":657,"column":20},"end":{"line":669,"column":22}},"118":{"start":{"line":658,"column":53},"end":{"line":658,"column":100}},"119":{"start":{"line":709,"column":26},"end":{"line":709,"column":40}},"120":{"start":{"line":763,"column":45},"end":{"line":763,"column":70}},"121":{"start":{"line":777,"column":26},"end":{"line":777,"column":39}},"122":{"start":{"line":792,"column":36},"end":{"line":792,"column":159}},"123":{"start":{"line":793,"column":43},"end":{"line":793,"column":127}},"124":{"start":{"line":793,"column":108},"end":{"line":793,"column":115}},"125":{"start":{"line":794,"column":26},"end":{"line":800,"column":28}},"126":{"start":{"line":802,"column":47},"end":{"line":802,"column":119}},"127":{"start":{"line":802,"column":100},"end":{"line":802,"column":107}},"128":{"start":{"line":807,"column":47},"end":{"line":807,"column":130}},"129":{"start":{"line":807,"column":111},"end":{"line":807,"column":118}},"130":{"start":{"line":812,"column":47},"end":{"line":812,"column":150}},"131":{"start":{"line":812,"column":100},"end":{"line":812,"column":107}},"132":{"start":{"line":828,"column":67},"end":{"line":828,"column":89}},"133":{"start":{"line":828,"column":90},"end":{"line":828,"column":101}},"134":{"start":{"line":829,"column":66},"end":{"line":829,"column":87}},"135":{"start":{"line":830,"column":102},"end":{"line":830,"column":123}},"136":{"start":{"line":832,"column":42},"end":{"line":832,"column":136}},"137":{"start":{"line":833,"column":24},"end":{"line":843,"column":26}},"138":{"start":{"line":860,"column":47},"end":{"line":860,"column":77}},"139":{"start":{"line":902,"column":45},"end":{"line":902,"column":75}},"140":{"start":{"line":969,"column":37},"end":{"line":969,"column":61}},"141":{"start":{"line":977,"column":37},"end":{"line":977,"column":62}},"142":{"start":{"line":989,"column":39},"end":{"line":989,"column":112}},"143":{"start":{"line":990,"column":14},"end":{"line":990,"column":null}},"144":{"start":{"line":1009,"column":20},"end":{"line":1009,"column":32}}},"fnMap":{"0":{"name":"buildShareUrl","decl":{"start":{"line":135,"column":9},"end":{"line":135,"column":22}},"loc":{"start":{"line":135,"column":53},"end":{"line":148,"column":1}}},"1":{"name":"scoreColor","decl":{"start":{"line":150,"column":9},"end":{"line":150,"column":19}},"loc":{"start":{"line":150,"column":29},"end":{"line":154,"column":1}}},"2":{"name":"useCopy","decl":{"start":{"line":156,"column":9},"end":{"line":156,"column":16}},"loc":{"start":{"line":156,"column":16},"end":{"line":165,"column":1}}},"3":{"name":"(anonymous_3)","decl":{"start":{"line":158,"column":27},"end":{"line":158,"column":28}},"loc":{"start":{"line":158,"column":44},"end":{"line":163,"column":3}}},"4":{"name":"(anonymous_4)","decl":{"start":{"line":159,"column":45},"end":{"line":159,"column":48}},"loc":{"start":{"line":159,"column":50},"end":{"line":162,"column":5}}},"5":{"name":"(anonymous_5)","decl":{"start":{"line":161,"column":17},"end":{"line":161,"column":20}},"loc":{"start":{"line":161,"column":23},"end":{"line":161,"column":39}}},"6":{"name":"AnimatedCounter","decl":{"start":{"line":168,"column":9},"end":{"line":168,"column":24}},"loc":{"start":{"line":168,"column":155},"end":{"line":213,"column":1}}},"7":{"name":"(anonymous_7)","decl":{"start":{"line":173,"column":12},"end":{"line":173,"column":15}},"loc":{"start":{"line":173,"column":17},"end":{"line":200,"column":3}}},"8":{"name":"(anonymous_8)","decl":{"start":{"line":177,"column":6},"end":{"line":177,"column":7}},"loc":{"start":{"line":177,"column":18},"end":{"line":195,"column":7}}},"9":{"name":"(anonymous_9)","decl":{"start":{"line":185,"column":36},"end":{"line":185,"column":39}},"loc":{"start":{"line":185,"column":41},"end":{"line":193,"column":11}}},"10":{"name":"(anonymous_10)","decl":{"start":{"line":199,"column":11},"end":{"line":199,"column":14}},"loc":{"start":{"line":199,"column":17},"end":{"line":199,"column":38}}},"11":{"name":"SeatsBar","decl":{"start":{"line":216,"column":9},"end":{"line":216,"column":17}},"loc":{"start":{"line":216,"column":88},"end":{"line":230,"column":1}}},"12":{"name":"TickerBar","decl":{"start":{"line":233,"column":9},"end":{"line":233,"column":18}},"loc":{"start":{"line":233,"column":49},"end":{"line":251,"column":1}}},"13":{"name":"(anonymous_13)","decl":{"start":{"line":238,"column":36},"end":{"line":238,"column":37}},"loc":{"start":{"line":239,"column":12},"end":{"line":239,"column":26}}},"14":{"name":"Home","decl":{"start":{"line":254,"column":24},"end":{"line":254,"column":28}},"loc":{"start":{"line":254,"column":28},"end":{"line":1088,"column":1}}},"15":{"name":"(anonymous_15)","decl":{"start":{"line":274,"column":12},"end":{"line":274,"column":15}},"loc":{"start":{"line":274,"column":17},"end":{"line":279,"column":3}}},"16":{"name":"(anonymous_16)","decl":{"start":{"line":276,"column":12},"end":{"line":276,"column":13}},"loc":{"start":{"line":276,"column":17},"end":{"line":276,"column":25}}},"17":{"name":"(anonymous_17)","decl":{"start":{"line":278,"column":13},"end":{"line":278,"column":16}},"loc":{"start":{"line":278,"column":18},"end":{"line":278,"column":21}}},"18":{"name":"(anonymous_18)","decl":{"start":{"line":281,"column":30},"end":{"line":281,"column":33}},"loc":{"start":{"line":281,"column":35},"end":{"line":287,"column":5}}},"19":{"name":"generate","decl":{"start":{"line":289,"column":17},"end":{"line":289,"column":25}},"loc":{"start":{"line":289,"column":25},"end":{"line":320,"column":3}}},"20":{"name":"(anonymous_20)","decl":{"start":{"line":301,"column":37},"end":{"line":301,"column":40}},"loc":{"start":{"line":301,"column":42},"end":{"line":303,"column":5}}},"21":{"name":"(anonymous_21)","decl":{"start":{"line":302,"column":18},"end":{"line":302,"column":19}},"loc":{"start":{"line":302,"column":24},"end":{"line":302,"column":64}}},"22":{"name":"(anonymous_22)","decl":{"start":{"line":448,"column":106},"end":{"line":448,"column":107}},"loc":{"start":{"line":448,"column":110},"end":{"line":463,"column":15}}},"23":{"name":"(anonymous_23)","decl":{"start":{"line":455,"column":36},"end":{"line":455,"column":37}},"loc":{"start":{"line":455,"column":40},"end":{"line":455,"column":91}}},"24":{"name":"(anonymous_24)","decl":{"start":{"line":456,"column":36},"end":{"line":456,"column":37}},"loc":{"start":{"line":456,"column":40},"end":{"line":456,"column":93}}},"25":{"name":"(anonymous_25)","decl":{"start":{"line":468,"column":108},"end":{"line":468,"column":113}},"loc":{"start":{"line":469,"column":14},"end":{"line":470,"column":null}}},"26":{"name":"(anonymous_26)","decl":{"start":{"line":515,"column":31},"end":{"line":515,"column":32}},"loc":{"start":{"line":515,"column":35},"end":{"line":534,"column":17}}},"27":{"name":"(anonymous_27)","decl":{"start":{"line":521,"column":45},"end":{"line":521,"column":48}},"loc":{"start":{"line":521,"column":51},"end":{"line":521,"column":65}}},"28":{"name":"(anonymous_28)","decl":{"start":{"line":544,"column":27},"end":{"line":544,"column":28}},"loc":{"start":{"line":544,"column":31},"end":{"line":557,"column":17}}},"29":{"name":"(anonymous_29)","decl":{"start":{"line":547,"column":43},"end":{"line":547,"column":46}},"loc":{"start":{"line":547,"column":49},"end":{"line":547,"column":59}}},"30":{"name":"(anonymous_30)","decl":{"start":{"line":568,"column":26},"end":{"line":568,"column":27}},"loc":{"start":{"line":568,"column":31},"end":{"line":568,"column":55}}},"31":{"name":"(anonymous_31)","decl":{"start":{"line":569,"column":27},"end":{"line":569,"column":28}},"loc":{"start":{"line":569,"column":31},"end":{"line":569,"column":98}}},"32":{"name":"(anonymous_32)","decl":{"start":{"line":655,"column":104},"end":{"line":655,"column":107}},"loc":{"start":{"line":655,"column":110},"end":{"line":670,"column":19}}},"33":{"name":"(anonymous_33)","decl":{"start":{"line":658,"column":47},"end":{"line":658,"column":50}},"loc":{"start":{"line":658,"column":53},"end":{"line":658,"column":100}}},"34":{"name":"(anonymous_34)","decl":{"start":{"line":708,"column":45},"end":{"line":708,"column":46}},"loc":{"start":{"line":709,"column":26},"end":{"line":709,"column":40}}},"35":{"name":"(anonymous_35)","decl":{"start":{"line":763,"column":39},"end":{"line":763,"column":42}},"loc":{"start":{"line":763,"column":45},"end":{"line":763,"column":70}}},"36":{"name":"(anonymous_36)","decl":{"start":{"line":776,"column":46},"end":{"line":776,"column":47}},"loc":{"start":{"line":777,"column":26},"end":{"line":777,"column":39}}},"37":{"name":"(anonymous_37)","decl":{"start":{"line":791,"column":105},"end":{"line":791,"column":106}},"loc":{"start":{"line":791,"column":109},"end":{"line":801,"column":25}}},"38":{"name":"(anonymous_38)","decl":{"start":{"line":793,"column":103},"end":{"line":793,"column":104}},"loc":{"start":{"line":793,"column":108},"end":{"line":793,"column":115}}},"39":{"name":"(anonymous_39)","decl":{"start":{"line":802,"column":41},"end":{"line":802,"column":44}},"loc":{"start":{"line":802,"column":47},"end":{"line":802,"column":119}}},"40":{"name":"(anonymous_40)","decl":{"start":{"line":802,"column":95},"end":{"line":802,"column":96}},"loc":{"start":{"line":802,"column":100},"end":{"line":802,"column":107}}},"41":{"name":"(anonymous_41)","decl":{"start":{"line":807,"column":41},"end":{"line":807,"column":44}},"loc":{"start":{"line":807,"column":47},"end":{"line":807,"column":130}}},"42":{"name":"(anonymous_42)","decl":{"start":{"line":807,"column":106},"end":{"line":807,"column":107}},"loc":{"start":{"line":807,"column":111},"end":{"line":807,"column":118}}},"43":{"name":"(anonymous_43)","decl":{"start":{"line":812,"column":41},"end":{"line":812,"column":44}},"loc":{"start":{"line":812,"column":47},"end":{"line":812,"column":150}}},"44":{"name":"(anonymous_44)","decl":{"start":{"line":812,"column":95},"end":{"line":812,"column":96}},"loc":{"start":{"line":812,"column":100},"end":{"line":812,"column":107}}},"45":{"name":"(anonymous_45)","decl":{"start":{"line":828,"column":59},"end":{"line":828,"column":62}},"loc":{"start":{"line":828,"column":64},"end":{"line":828,"column":103}}},"46":{"name":"(anonymous_46)","decl":{"start":{"line":829,"column":60},"end":{"line":829,"column":63}},"loc":{"start":{"line":829,"column":66},"end":{"line":829,"column":87}}},"47":{"name":"(anonymous_47)","decl":{"start":{"line":830,"column":96},"end":{"line":830,"column":99}},"loc":{"start":{"line":830,"column":102},"end":{"line":830,"column":123}}},"48":{"name":"(anonymous_48)","decl":{"start":{"line":831,"column":28},"end":{"line":831,"column":29}},"loc":{"start":{"line":831,"column":50},"end":{"line":844,"column":23}}},"49":{"name":"(anonymous_49)","decl":{"start":{"line":860,"column":41},"end":{"line":860,"column":44}},"loc":{"start":{"line":860,"column":47},"end":{"line":860,"column":77}}},"50":{"name":"(anonymous_50)","decl":{"start":{"line":902,"column":39},"end":{"line":902,"column":42}},"loc":{"start":{"line":902,"column":45},"end":{"line":902,"column":75}}},"51":{"name":"(anonymous_51)","decl":{"start":{"line":969,"column":31},"end":{"line":969,"column":34}},"loc":{"start":{"line":969,"column":37},"end":{"line":969,"column":61}}},"52":{"name":"(anonymous_52)","decl":{"start":{"line":977,"column":31},"end":{"line":977,"column":34}},"loc":{"start":{"line":977,"column":37},"end":{"line":977,"column":62}}},"53":{"name":"(anonymous_53)","decl":{"start":{"line":989,"column":34},"end":{"line":989,"column":35}},"loc":{"start":{"line":989,"column":39},"end":{"line":989,"column":112}}},"54":{"name":"(anonymous_54)","decl":{"start":{"line":989,"column":118},"end":{"line":989,"column":122}},"loc":{"start":{"line":990,"column":14},"end":{"line":990,"column":null}}},"55":{"name":"(anonymous_55)","decl":{"start":{"line":1008,"column":37},"end":{"line":1008,"column":38}},"loc":{"start":{"line":1009,"column":20},"end":{"line":1009,"column":32}}}},"branchMap":{"0":{"loc":{"start":{"line":139,"column":2},"end":{"line":147,"column":3}},"type":"switch","locations":[{"start":{"line":140,"column":4},"end":{"line":140,"column":90}},{"start":{"line":141,"column":4},"end":{"line":141,"column":96}},{"start":{"line":142,"column":4},"end":{"line":142,"column":89}},{"start":{"line":143,"column":4},"end":{"line":143,"column":87}},{"start":{"line":144,"column":4},"end":{"line":144,"column":92}},{"start":{"line":145,"column":4},"end":{"line":145,"column":81}},{"start":{"line":146,"column":4},"end":{"line":146,"column":24}}]},"1":{"loc":{"start":{"line":151,"column":2},"end":{"line":151,"column":32}},"type":"if","locations":[{"start":{"line":151,"column":2},"end":{"line":151,"column":32}},{"start":{},"end":{}}]},"2":{"loc":{"start":{"line":152,"column":2},"end":{"line":152,"column":32}},"type":"if","locations":[{"start":{"line":152,"column":2},"end":{"line":152,"column":32}},{"start":{},"end":{}}]},"3":{"loc":{"start":{"line":168,"column":32},"end":{"line":168,"column":43}},"type":"default-arg","locations":[{"start":{"line":168,"column":41},"end":{"line":168,"column":43}}]},"4":{"loc":{"start":{"line":168,"column":57},"end":{"line":168,"column":74}},"type":"default-arg","locations":[{"start":{"line":168,"column":65},"end":{"line":168,"column":74}}]},"5":{"loc":{"start":{"line":175,"column":4},"end":{"line":175,"column":20}},"type":"if","locations":[{"start":{"line":175,"column":4},"end":{"line":175,"column":20}},{"start":{},"end":{}}]},"6":{"loc":{"start":{"line":178,"column":8},"end":{"line":194,"column":9}},"type":"if","locations":[{"start":{"line":178,"column":8},"end":{"line":194,"column":9}},{"start":{},"end":{}}]},"7":{"loc":{"start":{"line":178,"column":12},"end":{"line":178,"column":52}},"type":"binary-expr","locations":[{"start":{"line":178,"column":12},"end":{"line":178,"column":32}},{"start":{"line":178,"column":36},"end":{"line":178,"column":52}}]},"8":{"loc":{"start":{"line":187,"column":12},"end":{"line":192,"column":13}},"type":"if","locations":[{"start":{"line":187,"column":12},"end":{"line":192,"column":13}},{"start":{"line":190,"column":19},"end":{"line":192,"column":13}}]},"9":{"loc":{"start":{"line":210,"column":7},"end":{"line":210,"column":93}},"type":"binary-expr","locations":[{"start":{"line":210,"column":7},"end":{"line":210,"column":10}},{"start":{"line":210,"column":14},"end":{"line":210,"column":93}}]},"10":{"loc":{"start":{"line":282,"column":5},"end":{"line":282,"column":35}},"type":"cond-expr","locations":[{"start":{"line":282,"column":30},"end":{"line":282,"column":34}},{"start":{"line":282,"column":34},"end":{"line":282,"column":35}}]},"11":{"loc":{"start":{"line":282,"column":5},"end":{"line":282,"column":34}},"type":"binary-expr","locations":[{"start":{"line":282,"column":5},"end":{"line":282,"column":34}},{"start":{"line":282,"column":30},"end":{"line":282,"column":34}}]},"12":{"loc":{"start":{"line":282,"column":5},"end":{"line":282,"column":30}},"type":"cond-expr","locations":[{"start":{"line":282,"column":10},"end":{"line":282,"column":12}},{"start":{"line":282,"column":5},"end":{"line":282,"column":30}}]},"13":{"loc":{"start":{"line":282,"column":5},"end":{"line":282,"column":12}},"type":"binary-expr","locations":[{"start":{"line":282,"column":5},"end":{"line":282,"column":12}},{"start":{"line":282,"column":5},"end":{"line":282,"column":12}}]},"14":{"loc":{"start":{"line":283,"column":4},"end":{"line":283,"column":76}},"type":"cond-expr","locations":[{"start":{"line":283,"column":12},"end":{"line":283,"column":55}},{"start":{"line":283,"column":58},"end":{"line":283,"column":76}}]},"15":{"loc":{"start":{"line":284,"column":5},"end":{"line":284,"column":27}},"type":"cond-expr","locations":[{"start":{"line":284,"column":22},"end":{"line":284,"column":26}},{"start":{"line":284,"column":26},"end":{"line":284,"column":27}}]},"16":{"loc":{"start":{"line":284,"column":5},"end":{"line":284,"column":26}},"type":"binary-expr","locations":[{"start":{"line":284,"column":5},"end":{"line":284,"column":26}},{"start":{"line":284,"column":22},"end":{"line":284,"column":26}}]},"17":{"loc":{"start":{"line":284,"column":5},"end":{"line":284,"column":22}},"type":"cond-expr","locations":[{"start":{"line":284,"column":10},"end":{"line":284,"column":12}},{"start":{"line":284,"column":5},"end":{"line":284,"column":22}}]},"18":{"loc":{"start":{"line":284,"column":5},"end":{"line":284,"column":12}},"type":"binary-expr","locations":[{"start":{"line":284,"column":5},"end":{"line":284,"column":12}},{"start":{"line":284,"column":5},"end":{"line":284,"column":12}}]},"19":{"loc":{"start":{"line":290,"column":4},"end":{"line":293,"column":5}},"type":"if","locations":[{"start":{"line":290,"column":4},"end":{"line":293,"column":5}},{"start":{},"end":{}}]},"20":{"loc":{"start":{"line":290,"column":8},"end":{"line":290,"column":41}},"type":"binary-expr","locations":[{"start":{"line":290,"column":8},"end":{"line":290,"column":21}},{"start":{"line":290,"column":25},"end":{"line":290,"column":41}}]},"21":{"loc":{"start":{"line":302,"column":24},"end":{"line":302,"column":64}},"type":"cond-expr","locations":[{"start":{"line":302,"column":55},"end":{"line":302,"column":60}},{"start":{"line":302,"column":63},"end":{"line":302,"column":64}}]},"22":{"loc":{"start":{"line":312,"column":6},"end":{"line":312,"column":71}},"type":"if","locations":[{"start":{"line":312,"column":6},"end":{"line":312,"column":71}},{"start":{},"end":{}}]},"23":{"loc":{"start":{"line":312,"column":35},"end":{"line":312,"column":69}},"type":"binary-expr","locations":[{"start":{"line":312,"column":35},"end":{"line":312,"column":45}},{"start":{"line":312,"column":49},"end":{"line":312,"column":69}}]},"24":{"loc":{"start":{"line":315,"column":15},"end":{"line":315,"column":93}},"type":"cond-expr","locations":[{"start":{"line":315,"column":38},"end":{"line":315,"column":49}},{"start":{"line":315,"column":52},"end":{"line":315,"column":93}}]},"25":{"loc":{"start":{"line":323,"column":20},"end":{"line":323,"column":67}},"type":"cond-expr","locations":[{"start":{"line":323,"column":29},"end":{"line":323,"column":61}},{"start":{"line":323,"column":64},"end":{"line":323,"column":67}}]},"26":{"loc":{"start":{"line":428,"column":36},"end":{"line":428,"column":66}},"type":"cond-expr","locations":[{"start":{"line":428,"column":61},"end":{"line":428,"column":65}},{"start":{"line":428,"column":65},"end":{"line":428,"column":66}}]},"27":{"loc":{"start":{"line":428,"column":36},"end":{"line":428,"column":65}},"type":"binary-expr","locations":[{"start":{"line":428,"column":36},"end":{"line":428,"column":65}},{"start":{"line":428,"column":61},"end":{"line":428,"column":65}}]},"28":{"loc":{"start":{"line":428,"column":36},"end":{"line":428,"column":61}},"type":"cond-expr","locations":[{"start":{"line":428,"column":41},"end":{"line":428,"column":43}},{"start":{"line":428,"column":36},"end":{"line":428,"column":61}}]},"29":{"loc":{"start":{"line":428,"column":36},"end":{"line":428,"column":43}},"type":"binary-expr","locations":[{"start":{"line":428,"column":36},"end":{"line":428,"column":43}},{"start":{"line":428,"column":36},"end":{"line":428,"column":43}}]},"30":{"loc":{"start":{"line":429,"column":36},"end":{"line":429,"column":58}},"type":"cond-expr","locations":[{"start":{"line":429,"column":53},"end":{"line":429,"column":57}},{"start":{"line":429,"column":57},"end":{"line":429,"column":58}}]},"31":{"loc":{"start":{"line":429,"column":36},"end":{"line":429,"column":57}},"type":"binary-expr","locations":[{"start":{"line":429,"column":36},"end":{"line":429,"column":57}},{"start":{"line":429,"column":53},"end":{"line":429,"column":57}}]},"32":{"loc":{"start":{"line":429,"column":36},"end":{"line":429,"column":53}},"type":"cond-expr","locations":[{"start":{"line":429,"column":41},"end":{"line":429,"column":43}},{"start":{"line":429,"column":36},"end":{"line":429,"column":53}}]},"33":{"loc":{"start":{"line":429,"column":36},"end":{"line":429,"column":43}},"type":"binary-expr","locations":[{"start":{"line":429,"column":36},"end":{"line":429,"column":43}},{"start":{"line":429,"column":36},"end":{"line":429,"column":43}}]},"34":{"loc":{"start":{"line":430,"column":36},"end":{"line":430,"column":58}},"type":"cond-expr","locations":[{"start":{"line":430,"column":53},"end":{"line":430,"column":57}},{"start":{"line":430,"column":57},"end":{"line":430,"column":58}}]},"35":{"loc":{"start":{"line":430,"column":36},"end":{"line":430,"column":57}},"type":"binary-expr","locations":[{"start":{"line":430,"column":36},"end":{"line":430,"column":57}},{"start":{"line":430,"column":53},"end":{"line":430,"column":57}}]},"36":{"loc":{"start":{"line":430,"column":36},"end":{"line":430,"column":53}},"type":"cond-expr","locations":[{"start":{"line":430,"column":41},"end":{"line":430,"column":43}},{"start":{"line":430,"column":36},"end":{"line":430,"column":53}}]},"37":{"loc":{"start":{"line":430,"column":36},"end":{"line":430,"column":43}},"type":"binary-expr","locations":[{"start":{"line":430,"column":36},"end":{"line":430,"column":43}},{"start":{"line":430,"column":36},"end":{"line":430,"column":43}}]},"38":{"loc":{"start":{"line":518,"column":37},"end":{"line":518,"column":105}},"type":"cond-expr","locations":[{"start":{"line":518,"column":46},"end":{"line":518,"column":69}},{"start":{"line":518,"column":72},"end":{"line":518,"column":105}}]},"39":{"loc":{"start":{"line":519,"column":37},"end":{"line":519,"column":75}},"type":"cond-expr","locations":[{"start":{"line":519,"column":46},"end":{"line":519,"column":66}},{"start":{"line":519,"column":69},"end":{"line":519,"column":75}}]},"40":{"loc":{"start":{"line":524,"column":36},"end":{"line":524,"column":75}},"type":"cond-expr","locations":[{"start":{"line":524,"column":45},"end":{"line":524,"column":49}},{"start":{"line":524,"column":52},"end":{"line":524,"column":75}}]},"41":{"loc":{"start":{"line":526,"column":31},"end":{"line":526,"column":72}},"type":"cond-expr","locations":[{"start":{"line":526,"column":40},"end":{"line":526,"column":47}},{"start":{"line":526,"column":50},"end":{"line":526,"column":72}}]},"42":{"loc":{"start":{"line":527,"column":35},"end":{"line":527,"column":71}},"type":"cond-expr","locations":[{"start":{"line":527,"column":44},"end":{"line":527,"column":62}},{"start":{"line":527,"column":65},"end":{"line":527,"column":71}}]},"43":{"loc":{"start":{"line":545,"column":53},"end":{"line":545,"column":113}},"type":"cond-expr","locations":[{"start":{"line":545,"column":66},"end":{"line":545,"column":87}},{"start":{"line":545,"column":90},"end":{"line":545,"column":113}}]},"44":{"loc":{"start":{"line":550,"column":34},"end":{"line":550,"column":94}},"type":"cond-expr","locations":[{"start":{"line":550,"column":47},"end":{"line":550,"column":68}},{"start":{"line":550,"column":71},"end":{"line":550,"column":94}}]},"45":{"loc":{"start":{"line":552,"column":29},"end":{"line":552,"column":76}},"type":"cond-expr","locations":[{"start":{"line":552,"column":42},"end":{"line":552,"column":51}},{"start":{"line":552,"column":54},"end":{"line":552,"column":76}}]},"46":{"loc":{"start":{"line":569,"column":34},"end":{"line":569,"column":96}},"type":"if","locations":[{"start":{"line":569,"column":34},"end":{"line":569,"column":96}},{"start":{},"end":{}}]},"47":{"loc":{"start":{"line":569,"column":38},"end":{"line":569,"column":83}},"type":"binary-expr","locations":[{"start":{"line":569,"column":38},"end":{"line":569,"column":55}},{"start":{"line":569,"column":60},"end":{"line":569,"column":69}},{"start":{"line":569,"column":73},"end":{"line":569,"column":82}}]},"48":{"loc":{"start":{"line":589,"column":58},"end":{"line":589,"column":124}},"type":"cond-expr","locations":[{"start":{"line":589,"column":77},"end":{"line":589,"column":98}},{"start":{"line":589,"column":101},"end":{"line":589,"column":124}}]},"49":{"loc":{"start":{"line":596,"column":13},"end":{"line":600,"column":null}},"type":"binary-expr","locations":[{"start":{"line":596,"column":13},"end":{"line":596,"column":18}},{"start":{"line":597,"column":14},"end":{"line":599,"column":null}}]},"50":{"loc":{"start":{"line":606,"column":24},"end":{"line":606,"column":51}},"type":"binary-expr","locations":[{"start":{"line":606,"column":24},"end":{"line":606,"column":31}},{"start":{"line":606,"column":35},"end":{"line":606,"column":51}}]},"51":{"loc":{"start":{"line":612,"column":28},"end":{"line":614,"column":61}},"type":"cond-expr","locations":[{"start":{"line":613,"column":20},"end":{"line":613,"column":43}},{"start":{"line":614,"column":20},"end":{"line":614,"column":61}}]},"52":{"loc":{"start":{"line":612,"column":28},"end":{"line":612,"column":55}},"type":"binary-expr","locations":[{"start":{"line":612,"column":28},"end":{"line":612,"column":35}},{"start":{"line":612,"column":39},"end":{"line":612,"column":55}}]},"53":{"loc":{"start":{"line":615,"column":23},"end":{"line":615,"column":87}},"type":"cond-expr","locations":[{"start":{"line":615,"column":53},"end":{"line":615,"column":75}},{"start":{"line":615,"column":78},"end":{"line":615,"column":87}}]},"54":{"loc":{"start":{"line":615,"column":23},"end":{"line":615,"column":50}},"type":"binary-expr","locations":[{"start":{"line":615,"column":23},"end":{"line":615,"column":30}},{"start":{"line":615,"column":34},"end":{"line":615,"column":50}}]},"55":{"loc":{"start":{"line":621,"column":24},"end":{"line":621,"column":79}},"type":"cond-expr","locations":[{"start":{"line":621,"column":54},"end":{"line":621,"column":67}},{"start":{"line":621,"column":70},"end":{"line":621,"column":79}}]},"56":{"loc":{"start":{"line":621,"column":24},"end":{"line":621,"column":51}},"type":"binary-expr","locations":[{"start":{"line":621,"column":24},"end":{"line":621,"column":31}},{"start":{"line":621,"column":35},"end":{"line":621,"column":51}}]},"57":{"loc":{"start":{"line":629,"column":15},"end":{"line":637,"column":null}},"type":"cond-expr","locations":[{"start":{"line":630,"column":16},"end":{"line":632,"column":null}},{"start":{"line":634,"column":18},"end":{"line":637,"column":null}}]},"58":{"loc":{"start":{"line":634,"column":18},"end":{"line":637,"column":null}},"type":"cond-expr","locations":[{"start":{"line":635,"column":16},"end":{"line":635,"column":46}},{"start":{"line":637,"column":16},"end":{"line":637,"column":69}}]},"59":{"loc":{"start":{"line":642,"column":13},"end":{"line":910,"column":null}},"type":"binary-expr","locations":[{"start":{"line":642,"column":13},"end":{"line":642,"column":19}},{"start":{"line":642,"column":23},"end":{"line":642,"column":31}},{"start":{"line":643,"column":14},"end":{"line":909,"column":null}}]},"60":{"loc":{"start":{"line":646,"column":17},"end":{"line":650,"column":null}},"type":"binary-expr","locations":[{"start":{"line":646,"column":17},"end":{"line":646,"column":32}},{"start":{"line":647,"column":18},"end":{"line":649,"column":null}}]},"61":{"loc":{"start":{"line":655,"column":33},"end":{"line":655,"column":78}},"type":"cond-expr","locations":[{"start":{"line":655,"column":64},"end":{"line":655,"column":73}},{"start":{"line":655,"column":76},"end":{"line":655,"column":78}}]},"62":{"loc":{"start":{"line":656,"column":54},"end":{"line":656,"column":122}},"type":"cond-expr","locations":[{"start":{"line":656,"column":74},"end":{"line":656,"column":96}},{"start":{"line":656,"column":99},"end":{"line":656,"column":122}}]},"63":{"loc":{"start":{"line":661,"column":37},"end":{"line":661,"column":105}},"type":"cond-expr","locations":[{"start":{"line":661,"column":57},"end":{"line":661,"column":79}},{"start":{"line":661,"column":82},"end":{"line":661,"column":105}}]},"64":{"loc":{"start":{"line":663,"column":32},"end":{"line":663,"column":86}},"type":"cond-expr","locations":[{"start":{"line":663,"column":52},"end":{"line":663,"column":61}},{"start":{"line":663,"column":64},"end":{"line":663,"column":86}}]},"65":{"loc":{"start":{"line":667,"column":24},"end":{"line":667,"column":123}},"type":"cond-expr","locations":[{"start":{"line":667,"column":41},"end":{"line":667,"column":65}},{"start":{"line":667,"column":68},"end":{"line":667,"column":123}}]},"66":{"loc":{"start":{"line":667,"column":68},"end":{"line":667,"column":123}},"type":"cond-expr","locations":[{"start":{"line":667,"column":86},"end":{"line":667,"column":103}},{"start":{"line":667,"column":106},"end":{"line":667,"column":123}}]},"67":{"loc":{"start":{"line":674,"column":17},"end":{"line":846,"column":null}},"type":"binary-expr","locations":[{"start":{"line":674,"column":17},"end":{"line":674,"column":37}},{"start":{"line":675,"column":18},"end":{"line":845,"column":null}}]},"68":{"loc":{"start":{"line":684,"column":23},"end":{"line":685,"column":null}},"type":"binary-expr","locations":[{"start":{"line":684,"column":23},"end":{"line":684,"column":38}},{"start":{"line":685,"column":24},"end":{"line":685,"column":148}}]},"69":{"loc":{"start":{"line":737,"column":27},"end":{"line":738,"column":111}},"type":"cond-expr","locations":[{"start":{"line":737,"column":58},"end":{"line":737,"column":87}},{"start":{"line":738,"column":28},"end":{"line":738,"column":111}}]},"70":{"loc":{"start":{"line":738,"column":28},"end":{"line":738,"column":111}},"type":"cond-expr","locations":[{"start":{"line":738,"column":59},"end":{"line":738,"column":83}},{"start":{"line":738,"column":86},"end":{"line":738,"column":111}}]},"71":{"loc":{"start":{"line":766,"column":25},"end":{"line":766,"column":57}},"type":"cond-expr","locations":[{"start":{"line":766,"column":34},"end":{"line":766,"column":44}},{"start":{"line":766,"column":47},"end":{"line":766,"column":57}}]},"72":{"loc":{"start":{"line":778,"column":44},"end":{"line":778,"column":114}},"type":"cond-expr","locations":[{"start":{"line":778,"column":67},"end":{"line":778,"column":90}},{"start":{"line":778,"column":93},"end":{"line":778,"column":114}}]},"73":{"loc":{"start":{"line":792,"column":36},"end":{"line":792,"column":159}},"type":"binary-expr","locations":[{"start":{"line":792,"column":36},"end":{"line":792,"column":66}},{"start":{"line":792,"column":70},"end":{"line":792,"column":159}}]},"74":{"loc":{"start":{"line":815,"column":40},"end":{"line":815,"column":96}},"type":"cond-expr","locations":[{"start":{"line":815,"column":49},"end":{"line":815,"column":71}},{"start":{"line":815,"column":74},"end":{"line":815,"column":96}}]},"75":{"loc":{"start":{"line":816,"column":36},"end":{"line":816,"column":110}},"type":"cond-expr","locations":[{"start":{"line":816,"column":45},"end":{"line":816,"column":76}},{"start":{"line":816,"column":79},"end":{"line":816,"column":110}}]},"76":{"loc":{"start":{"line":819,"column":27},"end":{"line":819,"column":62}},"type":"cond-expr","locations":[{"start":{"line":819,"column":36},"end":{"line":819,"column":47}},{"start":{"line":819,"column":50},"end":{"line":819,"column":62}}]},"77":{"loc":{"start":{"line":830,"column":28},"end":{"line":830,"column":131}},"type":"cond-expr","locations":[{"start":{"line":830,"column":59},"end":{"line":830,"column":126}},{"start":{"line":830,"column":129},"end":{"line":830,"column":131}}]},"78":{"loc":{"start":{"line":832,"column":42},"end":{"line":832,"column":136}},"type":"cond-expr","locations":[{"start":{"line":832,"column":68},"end":{"line":832,"column":100}},{"start":{"line":832,"column":103},"end":{"line":832,"column":136}}]},"79":{"loc":{"start":{"line":837,"column":40},"end":{"line":837,"column":113}},"type":"cond-expr","locations":[{"start":{"line":837,"column":66},"end":{"line":837,"column":87}},{"start":{"line":837,"column":90},"end":{"line":837,"column":113}}]},"80":{"loc":{"start":{"line":839,"column":35},"end":{"line":839,"column":96}},"type":"cond-expr","locations":[{"start":{"line":839,"column":61},"end":{"line":839,"column":70}},{"start":{"line":839,"column":73},"end":{"line":839,"column":96}}]},"81":{"loc":{"start":{"line":850,"column":17},"end":{"line":882,"column":null}},"type":"binary-expr","locations":[{"start":{"line":850,"column":17},"end":{"line":850,"column":38}},{"start":{"line":850,"column":42},"end":{"line":850,"column":60}},{"start":{"line":851,"column":18},"end":{"line":881,"column":null}}]},"82":{"loc":{"start":{"line":860,"column":52},"end":{"line":860,"column":76}},"type":"binary-expr","locations":[{"start":{"line":860,"column":52},"end":{"line":860,"column":70}},{"start":{"line":860,"column":74},"end":{"line":860,"column":76}}]},"83":{"loc":{"start":{"line":863,"column":27},"end":{"line":863,"column":64}},"type":"cond-expr","locations":[{"start":{"line":863,"column":36},"end":{"line":863,"column":46}},{"start":{"line":863,"column":49},"end":{"line":863,"column":64}}]},"84":{"loc":{"start":{"line":886,"column":17},"end":{"line":908,"column":null}},"type":"binary-expr","locations":[{"start":{"line":886,"column":17},"end":{"line":886,"column":38}},{"start":{"line":886,"column":42},"end":{"line":886,"column":60}},{"start":{"line":887,"column":18},"end":{"line":907,"column":null}}]},"85":{"loc":{"start":{"line":902,"column":50},"end":{"line":902,"column":74}},"type":"binary-expr","locations":[{"start":{"line":902,"column":50},"end":{"line":902,"column":68}},{"start":{"line":902,"column":72},"end":{"line":902,"column":74}}]},"86":{"loc":{"start":{"line":905,"column":25},"end":{"line":905,"column":62}},"type":"cond-expr","locations":[{"start":{"line":905,"column":34},"end":{"line":905,"column":44}},{"start":{"line":905,"column":47},"end":{"line":905,"column":62}}]},"87":{"loc":{"start":{"line":972,"column":30},"end":{"line":972,"column":95}},"type":"cond-expr","locations":[{"start":{"line":972,"column":57},"end":{"line":972,"column":79}},{"start":{"line":972,"column":82},"end":{"line":972,"column":95}}]},"88":{"loc":{"start":{"line":973,"column":25},"end":{"line":973,"column":86}},"type":"cond-expr","locations":[{"start":{"line":973,"column":52},"end":{"line":973,"column":61}},{"start":{"line":973,"column":64},"end":{"line":973,"column":86}}]},"89":{"loc":{"start":{"line":980,"column":30},"end":{"line":980,"column":95}},"type":"cond-expr","locations":[{"start":{"line":980,"column":58},"end":{"line":980,"column":79}},{"start":{"line":980,"column":82},"end":{"line":980,"column":95}}]},"90":{"loc":{"start":{"line":981,"column":25},"end":{"line":981,"column":87}},"type":"cond-expr","locations":[{"start":{"line":981,"column":53},"end":{"line":981,"column":62}},{"start":{"line":981,"column":65},"end":{"line":981,"column":87}}]},"91":{"loc":{"start":{"line":989,"column":39},"end":{"line":989,"column":112}},"type":"cond-expr","locations":[{"start":{"line":989,"column":67},"end":{"line":989,"column":88}},{"start":{"line":989,"column":91},"end":{"line":989,"column":112}}]},"92":{"loc":{"start":{"line":991,"column":120},"end":{"line":991,"column":195}},"type":"cond-expr","locations":[{"start":{"line":991,"column":136},"end":{"line":991,"column":190}},{"start":{"line":991,"column":193},"end":{"line":991,"column":195}}]},"93":{"loc":{"start":{"line":992,"column":17},"end":{"line":995,"column":null}},"type":"binary-expr","locations":[{"start":{"line":992,"column":17},"end":{"line":992,"column":35}},{"start":{"line":993,"column":18},"end":{"line":994,"column":null}}]},"94":{"loc":{"start":{"line":1001,"column":19},"end":{"line":1002,"column":null}},"type":"binary-expr","locations":[{"start":{"line":1001,"column":19},"end":{"line":1001,"column":30}},{"start":{"line":1002,"column":20},"end":{"line":1002,"column":81}}]},"95":{"loc":{"start":{"line":1019,"column":17},"end":{"line":1022,"column":null}},"type":"binary-expr","locations":[{"start":{"line":1019,"column":17},"end":{"line":1019,"column":41}},{"start":{"line":1020,"column":18},"end":{"line":1021,"column":null}}]},"96":{"loc":{"start":{"line":1026,"column":26},"end":{"line":1026,"column":77}},"type":"cond-expr","locations":[{"start":{"line":1026,"column":57},"end":{"line":1026,"column":65}},{"start":{"line":1026,"column":68},"end":{"line":1026,"column":77}}]},"97":{"loc":{"start":{"line":1027,"column":23},"end":{"line":1027,"column":87}},"type":"cond-expr","locations":[{"start":{"line":1027,"column":54},"end":{"line":1027,"column":75}},{"start":{"line":1027,"column":78},"end":{"line":1027,"column":87}}]},"98":{"loc":{"start":{"line":1028,"column":29},"end":{"line":1028,"column":119}},"type":"cond-expr","locations":[{"start":{"line":1028,"column":45},"end":{"line":1028,"column":80}},{"start":{"line":1028,"column":83},"end":{"line":1028,"column":119}}]}},"s":{"0":0,"1":0,"2":0,"3":0,"4":0,"5":0,"6":0,"7":0,"8":0,"9":0,"10":0,"11":0,"12":0,"13":0,"14":0,"15":0,"16":0,"17":0,"18":0,"19":0,"20":0,"21":0,"22":0,"23":0,"24":0,"25":0,"26":0,"27":0,"28":0,"29":0,"30":0,"31":0,"32":0,"33":0,"34":0,"35":0,"36":0,"37":0,"38":0,"39":0,"40":0,"41":0,"42":0,"43":0,"44":0,"45":0,"46":0,"47":0,"48":0,"49":0,"50":0,"51":0,"52":0,"53":0,"54":0,"55":0,"56":0,"57":0,"58":0,"59":0,"60":0,"61":0,"62":0,"63":0,"64":0,"65":0,"66":0,"67":0,"68":0,"69":0,"70":0,"71":0,"72":0,"73":0,"74":0,"75":0,"76":0,"77":0,"78":0,"79":0,"80":0,"81":0,"82":0,"83":0,"84":0,"85":0,"86":0,"87":0,"88":0,"89":0,"90":0,"91":0,"92":0,"93":0,"94":0,"95":0,"96":0,"97":0,"98":0,"99":0,"100":0,"101":0,"102":0,"103":0,"104":0,"105":0,"106":0,"107":0,"108":0,"109":0,"110":0,"111":0,"112":0,"113":0,"114":0,"115":0,"116":0,"117":0,"118":0,"119":0,"120":0,"121":0,"122":0,"123":0,"124":0,"125":0,"126":0,"127":0,"128":0,"129":0,"130":0,"131":0,"132":0,"133":0,"134":0,"135":0,"136":0,"137":0,"138":0,"139":0,"140":0,"141":0,"142":0,"143":0,"144":0},"f":{"0":0,"1":0,"2":0,"3":0,"4":0,"5":0,"6":0,"7":0,"8":0,"9":0,"10":0,"11":0,"12":0,"13":0,"14":0,"15":0,"16":0,"17":0,"18":0,"19":0,"20":0,"21":0,"22":0,"23":0,"24":0,"25":0,"26":0,"27":0,"28":0,"29":0,"30":0,"31":0,"32":0,"33":0,"34":0,"35":0,"36":0,"37":0,"38":0,"39":0,"40":0,"41":0,"42":0,"43":0,"44":0,"45":0,"46":0,"47":0,"48":0,"49":0,"50":0,"51":0,"52":0,"53":0,"54":0,"55":0},"b":{"0":[0,0,0,0,0,0,0],"1":[0,0],"2":[0,0],"3":[0],"4":[0],"5":[0,0],"6":[0,0],"7":[0,0],"8":[0,0],"9":[0,0],"10":[0,0],"11":[0,0],"12":[0,0],"13":[0,0],"14":[0,0],"15":[0,0],"16":[0,0],"17":[0,0],"18":[0,0],"19":[0,0],"20":[0,0],"21":[0,0],"22":[0,0],"23":[0,0],"24":[0,0],"25":[0,0],"26":[0,0],"27":[0,0],"28":[0,0],"29":[0,0],"30":[0,0],"31":[0,0],"32":[0,0],"33":[0,0],"34":[0,0],"35":[0,0],"36":[0,0],"37":[0,0],"38":[0,0],"39":[0,0],"40":[0,0],"41":[0,0],"42":[0,0],"43":[0,0],"44":[0,0],"45":[0,0],"46":[0,0],"47":[0,0,0],"48":[0,0],"49":[0,0],"50":[0,0],"51":[0,0],"52":[0,0],"53":[0,0],"54":[0,0],"55":[0,0],"56":[0,0],"57":[0,0],"58":[0,0],"59":[0,0,0],"60":[0,0],"61":[0,0],"62":[0,0],"63":[0,0],"64":[0,0],"65":[0,0],"66":[0,0],"67":[0,0],"68":[0,0],"69":[0,0],"70":[0,0],"71":[0,0],"72":[0,0],"73":[0,0],"74":[0,0],"75":[0,0],"76":[0,0],"77":[0,0],"78":[0,0],"79":[0,0],"80":[0,0],"81":[0,0,0],"82":[0,0],"83":[0,0],"84":[0,0,0],"85":[0,0],"86":[0,0],"87":[0,0],"88":[0,0],"89":[0,0],"90":[0,0],"91":[0,0],"92":[0,0],"93":[0,0],"94":[0,0],"95":[0,0],"96":[0,0],"97":[0,0],"98":[0,0]}}
,"C:\\Users\\Elmahrosa-Teos\\repos\\teos-ai-engine\\app\\(auth)\\signup\\page.tsx": {"path":"C:\\Users\\Elmahrosa-Teos\\repos\\teos-ai-engine\\app\\(auth)\\signup\\page.tsx","statementMap":{"0":{"start":{"line":10,"column":51},"end":{"line":29,"column":2}},"1":{"start":{"line":32,"column":16},"end":{"line":32,"column":27}},"2":{"start":{"line":33,"column":28},"end":{"line":33,"column":40}},"3":{"start":{"line":34,"column":26},"end":{"line":34,"column":38}},"4":{"start":{"line":35,"column":34},"end":{"line":35,"column":46}},"5":{"start":{"line":36,"column":32},"end":{"line":36,"column":47}},"6":{"start":{"line":37,"column":28},"end":{"line":37,"column":40}},"7":{"start":{"line":38,"column":36},"end":{"line":38,"column":59}},"8":{"start":{"line":40,"column":2},"end":{"line":44,"column":9}},"9":{"start":{"line":41,"column":4},"end":{"line":43,"column":7}},"10":{"start":{"line":42,"column":6},"end":{"line":42,"column":42}},"11":{"start":{"line":42,"column":13},"end":{"line":42,"column":42}},"12":{"start":{"line":47,"column":4},"end":{"line":47,"column":23}},"13":{"start":{"line":48,"column":4},"end":{"line":48,"column":70}},"14":{"start":{"line":48,"column":25},"end":{"line":48,"column":60}},"15":{"start":{"line":48,"column":61},"end":{"line":48,"column":68}},"16":{"start":{"line":49,"column":4},"end":{"line":49,"column":68}},"17":{"start":{"line":49,"column":24},"end":{"line":49,"column":58}},"18":{"start":{"line":49,"column":59},"end":{"line":49,"column":66}},"19":{"start":{"line":50,"column":4},"end":{"line":50,"column":77}},"20":{"start":{"line":50,"column":28},"end":{"line":50,"column":67}},"21":{"start":{"line":50,"column":68},"end":{"line":50,"column":75}},"22":{"start":{"line":51,"column":4},"end":{"line":51,"column":17}},"23":{"start":{"line":52,"column":4},"end":{"line":52,"column":21}},"24":{"start":{"line":54,"column":4},"end":{"line":76,"column":5}},"25":{"start":{"line":55,"column":18},"end":{"line":61,"column":8}},"26":{"start":{"line":63,"column":6},"end":{"line":71,"column":7}},"27":{"start":{"line":64,"column":8},"end":{"line":68,"column":9}},"28":{"start":{"line":65,"column":10},"end":{"line":65,"column":39}},"29":{"start":{"line":67,"column":10},"end":{"line":67,"column":30}},"30":{"start":{"line":69,"column":13},"end":{"line":71,"column":7}},"31":{"start":{"line":70,"column":8},"end":{"line":70,"column":44}},"32":{"start":{"line":73,"column":6},"end":{"line":73,"column":40}},"33":{"start":{"line":75,"column":6},"end":{"line":75,"column":24}},"34":{"start":{"line":79,"column":25},"end":{"line":80,"column":null}},"35":{"start":{"line":80,"column":11},"end":{"line":80,"column":33}},"36":{"start":{"line":83,"column":2},"end":{"line":166,"column":4}},"37":{"start":{"line":98,"column":27},"end":{"line":98,"column":50}},"38":{"start":{"line":107,"column":27},"end":{"line":107,"column":51}},"39":{"start":{"line":116,"column":27},"end":{"line":116,"column":54}},"40":{"start":{"line":145,"column":16},"end":{"line":146,"column":null}},"41":{"start":{"line":147,"column":33},"end":{"line":147,"column":83}}},"fnMap":{"0":{"name":"SignupPage","decl":{"start":{"line":31,"column":24},"end":{"line":31,"column":34}},"loc":{"start":{"line":31,"column":34},"end":{"line":167,"column":1}}},"1":{"name":"(anonymous_1)","decl":{"start":{"line":40,"column":12},"end":{"line":40,"column":15}},"loc":{"start":{"line":40,"column":17},"end":{"line":44,"column":3}}},"2":{"name":"(anonymous_2)","decl":{"start":{"line":41,"column":24},"end":{"line":41,"column":25}},"loc":{"start":{"line":41,"column":30},"end":{"line":43,"column":5}}},"3":{"name":"handleSignup","decl":{"start":{"line":46,"column":17},"end":{"line":46,"column":29}},"loc":{"start":{"line":46,"column":48},"end":{"line":77,"column":3}}},"4":{"name":"(anonymous_4)","decl":{"start":{"line":80,"column":4},"end":{"line":80,"column":5}},"loc":{"start":{"line":80,"column":11},"end":{"line":80,"column":33}}},"5":{"name":"(anonymous_5)","decl":{"start":{"line":98,"column":22},"end":{"line":98,"column":23}},"loc":{"start":{"line":98,"column":27},"end":{"line":98,"column":50}}},"6":{"name":"(anonymous_6)","decl":{"start":{"line":107,"column":22},"end":{"line":107,"column":23}},"loc":{"start":{"line":107,"column":27},"end":{"line":107,"column":51}}},"7":{"name":"(anonymous_7)","decl":{"start":{"line":116,"column":22},"end":{"line":116,"column":23}},"loc":{"start":{"line":116,"column":27},"end":{"line":116,"column":54}}},"8":{"name":"(anonymous_8)","decl":{"start":{"line":144,"column":34},"end":{"line":144,"column":35}},"loc":{"start":{"line":145,"column":16},"end":{"line":146,"column":null}}},"9":{"name":"(anonymous_9)","decl":{"start":{"line":147,"column":27},"end":{"line":147,"column":30}},"loc":{"start":{"line":147,"column":33},"end":{"line":147,"column":83}}}},"branchMap":{"0":{"loc":{"start":{"line":42,"column":6},"end":{"line":42,"column":42}},"type":"if","locations":[{"start":{"line":42,"column":6},"end":{"line":42,"column":42}},{"start":{},"end":{}}]},"1":{"loc":{"start":{"line":48,"column":4},"end":{"line":48,"column":70}},"type":"if","locations":[{"start":{"line":48,"column":4},"end":{"line":48,"column":70}},{"start":{},"end":{}}]},"2":{"loc":{"start":{"line":49,"column":4},"end":{"line":49,"column":68}},"type":"if","locations":[{"start":{"line":49,"column":4},"end":{"line":49,"column":68}},{"start":{},"end":{}}]},"3":{"loc":{"start":{"line":50,"column":4},"end":{"line":50,"column":77}},"type":"if","locations":[{"start":{"line":50,"column":4},"end":{"line":50,"column":77}},{"start":{},"end":{}}]},"4":{"loc":{"start":{"line":63,"column":6},"end":{"line":71,"column":7}},"type":"if","locations":[{"start":{"line":63,"column":6},"end":{"line":71,"column":7}},{"start":{"line":69,"column":13},"end":{"line":71,"column":7}}]},"5":{"loc":{"start":{"line":63,"column":10},"end":{"line":63,"column":20}},"type":"cond-expr","locations":[{"start":{"line":63,"column":13},"end":{"line":63,"column":15}},{"start":{"line":63,"column":10},"end":{"line":63,"column":20}}]},"6":{"loc":{"start":{"line":63,"column":10},"end":{"line":63,"column":15}},"type":"binary-expr","locations":[{"start":{"line":63,"column":10},"end":{"line":63,"column":15}},{"start":{"line":63,"column":10},"end":{"line":63,"column":15}}]},"7":{"loc":{"start":{"line":64,"column":8},"end":{"line":68,"column":9}},"type":"if","locations":[{"start":{"line":64,"column":8},"end":{"line":68,"column":9}},{"start":{"line":66,"column":15},"end":{"line":68,"column":9}}]},"8":{"loc":{"start":{"line":69,"column":13},"end":{"line":71,"column":7}},"type":"if","locations":[{"start":{"line":69,"column":13},"end":{"line":71,"column":7}},{"start":{},"end":{}}]},"9":{"loc":{"start":{"line":69,"column":17},"end":{"line":69,"column":24}},"type":"cond-expr","locations":[{"start":{"line":69,"column":20},"end":{"line":69,"column":22}},{"start":{"line":69,"column":17},"end":{"line":69,"column":24}}]},"10":{"loc":{"start":{"line":69,"column":17},"end":{"line":69,"column":22}},"type":"binary-expr","locations":[{"start":{"line":69,"column":17},"end":{"line":69,"column":22}},{"start":{"line":69,"column":17},"end":{"line":69,"column":22}}]},"11":{"loc":{"start":{"line":124,"column":11},"end":{"line":124,"column":72}},"type":"binary-expr","locations":[{"start":{"line":124,"column":11},"end":{"line":124,"column":16}},{"start":{"line":124,"column":20},"end":{"line":124,"column":72}}]},"12":{"loc":{"start":{"line":128,"column":22},"end":{"line":128,"column":61}},"type":"binary-expr","locations":[{"start":{"line":128,"column":22},"end":{"line":128,"column":29}},{"start":{"line":128,"column":33},"end":{"line":128,"column":39}},{"start":{"line":128,"column":43},"end":{"line":128,"column":48}},{"start":{"line":128,"column":52},"end":{"line":128,"column":61}}]},"13":{"loc":{"start":{"line":131,"column":13},"end":{"line":131,"column":68}},"type":"cond-expr","locations":[{"start":{"line":131,"column":23},"end":{"line":131,"column":43}},{"start":{"line":131,"column":46},"end":{"line":131,"column":68}}]},"14":{"loc":{"start":{"line":135,"column":9},"end":{"line":155,"column":null}},"type":"binary-expr","locations":[{"start":{"line":135,"column":9},"end":{"line":135,"column":34}},{"start":{"line":136,"column":10},"end":{"line":154,"column":null}}]}},"s":{"0":0,"1":0,"2":0,"3":0,"4":0,"5":0,"6":0,"7":0,"8":0,"9":0,"10":0,"11":0,"12":0,"13":0,"14":0,"15":0,"16":0,"17":0,"18":0,"19":0,"20":0,"21":0,"22":0,"23":0,"24":0,"25":0,"26":0,"27":0,"28":0,"29":0,"30":0,"31":0,"32":0,"33":0,"34":0,"35":0,"36":0,"37":0,"38":0,"39":0,"40":0,"41":0},"f":{"0":0,"1":0,"2":0,"3":0,"4":0,"5":0,"6":0,"7":0,"8":0,"9":0},"b":{"0":[0,0],"1":[0,0],"2":[0,0],"3":[0,0],"4":[0,0],"5":[0,0],"6":[0,0],"7":[0,0],"8":[0,0],"9":[0,0],"10":[0,0],"11":[0,0],"12":[0,0,0,0],"13":[0,0],"14":[0,0]}}
,"C:\\Users\\Elmahrosa-Teos\\repos\\teos-ai-engine\\app\\admin\\page.tsx": {"path":"C:\\Users\\Elmahrosa-Teos\\repos\\teos-ai-engine\\app\\admin\\page.tsx","statementMap":{"0":{"start":{"line":9,"column":2},"end":{"line":22,"column":3}},"1":{"start":{"line":10,"column":4},"end":{"line":10,"column":50}},"2":{"start":{"line":12,"column":4},"end":{"line":21,"column":6}},"3":{"start":{"line":24,"column":2},"end":{"line":26,"column":3}},"4":{"start":{"line":25,"column":4},"end":{"line":25,"column":27}},"5":{"start":{"line":28,"column":21},"end":{"line":28,"column":23}},"6":{"start":{"line":29,"column":2},"end":{"line":42,"column":3}},"7":{"start":{"line":30,"column":4},"end":{"line":30,"column":30}},"8":{"start":{"line":32,"column":4},"end":{"line":41,"column":6}},"9":{"start":{"line":44,"column":19},"end":{"line":48,"column":7}},"10":{"start":{"line":45,"column":4},"end":{"line":45,"column":48}},"11":{"start":{"line":45,"column":32},"end":{"line":45,"column":48}},"12":{"start":{"line":46,"column":4},"end":{"line":46,"column":45}},"13":{"start":{"line":46,"column":29},"end":{"line":46,"column":45}},"14":{"start":{"line":47,"column":4},"end":{"line":47,"column":15}},"15":{"start":{"line":50,"column":22},"end":{"line":50,"column":78}},"16":{"start":{"line":50,"column":50},"end":{"line":50,"column":70}},"17":{"start":{"line":51,"column":21},"end":{"line":51,"column":77}},"18":{"start":{"line":51,"column":49},"end":{"line":51,"column":69}},"19":{"start":{"line":53,"column":2},"end":{"line":115,"column":4}},"20":{"start":{"line":70,"column":10},"end":{"line":70,"column":29}},"21":{"start":{"line":92,"column":39},"end":{"line":109,"column":16}}},"fnMap":{"0":{"name":"AdminPage","decl":{"start":{"line":7,"column":30},"end":{"line":7,"column":39}},"loc":{"start":{"line":7,"column":39},"end":{"line":116,"column":1}}},"1":{"name":"(anonymous_1)","decl":{"start":{"line":44,"column":32},"end":{"line":44,"column":33}},"loc":{"start":{"line":44,"column":59},"end":{"line":48,"column":3}}},"2":{"name":"(anonymous_2)","decl":{"start":{"line":50,"column":35},"end":{"line":50,"column":36}},"loc":{"start":{"line":50,"column":50},"end":{"line":50,"column":70}}},"3":{"name":"(anonymous_3)","decl":{"start":{"line":51,"column":34},"end":{"line":51,"column":35}},"loc":{"start":{"line":51,"column":49},"end":{"line":51,"column":69}}},"4":{"name":"(anonymous_4)","decl":{"start":{"line":69,"column":14},"end":{"line":69,"column":15}},"loc":{"start":{"line":70,"column":10},"end":{"line":70,"column":29}}},"5":{"name":"(anonymous_5)","decl":{"start":{"line":92,"column":24},"end":{"line":92,"column":25}},"loc":{"start":{"line":92,"column":38},"end":{"line":109,"column":16}}}},"branchMap":{"0":{"loc":{"start":{"line":24,"column":2},"end":{"line":26,"column":3}},"type":"if","locations":[{"start":{"line":24,"column":2},"end":{"line":26,"column":3}},{"start":{},"end":{}}]},"1":{"loc":{"start":{"line":24,"column":20},"end":{"line":24,"column":40}},"type":"cond-expr","locations":[{"start":{"line":24,"column":33},"end":{"line":24,"column":35}},{"start":{"line":24,"column":33},"end":{"line":24,"column":40}}]},"2":{"loc":{"start":{"line":24,"column":20},"end":{"line":24,"column":35}},"type":"binary-expr","locations":[{"start":{"line":24,"column":20},"end":{"line":24,"column":35}},{"start":{"line":24,"column":33},"end":{"line":24,"column":35}}]},"3":{"loc":{"start":{"line":24,"column":20},"end":{"line":24,"column":33}},"type":"cond-expr","locations":[{"start":{"line":24,"column":27},"end":{"line":24,"column":29}},{"start":{"line":24,"column":20},"end":{"line":24,"column":33}}]},"4":{"loc":{"start":{"line":24,"column":20},"end":{"line":24,"column":29}},"type":"binary-expr","locations":[{"start":{"line":24,"column":20},"end":{"line":24,"column":29}},{"start":{"line":24,"column":20},"end":{"line":24,"column":29}}]},"5":{"loc":{"start":{"line":45,"column":4},"end":{"line":45,"column":48}},"type":"if","locations":[{"start":{"line":45,"column":4},"end":{"line":45,"column":48}},{"start":{},"end":{}}]},"6":{"loc":{"start":{"line":46,"column":4},"end":{"line":46,"column":45}},"type":"if","locations":[{"start":{"line":46,"column":4},"end":{"line":46,"column":45}},{"start":{},"end":{}}]},"7":{"loc":{"start":{"line":89,"column":13},"end":{"line":109,"column":null}},"type":"cond-expr","locations":[{"start":{"line":90,"column":14},"end":{"line":90,"column":98}},{"start":{"line":92,"column":14},"end":{"line":109,"column":16}}]},"8":{"loc":{"start":{"line":95,"column":50},"end":{"line":95,"column":66}},"type":"binary-expr","locations":[{"start":{"line":95,"column":50},"end":{"line":95,"column":59}},{"start":{"line":95,"column":63},"end":{"line":95,"column":66}}]},"9":{"loc":{"start":{"line":100,"column":21},"end":{"line":100,"column":62}},"type":"cond-expr","locations":[{"start":{"line":100,"column":44},"end":{"line":100,"column":51}},{"start":{"line":100,"column":54},"end":{"line":100,"column":62}}]},"10":{"loc":{"start":{"line":103,"column":21},"end":{"line":103,"column":89}},"type":"cond-expr","locations":[{"start":{"line":103,"column":38},"end":{"line":103,"column":83}},{"start":{"line":103,"column":86},"end":{"line":103,"column":89}}]},"11":{"loc":{"start":{"line":106,"column":21},"end":{"line":106,"column":67}},"type":"cond-expr","locations":[{"start":{"line":106,"column":62},"end":{"line":106,"column":66}},{"start":{"line":106,"column":66},"end":{"line":106,"column":67}}]},"12":{"loc":{"start":{"line":106,"column":21},"end":{"line":106,"column":66}},"type":"binary-expr","locations":[{"start":{"line":106,"column":21},"end":{"line":106,"column":66}},{"start":{"line":106,"column":62},"end":{"line":106,"column":66}}]},"13":{"loc":{"start":{"line":106,"column":21},"end":{"line":106,"column":62}},"type":"cond-expr","locations":[{"start":{"line":106,"column":39},"end":{"line":106,"column":43}},{"start":{"line":106,"column":43},"end":{"line":106,"column":62}}]},"14":{"loc":{"start":{"line":106,"column":21},"end":{"line":106,"column":43}},"type":"binary-expr","locations":[{"start":{"line":106,"column":21},"end":{"line":106,"column":43}},{"start":{"line":106,"column":39},"end":{"line":106,"column":43}}]},"15":{"loc":{"start":{"line":106,"column":21},"end":{"line":106,"column":39}},"type":"cond-expr","locations":[{"start":{"line":106,"column":31},"end":{"line":106,"column":33}},{"start":{"line":106,"column":31},"end":{"line":106,"column":39}}]},"16":{"loc":{"start":{"line":106,"column":21},"end":{"line":106,"column":33}},"type":"binary-expr","locations":[{"start":{"line":106,"column":21},"end":{"line":106,"column":33}},{"start":{"line":106,"column":31},"end":{"line":106,"column":33}}]}},"s":{"0":0,"1":0,"2":0,"3":0,"4":0,"5":0,"6":0,"7":0,"8":0,"9":0,"10":0,"11":0,"12":0,"13":0,"14":0,"15":0,"16":0,"17":0,"18":0,"19":0,"20":0,"21":0},"f":{"0":0,"1":0,"2":0,"3":0,"4":0,"5":0},"b":{"0":[0,0],"1":[0,0],"2":[0,0],"3":[0,0],"4":[0,0],"5":[0,0],"6":[0,0],"7":[0,0],"8":[0,0],"9":[0,0],"10":[0,0],"11":[0,0],"12":[0,0],"13":[0,0],"14":[0,0],"15":[0,0],"16":[0,0]}}
,"C:\\Users\\Elmahrosa-Teos\\repos\\teos-ai-engine\\app\\api\\admin\\route.ts": {"path":"C:\\Users\\Elmahrosa-Teos\\repos\\teos-ai-engine\\app\\api\\admin\\route.ts","statementMap":{"0":{"start":{"line":9,"column":2},"end":{"line":29,"column":5}},"1":{"start":{"line":10,"column":20},"end":{"line":10,"column":55}},"2":{"start":{"line":12,"column":4},"end":{"line":14,"column":5}},"3":{"start":{"line":13,"column":6},"end":{"line":13,"column":75}},"4":{"start":{"line":16,"column":18},"end":{"line":16,"column":35}},"5":{"start":{"line":18,"column":24},"end":{"line":18,"column":123}},"6":{"start":{"line":20,"column":18},"end":{"line":26,"column":6}},"7":{"start":{"line":22,"column":31},"end":{"line":22,"column":59}},"8":{"start":{"line":23,"column":34},"end":{"line":23,"column":62}},"9":{"start":{"line":24,"column":33},"end":{"line":24,"column":50}},"10":{"start":{"line":28,"column":4},"end":{"line":28,"column":47}},"11":{"start":{"line":33,"column":2},"end":{"line":52,"column":5}},"12":{"start":{"line":34,"column":20},"end":{"line":34,"column":55}},"13":{"start":{"line":36,"column":4},"end":{"line":38,"column":5}},"14":{"start":{"line":37,"column":6},"end":{"line":37,"column":75}},"15":{"start":{"line":40,"column":36},"end":{"line":40,"column":52}},"16":{"start":{"line":42,"column":4},"end":{"line":44,"column":5}},"17":{"start":{"line":43,"column":6},"end":{"line":43,"column":77}},"18":{"start":{"line":46,"column":20},"end":{"line":48,"column":null}},"19":{"start":{"line":51,"column":4},"end":{"line":51,"column":63}}},"fnMap":{"0":{"name":"GET","decl":{"start":{"line":8,"column":22},"end":{"line":8,"column":25}},"loc":{"start":{"line":8,"column":42},"end":{"line":30,"column":1}}},"1":{"name":"(anonymous_1)","decl":{"start":{"line":9,"column":38},"end":{"line":9,"column":43}},"loc":{"start":{"line":9,"column":49},"end":{"line":29,"column":3}}},"2":{"name":"(anonymous_2)","decl":{"start":{"line":22,"column":24},"end":{"line":22,"column":25}},"loc":{"start":{"line":22,"column":31},"end":{"line":22,"column":59}}},"3":{"name":"(anonymous_3)","decl":{"start":{"line":23,"column":27},"end":{"line":23,"column":28}},"loc":{"start":{"line":23,"column":34},"end":{"line":23,"column":62}}},"4":{"name":"(anonymous_4)","decl":{"start":{"line":24,"column":26},"end":{"line":24,"column":27}},"loc":{"start":{"line":24,"column":33},"end":{"line":24,"column":50}}},"5":{"name":"PATCH","decl":{"start":{"line":32,"column":22},"end":{"line":32,"column":27}},"loc":{"start":{"line":32,"column":44},"end":{"line":53,"column":1}}},"6":{"name":"(anonymous_6)","decl":{"start":{"line":33,"column":38},"end":{"line":33,"column":43}},"loc":{"start":{"line":33,"column":49},"end":{"line":52,"column":3}}}},"branchMap":{"0":{"loc":{"start":{"line":12,"column":4},"end":{"line":14,"column":5}},"type":"if","locations":[{"start":{"line":12,"column":4},"end":{"line":14,"column":5}},{"start":{},"end":{}}]},"1":{"loc":{"start":{"line":12,"column":22},"end":{"line":12,"column":42}},"type":"cond-expr","locations":[{"start":{"line":12,"column":35},"end":{"line":12,"column":37}},{"start":{"line":12,"column":35},"end":{"line":12,"column":42}}]},"2":{"loc":{"start":{"line":12,"column":22},"end":{"line":12,"column":37}},"type":"binary-expr","locations":[{"start":{"line":12,"column":22},"end":{"line":12,"column":37}},{"start":{"line":12,"column":35},"end":{"line":12,"column":37}}]},"3":{"loc":{"start":{"line":12,"column":22},"end":{"line":12,"column":35}},"type":"cond-expr","locations":[{"start":{"line":12,"column":29},"end":{"line":12,"column":31}},{"start":{"line":12,"column":22},"end":{"line":12,"column":35}}]},"4":{"loc":{"start":{"line":12,"column":22},"end":{"line":12,"column":31}},"type":"binary-expr","locations":[{"start":{"line":12,"column":22},"end":{"line":12,"column":31}},{"start":{"line":12,"column":22},"end":{"line":12,"column":31}}]},"5":{"loc":{"start":{"line":36,"column":4},"end":{"line":38,"column":5}},"type":"if","locations":[{"start":{"line":36,"column":4},"end":{"line":38,"column":5}},{"start":{},"end":{}}]},"6":{"loc":{"start":{"line":36,"column":22},"end":{"line":36,"column":42}},"type":"cond-expr","locations":[{"start":{"line":36,"column":35},"end":{"line":36,"column":37}},{"start":{"line":36,"column":35},"end":{"line":36,"column":42}}]},"7":{"loc":{"start":{"line":36,"column":22},"end":{"line":36,"column":37}},"type":"binary-expr","locations":[{"start":{"line":36,"column":22},"end":{"line":36,"column":37}},{"start":{"line":36,"column":35},"end":{"line":36,"column":37}}]},"8":{"loc":{"start":{"line":36,"column":22},"end":{"line":36,"column":35}},"type":"cond-expr","locations":[{"start":{"line":36,"column":29},"end":{"line":36,"column":31}},{"start":{"line":36,"column":22},"end":{"line":36,"column":35}}]},"9":{"loc":{"start":{"line":36,"column":22},"end":{"line":36,"column":31}},"type":"binary-expr","locations":[{"start":{"line":36,"column":22},"end":{"line":36,"column":31}},{"start":{"line":36,"column":22},"end":{"line":36,"column":31}}]},"10":{"loc":{"start":{"line":42,"column":4},"end":{"line":44,"column":5}},"type":"if","locations":[{"start":{"line":42,"column":4},"end":{"line":44,"column":5}},{"start":{},"end":{}}]},"11":{"loc":{"start":{"line":47,"column":10},"end":{"line":47,"column":30}},"type":"cond-expr","locations":[{"start":{"line":47,"column":17},"end":{"line":47,"column":25}},{"start":{"line":47,"column":28},"end":{"line":47,"column":30}}]},"12":{"loc":{"start":{"line":48,"column":10},"end":{"line":48,"column":34}},"type":"cond-expr","locations":[{"start":{"line":48,"column":19},"end":{"line":48,"column":29}},{"start":{"line":48,"column":32},"end":{"line":48,"column":34}}]}},"s":{"0":0,"1":0,"2":0,"3":0,"4":0,"5":0,"6":0,"7":0,"8":0,"9":0,"10":0,"11":0,"12":0,"13":0,"14":0,"15":0,"16":0,"17":0,"18":0,"19":0},"f":{"0":0,"1":0,"2":0,"3":0,"4":0,"5":0,"6":0},"b":{"0":[0,0],"1":[0,0],"2":[0,0],"3":[0,0],"4":[0,0],"5":[0,0],"6":[0,0],"7":[0,0],"8":[0,0],"9":[0,0],"10":[0,0],"11":[0,0],"12":[0,0]}}
,"C:\\Users\\Elmahrosa-Teos\\repos\\teos-ai-engine\\app\\api\\admin\\activate\\route.ts": {"path":"C:\\Users\\Elmahrosa-Teos\\repos\\teos-ai-engine\\app\\api\\admin\\activate\\route.ts","statementMap":{"0":{"start":{"line":8,"column":21},"end":{"line":8,"column":44}},"1":{"start":{"line":10,"column":2},"end":{"line":12,"column":3}},"2":{"start":{"line":11,"column":4},"end":{"line":11,"column":73}},"3":{"start":{"line":14,"column":19},"end":{"line":14,"column":39}},"4":{"start":{"line":15,"column":16},"end":{"line":15,"column":72}},"5":{"start":{"line":16,"column":15},"end":{"line":16,"column":70}},"6":{"start":{"line":18,"column":21},"end":{"line":18,"column":128}},"7":{"start":{"line":19,"column":2},"end":{"line":21,"column":3}},"8":{"start":{"line":20,"column":4},"end":{"line":20,"column":76}},"9":{"start":{"line":23,"column":15},"end":{"line":23,"column":65}},"10":{"start":{"line":24,"column":2},"end":{"line":26,"column":3}},"11":{"start":{"line":25,"column":4},"end":{"line":25,"column":75}},"12":{"start":{"line":28,"column":2},"end":{"line":31,"column":5}},"13":{"start":{"line":33,"column":2},"end":{"line":44,"column":5}},"14":{"start":{"line":46,"column":2},"end":{"line":46,"column":59}}},"fnMap":{"0":{"name":"POST","decl":{"start":{"line":7,"column":22},"end":{"line":7,"column":26}},"loc":{"start":{"line":7,"column":39},"end":{"line":47,"column":1}}}},"branchMap":{"0":{"loc":{"start":{"line":10,"column":2},"end":{"line":12,"column":3}},"type":"if","locations":[{"start":{"line":10,"column":2},"end":{"line":12,"column":3}},{"start":{},"end":{}}]},"1":{"loc":{"start":{"line":15,"column":23},"end":{"line":15,"column":50}},"type":"binary-expr","locations":[{"start":{"line":15,"column":23},"end":{"line":15,"column":44}},{"start":{"line":15,"column":48},"end":{"line":15,"column":50}}]},"2":{"loc":{"start":{"line":16,"column":22},"end":{"line":16,"column":48}},"type":"binary-expr","locations":[{"start":{"line":16,"column":22},"end":{"line":16,"column":42}},{"start":{"line":16,"column":46},"end":{"line":16,"column":48}}]},"3":{"loc":{"start":{"line":19,"column":2},"end":{"line":21,"column":3}},"type":"if","locations":[{"start":{"line":19,"column":2},"end":{"line":21,"column":3}},{"start":{},"end":{}}]},"4":{"loc":{"start":{"line":19,"column":6},"end":{"line":19,"column":42}},"type":"binary-expr","locations":[{"start":{"line":19,"column":6},"end":{"line":19,"column":12}},{"start":{"line":19,"column":16},"end":{"line":19,"column":42}}]},"5":{"loc":{"start":{"line":24,"column":2},"end":{"line":26,"column":3}},"type":"if","locations":[{"start":{"line":24,"column":2},"end":{"line":26,"column":3}},{"start":{},"end":{}}]}},"s":{"0":0,"1":0,"2":0,"3":0,"4":0,"5":0,"6":0,"7":0,"8":0,"9":0,"10":0,"11":0,"12":0,"13":0,"14":0},"f":{"0":0},"b":{"0":[0,0],"1":[0,0],"2":[0,0],"3":[0,0],"4":[0,0],"5":[0,0]}}
,"C:\\Users\\Elmahrosa-Teos\\repos\\teos-ai-engine\\app\\api\\admin\\data\\route.ts": {"path":"C:\\Users\\Elmahrosa-Teos\\repos\\teos-ai-engine\\app\\api\\admin\\data\\route.ts","statementMap":{"0":{"start":{"line":7,"column":27},"end":{"line":7,"column":50}},"1":{"start":{"line":8,"column":2},"end":{"line":8,"column":94}},"2":{"start":{"line":8,"column":25},"end":{"line":8,"column":94}},"3":{"start":{"line":9,"column":2},"end":{"line":9,"column":105}},"4":{"start":{"line":9,"column":39},"end":{"line":9,"column":105}},"5":{"start":{"line":11,"column":27},"end":{"line":29,"column":4}},"6":{"start":{"line":31,"column":2},"end":{"line":31,"column":47}}},"fnMap":{"0":{"name":"GET","decl":{"start":{"line":6,"column":22},"end":{"line":6,"column":25}},"loc":{"start":{"line":6,"column":25},"end":{"line":32,"column":1}}}},"branchMap":{"0":{"loc":{"start":{"line":8,"column":2},"end":{"line":8,"column":94}},"type":"if","locations":[{"start":{"line":8,"column":2},"end":{"line":8,"column":94}},{"start":{},"end":{}}]},"1":{"loc":{"start":{"line":9,"column":2},"end":{"line":9,"column":105}},"type":"if","locations":[{"start":{"line":9,"column":2},"end":{"line":9,"column":105}},{"start":{},"end":{}}]}},"s":{"0":0,"1":0,"2":0,"3":0,"4":0,"5":0,"6":0},"f":{"0":0},"b":{"0":[0,0],"1":[0,0]}}
,"C:\\Users\\Elmahrosa-Teos\\repos\\teos-ai-engine\\app\\api\\admin\\lifetime\\route.ts": {"path":"C:\\Users\\Elmahrosa-Teos\\repos\\teos-ai-engine\\app\\api\\admin\\lifetime\\route.ts","statementMap":{"0":{"start":{"line":8,"column":21},"end":{"line":8,"column":44}},"1":{"start":{"line":9,"column":2},"end":{"line":11,"column":3}},"2":{"start":{"line":10,"column":4},"end":{"line":10,"column":73}},"3":{"start":{"line":13,"column":15},"end":{"line":13,"column":31}},"4":{"start":{"line":14,"column":16},"end":{"line":14,"column":62}},"5":{"start":{"line":16,"column":2},"end":{"line":18,"column":3}},"6":{"start":{"line":17,"column":4},"end":{"line":17,"column":78}},"7":{"start":{"line":20,"column":15},"end":{"line":20,"column":65}},"8":{"start":{"line":21,"column":2},"end":{"line":23,"column":3}},"9":{"start":{"line":22,"column":4},"end":{"line":22,"column":75}},"10":{"start":{"line":25,"column":2},"end":{"line":31,"column":5}},"11":{"start":{"line":33,"column":2},"end":{"line":44,"column":5}},"12":{"start":{"line":46,"column":2},"end":{"line":46,"column":94}}},"fnMap":{"0":{"name":"POST","decl":{"start":{"line":7,"column":22},"end":{"line":7,"column":26}},"loc":{"start":{"line":7,"column":39},"end":{"line":47,"column":1}}}},"branchMap":{"0":{"loc":{"start":{"line":9,"column":2},"end":{"line":11,"column":3}},"type":"if","locations":[{"start":{"line":9,"column":2},"end":{"line":11,"column":3}},{"start":{},"end":{}}]},"1":{"loc":{"start":{"line":14,"column":23},"end":{"line":14,"column":40}},"type":"binary-expr","locations":[{"start":{"line":14,"column":23},"end":{"line":14,"column":34}},{"start":{"line":14,"column":38},"end":{"line":14,"column":40}}]},"2":{"loc":{"start":{"line":14,"column":23},"end":{"line":14,"column":34}},"type":"cond-expr","locations":[{"start":{"line":14,"column":27},"end":{"line":14,"column":29}},{"start":{"line":14,"column":23},"end":{"line":14,"column":34}}]},"3":{"loc":{"start":{"line":14,"column":23},"end":{"line":14,"column":29}},"type":"binary-expr","locations":[{"start":{"line":14,"column":23},"end":{"line":14,"column":29}},{"start":{"line":14,"column":23},"end":{"line":14,"column":29}}]},"4":{"loc":{"start":{"line":16,"column":2},"end":{"line":18,"column":3}},"type":"if","locations":[{"start":{"line":16,"column":2},"end":{"line":18,"column":3}},{"start":{},"end":{}}]},"5":{"loc":{"start":{"line":21,"column":2},"end":{"line":23,"column":3}},"type":"if","locations":[{"start":{"line":21,"column":2},"end":{"line":23,"column":3}},{"start":{},"end":{}}]}},"s":{"0":0,"1":0,"2":0,"3":0,"4":0,"5":0,"6":0,"7":0,"8":0,"9":0,"10":0,"11":0,"12":0},"f":{"0":0},"b":{"0":[0,0],"1":[0,0],"2":[0,0],"3":[0,0],"4":[0,0],"5":[0,0]}}
,"C:\\Users\\Elmahrosa-Teos\\repos\\teos-ai-engine\\app\\api\\admin\\manual-activate\\route.ts": {"path":"C:\\Users\\Elmahrosa-Teos\\repos\\teos-ai-engine\\app\\api\\admin\\manual-activate\\route.ts","statementMap":{"0":{"start":{"line":8,"column":21},"end":{"line":8,"column":44}},"1":{"start":{"line":9,"column":2},"end":{"line":11,"column":3}},"2":{"start":{"line":10,"column":4},"end":{"line":10,"column":70}},"3":{"start":{"line":13,"column":19},"end":{"line":13,"column":39}},"4":{"start":{"line":14,"column":16},"end":{"line":14,"column":72}},"5":{"start":{"line":15,"column":15},"end":{"line":15,"column":70}},"6":{"start":{"line":17,"column":21},"end":{"line":17,"column":128}},"7":{"start":{"line":18,"column":2},"end":{"line":20,"column":3}},"8":{"start":{"line":19,"column":4},"end":{"line":19,"column":76}},"9":{"start":{"line":22,"column":21},"end":{"line":22,"column":71}},"10":{"start":{"line":23,"column":2},"end":{"line":25,"column":3}},"11":{"start":{"line":24,"column":4},"end":{"line":24,"column":75}},"12":{"start":{"line":27,"column":2},"end":{"line":30,"column":5}},"13":{"start":{"line":32,"column":2},"end":{"line":43,"column":5}},"14":{"start":{"line":45,"column":2},"end":{"line":45,"column":59}}},"fnMap":{"0":{"name":"POST","decl":{"start":{"line":7,"column":22},"end":{"line":7,"column":26}},"loc":{"start":{"line":7,"column":39},"end":{"line":46,"column":1}}}},"branchMap":{"0":{"loc":{"start":{"line":9,"column":2},"end":{"line":11,"column":3}},"type":"if","locations":[{"start":{"line":9,"column":2},"end":{"line":11,"column":3}},{"start":{},"end":{}}]},"1":{"loc":{"start":{"line":9,"column":6},"end":{"line":9,"column":46}},"type":"binary-expr","locations":[{"start":{"line":9,"column":6},"end":{"line":9,"column":17}},{"start":{"line":9,"column":21},"end":{"line":9,"column":46}}]},"2":{"loc":{"start":{"line":14,"column":23},"end":{"line":14,"column":50}},"type":"binary-expr","locations":[{"start":{"line":14,"column":23},"end":{"line":14,"column":44}},{"start":{"line":14,"column":48},"end":{"line":14,"column":50}}]},"3":{"loc":{"start":{"line":15,"column":22},"end":{"line":15,"column":48}},"type":"binary-expr","locations":[{"start":{"line":15,"column":22},"end":{"line":15,"column":42}},{"start":{"line":15,"column":46},"end":{"line":15,"column":48}}]},"4":{"loc":{"start":{"line":18,"column":2},"end":{"line":20,"column":3}},"type":"if","locations":[{"start":{"line":18,"column":2},"end":{"line":20,"column":3}},{"start":{},"end":{}}]},"5":{"loc":{"start":{"line":18,"column":6},"end":{"line":18,"column":42}},"type":"binary-expr","locations":[{"start":{"line":18,"column":6},"end":{"line":18,"column":12}},{"start":{"line":18,"column":16},"end":{"line":18,"column":42}}]},"6":{"loc":{"start":{"line":23,"column":2},"end":{"line":25,"column":3}},"type":"if","locations":[{"start":{"line":23,"column":2},"end":{"line":25,"column":3}},{"start":{},"end":{}}]}},"s":{"0":0,"1":0,"2":0,"3":0,"4":0,"5":0,"6":0,"7":0,"8":0,"9":0,"10":0,"11":0,"12":0,"13":0,"14":0},"f":{"0":0},"b":{"0":[0,0],"1":[0,0],"2":[0,0],"3":[0,0],"4":[0,0],"5":[0,0],"6":[0,0]}}
[...]
d":{"line":72,"column":16}},"type":"binary-expr","locations":[{"start":{"line":70,"column":13},"end":{"line":70,"column":70}},{"start":{"line":71,"column":7},"end":{"line":71,"column":35}},{"start":{"line":72,"column":7},"end":{"line":72,"column":16}}]},"10":{"loc":{"start":{"line":70,"column":13},"end":{"line":70,"column":70}},"type":"cond-expr","locations":[{"start":{"line":70,"column":62},"end":{"line":70,"column":64}},{"start":{"line":70,"column":62},"end":{"line":70,"column":70}}]},"11":{"loc":{"start":{"line":70,"column":13},"end":{"line":70,"column":64}},"type":"binary-expr","locations":[{"start":{"line":70,"column":13},"end":{"line":70,"column":64}},{"start":{"line":70,"column":62},"end":{"line":70,"column":64}}]},"12":{"loc":{"start":{"line":70,"column":13},"end":{"line":70,"column":62}},"type":"cond-expr","locations":[{"start":{"line":70,"column":47},"end":{"line":70,"column":49}},{"start":{"line":70,"column":47},"end":{"line":70,"column":62}}]},"13":{"loc":{"start":{"line":70,"column":13},"end":{"line":70,"column":49}},"type":"binary-expr","locations":[{"start":{"line":70,"column":13},"end":{"line":70,"column":49}},{"start":{"line":70,"column":47},"end":{"line":70,"column":49}}]},"14":{"loc":{"start":{"line":78,"column":2},"end":{"line":78,"column":13}},"type":"default-arg","locations":[{"start":{"line":78,"column":11},"end":{"line":78,"column":13}}]},"15":{"loc":{"start":{"line":79,"column":2},"end":{"line":79,"column":12}},"type":"default-arg","locations":[{"start":{"line":79,"column":10},"end":{"line":79,"column":12}}]},"16":{"loc":{"start":{"line":80,"column":2},"end":{"line":80,"column":19}},"type":"default-arg","locations":[{"start":{"line":80,"column":13},"end":{"line":80,"column":19}}]}},"s":{"0":0,"1":0,"2":0,"3":0,"4":0,"5":0,"6":0,"7":0,"8":0,"9":0,"10":0,"11":0,"12":0,"13":0,"14":0,"15":0,"16":0,"17":0,"18":0,"19":0,"20":0,"21":0,"22":0,"23":0,"24":0,"25":0,"26":0,"27":0},"f":{"0":0,"1":0,"2":0,"3":0,"4":0},"b":{"0":[0,0],"1":[0,0],"2":[0,0],"3":[0,0],"4":[0,0],"5":[0],"6":[0],"7":[0,0],"8":[0],"9":[0,0,0],"10":[0,0],"11":[0,0],"12":[0,0],"13":[0,0],"14":[0],"15":[0],"16":[0]}}
,"C:\\Users\\Elmahrosa-Teos\\repos\\teos-ai-engine\\lib\\security.ts": {"path":"C:\\Users\\Elmahrosa-Teos\\repos\\teos-ai-engine\\lib\\security.ts","statementMap":{"0":{"start":{"line":3,"column":56},"end":{"line":10,"column":2}},"1":{"start":{"line":13,"column":15},"end":{"line":13,"column":23}},"2":{"start":{"line":14,"column":21},"end":{"line":23,"column":13}},"3":{"start":{"line":25,"column":2},"end":{"line":35,"column":15}},"4":{"start":{"line":39,"column":2},"end":{"line":41,"column":3}},"5":{"start":{"line":40,"column":4},"end":{"line":40,"column":28}},"6":{"start":{"line":42,"column":2},"end":{"line":42,"column":57}},"7":{"start":{"line":46,"column":2},"end":{"line":46,"column":24}},"8":{"start":{"line":46,"column":12},"end":{"line":46,"column":24}},"9":{"start":{"line":48,"column":2},"end":{"line":58,"column":3}},"10":{"start":{"line":49,"column":19},"end":{"line":49,"column":40}},"11":{"start":{"line":50,"column":20},"end":{"line":50,"column":36}},"12":{"start":{"line":52,"column":4},"end":{"line":52,"column":54}},"13":{"start":{"line":52,"column":42},"end":{"line":52,"column":54}},"14":{"start":{"line":53,"column":4},"end":{"line":53,"column":85}},"15":{"start":{"line":53,"column":73},"end":{"line":53,"column":85}},"16":{"start":{"line":55,"column":4},"end":{"line":55,"column":43}},"17":{"start":{"line":57,"column":4},"end":{"line":57,"column":16}},"18":{"start":{"line":62,"column":17},"end":{"line":62,"column":46}},"19":{"start":{"line":63,"column":2},"end":{"line":63,"column":27}},"20":{"start":{"line":63,"column":15},"end":{"line":63,"column":27}},"21":{"start":{"line":65,"column":2},"end":{"line":73,"column":3}},"22":{"start":{"line":66,"column":19},"end":{"line":66,"column":66}},"23":{"start":{"line":67,"column":4},"end":{"line":67,"column":30}},"24":{"start":{"line":67,"column":17},"end":{"line":67,"column":30}},"25":{"start":{"line":69,"column":20},"end":{"line":69,"column":87}},"26":{"start":{"line":70,"column":4},"end":{"line":70,"column":46}},"27":{"start":{"line":72,"column":4},"end":{"line":72,"column":17}},"28":{"start":{"line":77,"column":2},"end":{"line":81,"column":4}}},"fnMap":{"0":{"name":"getCSPHeader","decl":{"start":{"line":12,"column":16},"end":{"line":12,"column":28}},"loc":{"start":{"line":12,"column":28},"end":{"line":36,"column":1}}},"1":{"name":"applySecurityHeaders","decl":{"start":{"line":38,"column":16},"end":{"line":38,"column":36}},"loc":{"start":{"line":38,"column":53},"end":{"line":43,"column":1}}},"2":{"name":"validateRedirectUrl","decl":{"start":{"line":45,"column":16},"end":{"line":45,"column":35}},"loc":{"start":{"line":45,"column":71},"end":{"line":59,"column":1}}},"3":{"name":"isAllowedOrigin","decl":{"start":{"line":61,"column":16},"end":{"line":61,"column":31}},"loc":{"start":{"line":61,"column":52},"end":{"line":74,"column":1}}},"4":{"name":"isSensitiveRoute","decl":{"start":{"line":76,"column":16},"end":{"line":76,"column":32}},"loc":{"start":{"line":76,"column":49},"end":{"line":82,"column":1}}}},"branchMap":{"0":{"loc":{"start":{"line":46,"column":2},"end":{"line":46,"column":24}},"type":"if","locations":[{"start":{"line":46,"column":2},"end":{"line":46,"column":24}},{"start":{},"end":{}}]},"1":{"loc":{"start":{"line":52,"column":4},"end":{"line":52,"column":54}},"type":"if","locations":[{"start":{"line":52,"column":4},"end":{"line":52,"column":54}},{"start":{},"end":{}}]},"2":{"loc":{"start":{"line":53,"column":4},"end":{"line":53,"column":85}},"type":"if","locations":[{"start":{"line":53,"column":4},"end":{"line":53,"column":85}},{"start":{},"end":{}}]},"3":{"loc":{"start":{"line":53,"column":8},"end":{"line":53,"column":71}},"type":"binary-expr","locations":[{"start":{"line":53,"column":8},"end":{"line":53,"column":36}},{"start":{"line":53,"column":40},"end":{"line":53,"column":71}}]},"4":{"loc":{"start":{"line":63,"column":2},"end":{"line":63,"column":27}},"type":"if","locations":[{"start":{"line":63,"column":2},"end":{"line":63,"column":27}},{"start":{},"end":{}}]},"5":{"loc":{"start":{"line":66,"column":19},"end":{"line":66,"column":66}},"type":"binary-expr","locations":[{"start":{"line":66,"column":19},"end":{"line":66,"column":43}},{"start":{"line":66,"column":47},"end":{"line":66,"column":66}}]},"6":{"loc":{"start":{"line":67,"column":4},"end":{"line":67,"column":30}},"type":"if","locations":[{"start":{"line":67,"column":4},"end":{"line":67,"column":30}},{"start":{},"end":{}}]},"7":{"loc":{"start":{"line":69,"column":28},"end":{"line":69,"column":79}},"type":"binary-expr","locations":[{"start":{"line":69,"column":28},"end":{"line":69,"column":52}},{"start":{"line":69,"column":56},"end":{"line":69,"column":79}}]},"8":{"loc":{"start":{"line":78,"column":4},"end":{"line":80,"column":72}},"type":"binary-expr","locations":[{"start":{"line":78,"column":4},"end":{"line":78,"column":40}},{"start":{"line":79,"column":4},"end":{"line":79,"column":37}},{"start":{"line":80,"column":5},"end":{"line":80,"column":37}},{"start":{"line":80,"column":41},"end":{"line":80,"column":71}}]}},"s":{"0":0,"1":0,"2":0,"3":0,"4":0,"5":0,"6":0,"7":0,"8":0,"9":0,"10":0,"11":0,"12":0,"13":0,"14":0,"15":0,"16":0,"17":0,"18":0,"19":0,"20":0,"21":0,"22":0,"23":0,"24":0,"25":0,"26":0,"27":0,"28":0},"f":{"0":0,"1":0,"2":0,"3":0,"4":0},"b":{"0":[0,0],"1":[0,0],"2":[0,0],"3":[0,0],"4":[0,0],"5":[0,0],"6":[0,0],"7":[0,0],"8":[0,0,0,0]}}
,"C:\\Users\\Elmahrosa-Teos\\repos\\teos-ai-engine\\lib\\session.ts": {"path":"C:\\Users\\Elmahrosa-Teos\\repos\\teos-ai-engine\\lib\\session.ts","statementMap":{"0":{"start":{"line":6,"column":0},"end":{"line":6,"column":7}},"1":{"start":{"line":11,"column":0},"end":{"line":11,"column":7}},"2":{"start":{"line":16,"column":0},"end":{"line":16,"column":7}},"3":{"start":{"line":28,"column":0},"end":{"line":28,"column":7}},"4":{"start":{"line":46,"column":0},"end":{"line":46,"column":7}},"5":{"start":{"line":62,"column":0},"end":{"line":62,"column":7}},"6":{"start":{"line":69,"column":0},"end":{"line":69,"column":7}},"7":{"start":{"line":1,"column":0},"end":{"line":1,"column":45}},"8":{"start":{"line":2,"column":0},"end":{"line":2,"column":37}},"9":{"start":{"line":3,"column":0},"end":{"line":3,"column":34}},"10":{"start":{"line":4,"column":0},"end":{"line":4,"column":28}},"11":{"start":{"line":7,"column":18},"end":{"line":7,"column":53}},"12":{"start":{"line":8,"column":2},"end":{"line":8,"column":38}},"13":{"start":{"line":12,"column":18},"end":{"line":12,"column":53}},"14":{"start":{"line":13,"column":2},"end":{"line":13,"column":37}},"15":{"start":{"line":17,"column":16},"end":{"line":17,"column":54}},"16":{"start":{"line":18,"column":2},"end":{"line":24,"column":5}},"17":{"start":{"line":25,"column":2},"end":{"line":25,"column":15}},"18":{"start":{"line":31,"column":19},"end":{"line":33,"column":4}},"19":{"start":{"line":34,"column":2},"end":{"line":34,"column":64}},"20":{"start":{"line":34,"column":52},"end":{"line":34,"column":64}},"21":{"start":{"line":36,"column":2},"end":{"line":39,"column":5}},"22":{"start":{"line":41,"column":2},"end":{"line":41,"column":86}},"23":{"start":{"line":43,"column":2},"end":{"line":43,"column":45}},"24":{"start":{"line":47,"column":19},"end":{"line":50,"column":4}},"25":{"start":{"line":52,"column":2},"end":{"line":52,"column":36}},"26":{"start":{"line":52,"column":29},"end":{"line":52,"column":36}},"27":{"start":{"line":54,"column":2},"end":{"line":57,"column":5}},"28":{"start":{"line":59,"column":2},"end":{"line":59,"column":77}},"29":{"start":{"line":63,"column":2},"end":{"line":66,"column":5}},"30":{"start":{"line":75,"column":2},"end":{"line":77,"column":5}}},"fnMap":{"0":{"name":"getSessionEmail","decl":{"start":{"line":6,"column":22},"end":{"line":6,"column":37}},"loc":{"start":{"line":6,"column":37},"end":{"line":9,"column":1}}},"1":{"name":"getSessionRole","decl":{"start":{"line":11,"column":22},"end":{"line":11,"column":36}},"loc":{"start":{"line":11,"column":36},"end":{"line":14,"column":1}}},"2":{"name":"createRefreshToken","decl":{"start":{"line":16,"column":22},"end":{"line":16,"column":40}},"loc":{"start":{"line":16,"column":55},"end":{"line":26,"column":1}}},"3":{"name":"rotateRefreshToken","decl":{"start":{"line":28,"column":22},"end":{"line":28,"column":40}},"loc":{"start":{"line":29,"column":18},"end":{"line":44,"column":1}}},"4":{"name":"revokeUserRefreshTokens","decl":{"start":{"line":46,"column":22},"end":{"line":46,"column":45}},"loc":{"start":{"line":46,"column":60},"end":{"line":60,"column":1}}},"5":{"name":"updateLastActive","decl":{"start":{"line":62,"column":22},"end":{"line":62,"column":38}},"loc":{"start":{"line":62,"column":53},"end":{"line":67,"column":1}}},"6":{"name":"createAuditLog","decl":{"start":{"line":69,"column":22},"end":{"line":69,"column":36}},"loc":{"start":{"line":73,"column":13},"end":{"line":78,"column":1}}}},"branchMap":{"0":{"loc":{"start":{"line":8,"column":9},"end":{"line":8,"column":37}},"type":"cond-expr","locations":[{"start":{"line":8,"column":29},"end":{"line":8,"column":33}},{"start":{"line":8,"column":33},"end":{"line":8,"column":37}}]},"1":{"loc":{"start":{"line":8,"column":9},"end":{"line":8,"column":33}},"type":"binary-expr","locations":[{"start":{"line":8,"column":9},"end":{"line":8,"column":33}},{"start":{"line":8,"column":29},"end":{"line":8,"column":33}}]},"2":{"loc":{"start":{"line":8,"column":9},"end":{"line":8,"column":29}},"type":"cond-expr","locations":[{"start":{"line":8,"column":22},"end":{"line":8,"column":24}},{"start":{"line":8,"column":22},"end":{"line":8,"column":29}}]},"3":{"loc":{"start":{"line":8,"column":9},"end":{"line":8,"column":24}},"type":"binary-expr","locations":[{"start":{"line":8,"column":9},"end":{"line":8,"column":24}},{"start":{"line":8,"column":22},"end":{"line":8,"column":24}}]},"4":{"loc":{"start":{"line":8,"column":9},"end":{"line":8,"column":22}},"type":"cond-expr","locations":[{"start":{"line":8,"column":16},"end":{"line":8,"column":18}},{"start":{"line":8,"column":9},"end":{"line":8,"column":22}}]},"5":{"loc":{"start":{"line":8,"column":9},"end":{"line":8,"column":18}},"type":"binary-expr","locations":[{"start":{"line":8,"column":9},"end":{"line":8,"column":18}},{"start":{"line":8,"column":9},"end":{"line":8,"column":18}}]},"6":{"loc":{"start":{"line":13,"column":9},"end":{"line":13,"column":36}},"type":"cond-expr","locations":[{"start":{"line":13,"column":28},"end":{"line":13,"column":32}},{"start":{"line":13,"column":32},"end":{"line":13,"column":36}}]},"7":{"loc":{"start":{"line":13,"column":9},"end":{"line":13,"column":32}},"type":"binary-expr","locations":[{"start":{"line":13,"column":9},"end":{"line":13,"column":32}},{"start":{"line":13,"column":28},"end":{"line":13,"column":32}}]},"8":{"loc":{"start":{"line":13,"column":9},"end":{"line":13,"column":28}},"type":"cond-expr","locations":[{"start":{"line":13,"column":22},"end":{"line":13,"column":24}},{"start":{"line":13,"column":22},"end":{"line":13,"column":28}}]},"9":{"loc":{"start":{"line":13,"column":9},"end":{"line":13,"column":24}},"type":"binary-expr","locations":[{"start":{"line":13,"column":9},"end":{"line":13,"column":24}},{"start":{"line":13,"column":22},"end":{"line":13,"column":24}}]},"10":{"loc":{"start":{"line":13,"column":9},"end":{"line":13,"column":22}},"type":"cond-expr","locations":[{"start":{"line":13,"column":16},"end":{"line":13,"column":18}},{"start":{"line":13,"column":9},"end":{"line":13,"column":22}}]},"11":{"loc":{"start":{"line":13,"column":9},"end":{"line":13,"column":18}},"type":"binary-expr","locations":[{"start":{"line":13,"column":9},"end":{"line":13,"column":18}},{"start":{"line":13,"column":9},"end":{"line":13,"column":18}}]},"12":{"loc":{"start":{"line":34,"column":2},"end":{"line":34,"column":64}},"type":"if","locations":[{"start":{"line":34,"column":2},"end":{"line":34,"column":64}},{"start":{},"end":{}}]},"13":{"loc":{"start":{"line":34,"column":6},"end":{"line":34,"column":50}},"type":"binary-expr","locations":[{"start":{"line":34,"column":6},"end":{"line":34,"column":15}},{"start":{"line":34,"column":19},"end":{"line":34,"column":50}}]},"14":{"loc":{"start":{"line":52,"column":2},"end":{"line":52,"column":36}},"type":"if","locations":[{"start":{"line":52,"column":2},"end":{"line":52,"column":36}},{"start":{},"end":{}}]},"15":{"loc":{"start":{"line":76,"column":39},"end":{"line":76,"column":53}},"type":"cond-expr","locations":[{"start":{"line":76,"column":39},"end":{"line":76,"column":47}},{"start":{"line":76,"column":51},"end":{"line":76,"column":53}}]},"16":{"loc":{"start":{"line":76,"column":39},"end":{"line":76,"column":51}},"type":"binary-expr","locations":[{"start":{"line":76,"column":39},"end":{"line":76,"column":51}},{"start":{"line":76,"column":39},"end":{"line":76,"column":51}}]}},"s":{"0":1,"1":1,"2":1,"3":1,"4":1,"5":1,"6":1,"7":1,"8":1,"9":1,"10":1,"11":0,"12":0,"13":0,"14":0,"15":0,"16":0,"17":0,"18":0,"19":0,"20":0,"21":0,"22":0,"23":0,"24":0,"25":0,"26":0,"27":0,"28":0,"29":0,"30":0},"f":{"0":0,"1":0,"2":0,"3":0,"4":0,"5":0,"6":0},"b":{"0":[0,0],"1":[0,0],"2":[0,0],"3":[0,0],"4":[0,0],"5":[0,0],"6":[0,0],"7":[0,0],"8":[0,0],"9":[0,0],"10":[0,0],"11":[0,0],"12":[0,0],"13":[0,0],"14":[0,0],"15":[0,0],"16":[0,0]}}
,"C:\\Users\\Elmahrosa-Teos\\repos\\teos-ai-engine\\lib\\trace.ts": {"path":"C:\\Users\\Elmahrosa-Teos\\repos\\teos-ai-engine\\lib\\trace.ts","statementMap":{"0":{"start":{"line":18,"column":0},"end":{"line":18,"column":16}},"1":{"start":{"line":22,"column":0},"end":{"line":22,"column":16}},"2":{"start":{"line":36,"column":0},"end":{"line":36,"column":16}},"3":{"start":{"line":12,"column":23},"end":{"line":12,"column":24}},"4":{"start":{"line":15,"column":2},"end":{"line":15,"column":49}},"5":{"start":{"line":19,"column":2},"end":{"line":19,"column":66}},"6":{"start":{"line":23,"column":13},"end":{"line":25,"column":null}},"7":{"start":{"line":28,"column":2},"end":{"line":33,"column":3}},"8":{"start":{"line":29,"column":4},"end":{"line":29,"column":39}},"9":{"start":{"line":31,"column":47},"end":{"line":31,"column":52}},"10":{"start":{"line":31,"column":42},"end":{"line":31,"column":47}},"11":{"start":{"line":32,"column":4},"end":{"line":32,"column":47}},"12":{"start":{"line":37,"column":2},"end":{"line":37,"column":44}}},"fnMap":{"0":{"name":"randomId","decl":{"start":{"line":14,"column":9},"end":{"line":14,"column":17}},"loc":{"start":{"line":14,"column":17},"end":{"line":16,"column":1}}},"1":{"name":"generateRequestId","decl":{"start":{"line":18,"column":16},"end":{"line":18,"column":33}},"loc":{"start":{"line":18,"column":33},"end":{"line":20,"column":1}}},"2":{"name":"trace","decl":{"start":{"line":22,"column":16},"end":{"line":22,"column":21}},"loc":{"start":{"line":22,"column":39},"end":{"line":34,"column":1}}},"3":{"name":"createTraceContext","decl":{"start":{"line":36,"column":16},"end":{"line":36,"column":34}},"loc":{"start":{"line":36,"column":34},"end":{"line":38,"column":1}}}},"branchMap":{"0":{"loc":{"start":{"line":28,"column":2},"end":{"line":33,"column":3}},"type":"if","locations":[{"start":{"line":28,"column":2},"end":{"line":33,"column":3}},{"start":{"line":30,"column":9},"end":{"line":33,"column":3}}]}},"s":{"0":1,"1":1,"2":1,"3":1,"4":0,"5":0,"6":0,"7":0,"8":0,"9":0,"10":0,"11":0,"12":0},"f":{"0":0,"1":0,"2":0,"3":0},"b":{"0":[0,0]}}
,"C:\\Users\\Elmahrosa-Teos\\repos\\teos-ai-engine\\lib\\trial.ts": {"path":"C:\\Users\\Elmahrosa-Teos\\repos\\teos-ai-engine\\lib\\trial.ts","statementMap":{"0":{"start":{"line":8,"column":2},"end":{"line":8,"column":45}},"1":{"start":{"line":8,"column":32},"end":{"line":8,"column":45}},"2":{"start":{"line":9,"column":2},"end":{"line":9,"column":45}},"3":{"start":{"line":9,"column":33},"end":{"line":9,"column":45}},"4":{"start":{"line":10,"column":2},"end":{"line":10,"column":44}},"5":{"start":{"line":10,"column":31},"end":{"line":10,"column":44}},"6":{"start":{"line":11,"column":2},"end":{"line":11,"column":37}},"7":{"start":{"line":11,"column":25},"end":{"line":11,"column":37}},"8":{"start":{"line":12,"column":2},"end":{"line":12,"column":49}}},"fnMap":{"0":{"name":"isTrialExpired","decl":{"start":{"line":3,"column":16},"end":{"line":3,"column":30}},"loc":{"start":{"line":7,"column":1},"end":{"line":13,"column":1}}}},"branchMap":{"0":{"loc":{"start":{"line":8,"column":2},"end":{"line":8,"column":45}},"type":"if","locations":[{"start":{"line":8,"column":2},"end":{"line":8,"column":45}},{"start":{},"end":{}}]},"1":{"loc":{"start":{"line":9,"column":2},"end":{"line":9,"column":45}},"type":"if","locations":[{"start":{"line":9,"column":2},"end":{"line":9,"column":45}},{"start":{},"end":{}}]},"2":{"loc":{"start":{"line":10,"column":2},"end":{"line":10,"column":44}},"type":"if","locations":[{"start":{"line":10,"column":2},"end":{"line":10,"column":44}},{"start":{},"end":{}}]},"3":{"loc":{"start":{"line":11,"column":2},"end":{"line":11,"column":37}},"type":"if","locations":[{"start":{"line":11,"column":2},"end":{"line":11,"column":37}},{"start":{},"end":{}}]}},"s":{"0":0,"1":0,"2":0,"3":0,"4":0,"5":0,"6":0,"7":0,"8":0},"f":{"0":0},"b":{"0":[0,0],"1":[0,0],"2":[0,0],"3":[0,0]}}
,"C:\\Users\\Elmahrosa-Teos\\repos\\teos-ai-engine\\lib\\validation.ts": {"path":"C:\\Users\\Elmahrosa-Teos\\repos\\teos-ai-engine\\lib\\validation.ts","statementMap":{"0":{"start":{"line":3,"column":27},"end":{"line":3,"column":66}},"1":{"start":{"line":5,"column":30},"end":{"line":5,"column":56}},"2":{"start":{"line":7,"column":27},"end":{"line":10,"column":2}},"3":{"start":{"line":12,"column":28},"end":{"line":16,"column":2}},"4":{"start":{"line":18,"column":34},"end":{"line":20,"column":2}},"5":{"start":{"line":22,"column":34},"end":{"line":26,"column":2}},"6":{"start":{"line":28,"column":34},"end":{"line":31,"column":2}},"7":{"start":{"line":33,"column":31},"end":{"line":35,"column":2}}},"fnMap":{},"branchMap":{},"s":{"0":0,"1":0,"2":0,"3":0,"4":0,"5":0,"6":0,"7":0},"f":{},"b":{}}
}
