TN:
SF:app\layout.tsx
FN:92,RootLayout
FNF:1
FNH:0
FNDA:0,RootLayout
DA:6,0
DA:8,0
DA:97,0
LF:3
LH:0
BRDA:6,0,0,0
BRDA:6,0,1,0
BRF:2
BRH:0
end_of_record
TN:
SF:app\page.tsx
FN:135,buildShareUrl
FN:150,scoreColor
FN:156,useCopy
FN:158,(anonymous_3)
FN:159,(anonymous_4)
FN:161,(anonymous_5)
FN:168,AnimatedCounter
FN:173,(anonymous_7)
FN:177,(anonymous_8)
FN:185,(anonymous_9)
FN:199,(anonymous_10)
FN:216,SeatsBar
FN:233,TickerBar
FN:238,(anonymous_13)
FN:254,Home
FN:274,(anonymous_15)
FN:276,(anonymous_16)
FN:278,(anonymous_17)
FN:281,(anonymous_18)
FN:289,generate
FN:301,(anonymous_20)
FN:302,(anonymous_21)
FN:448,(anonymous_22)
FN:455,(anonymous_23)
FN:456,(anonymous_24)
FN:468,(anonymous_25)
FN:515,(anonymous_26)
FN:521,(anonymous_27)
FN:544,(anonymous_28)
FN:547,(anonymous_29)
FN:568,(anonymous_30)
FN:569,(anonymous_31)
FN:655,(anonymous_32)
FN:658,(anonymous_33)
FN:708,(anonymous_34)
FN:763,(anonymous_35)
FN:776,(anonymous_36)
FN:791,(anonymous_37)
FN:793,(anonymous_38)
FN:802,(anonymous_39)
FN:802,(anonymous_40)
FN:807,(anonymous_41)
FN:807,(anonymous_42)
FN:812,(anonymous_43)
FN:812,(anonymous_44)
FN:828,(anonymous_45)
FN:829,(anonymous_46)
FN:830,(anonymous_47)
FN:831,(anonymous_48)
FN:860,(anonymous_49)
FN:902,(anonymous_50)
FN:969,(anonymous_51)
FN:977,(anonymous_52)
FN:989,(anonymous_53)
FN:989,(anonymous_54)
FN:1008,(anonymous_55)
FNF:56
FNH:0
FNDA:0,buildShareUrl
FNDA:0,scoreColor
FNDA:0,useCopy
FNDA:0,(anonymous_3)
FNDA:0,(anonymous_4)
FNDA:0,(anonymous_5)
FNDA:0,AnimatedCounter
FNDA:0,(anonymous_7)
FNDA:0,(anonymous_8)
FNDA:0,(anonymous_9)
FNDA:0,(anonymous_10)
FNDA:0,SeatsBar
FNDA:0,TickerBar
FNDA:0,(anonymous_13)
FNDA:0,Home
FNDA:0,(anonymous_15)
FNDA:0,(anonymous_16)
FNDA:0,(anonymous_17)
FNDA:0,(anonymous_18)
FNDA:0,generate
FNDA:0,(anonymous_20)
FNDA:0,(anonymous_21)
FNDA:0,(anonymous_22)
FNDA:0,(anonymous_23)
FNDA:0,(anonymous_24)
FNDA:0,(anonymous_25)
FNDA:0,(anonymous_26)
FNDA:0,(anonymous_27)
FNDA:0,(anonymous_28)
FNDA:0,(anonymous_29)
FNDA:0,(anonymous_30)
FNDA:0,(anonymous_31)
FNDA:0,(anonymous_32)
FNDA:0,(anonymous_33)
FNDA:0,(anonymous_34)
FNDA:0,(anonymous_35)
FNDA:0,(anonymous_36)
FNDA:0,(anonymous_37)
FNDA:0,(anonymous_38)
FNDA:0,(anonymous_39)
FNDA:0,(anonymous_40)
FNDA:0,(anonymous_41)
FNDA:0,(anonymous_42)
FNDA:0,(anonymous_43)
FNDA:0,(anonymous_44)
FNDA:0,(anonymous_45)
FNDA:0,(anonymous_46)
FNDA:0,(anonymous_47)
FNDA:0,(anonymous_48)
FNDA:0,(anonymous_49)
FNDA:0,(anonymous_50)
FNDA:0,(anonymous_51)
FNDA:0,(anonymous_52)
FNDA:0,(anonymous_53)
FNDA:0,(anonymous_54)
FNDA:0,(anonymous_55)
DA:38,0
DA:48,0
DA:53,0
DA:55,0
DA:63,0
DA:136,0
DA:137,0
DA:138,0
DA:139,0
DA:140,0
DA:141,0
DA:142,0
DA:143,0
DA:144,0
DA:145,0
DA:146,0
DA:151,0
DA:152,0
DA:153,0
DA:157,0
DA:158,0
DA:159,0
DA:160,0
DA:161,0
DA:164,0
DA:169,0
DA:170,0
DA:171,0
DA:173,0
DA:174,0
DA:175,0
DA:176,0
DA:178,0
DA:179,0
DA:180,0
DA:181,0
DA:182,0
DA:183,0
DA:184,0
DA:185,0
DA:186,0
DA:187,0
DA:188,0
DA:189,0
DA:191,0
DA:198,0
DA:199,0
DA:202,0
DA:217,0
DA:218,0
DA:234,0
DA:239,0
DA:256,0
DA:257,0
DA:258,0
DA:259,0
DA:260,0
DA:261,0
DA:262,0
DA:263,0
DA:264,0
DA:265,0
DA:268,0
DA:269,0
DA:272,0
DA:274,0
DA:275,0
DA:276,0
DA:281,0
DA:290,0
DA:291,0
DA:292,0
DA:294,0
DA:295,0
DA:296,0
DA:297,0
DA:298,0
DA:299,0
DA:301,0
DA:302,0
DA:305,0
DA:306,0
DA:311,0
DA:312,0
DA:313,0
DA:315,0
DA:317,0
DA:318,0
DA:322,0
DA:323,0
DA:325,0
DA:449,0
DA:450,0
DA:455,0
DA:456,0
DA:469,0
DA:516,0
DA:517,0
DA:518,0
DA:519,0
DA:520,0
DA:521,0
DA:545,0
DA:546,0
DA:547,0
DA:568,0
DA:569,0
DA:656,0
DA:657,0
DA:658,0
DA:709,0
DA:763,0
DA:777,0
DA:792,0
DA:793,0
DA:794,0
DA:802,0
DA:807,0
DA:812,0
DA:828,0
DA:829,0
DA:830,0
DA:832,0
DA:833,0
DA:860,0
DA:902,0
DA:969,0
DA:977,0
DA:989,0
DA:990,0
DA:1009,0
LF:131
LH:0
BRDA:139,0,0,0
BRDA:139,0,1,0
BRDA:139,0,2,0
BRDA:139,0,3,0
BRDA:139,0,4,0
BRDA:139,0,5,0
BRDA:139,0,6,0
BRDA:151,1,0,0
BRDA:151,1,1,0
BRDA:152,2,0,0
BRDA:152,2,1,0
BRDA:168,3,0,0
BRDA:168,4,0,0
BRDA:175,5,0,0
BRDA:175,5,1,0
BRDA:178,6,0,0
BRDA:178,6,1,0
BRDA:178,7,0,0
BRDA:178,7,1,0
BRDA:187,8,0,0
BRDA:187,8,1,0
BRDA:210,9,0,0
BRDA:210,9,1,0
BRDA:282,10,0,0
BRDA:282,10,1,0
BRDA:282,11,0,0
BRDA:282,11,1,0
BRDA:282,12,0,0
BRDA:282,12,1,0
BRDA:282,13,0,0
BRDA:282,13,1,0
BRDA:283,14,0,0
BRDA:283,14,1,0
BRDA:284,15,0,0
BRDA:284,15,1,0
BRDA:284,16,0,0
BRDA:284,16,1,0
BRDA:284,17,0,0
BRDA:284,17,1,0
BRDA:284,18,0,0
BRDA:284,18,1,0
BRDA:290,19,0,0
BRDA:290,19,1,0
BRDA:290,20,0,0
BRDA:290,20,1,0
BRDA:302,21,0,0
BRDA:302,21,1,0
BRDA:312,22,0,0
BRDA:312,22,1,0
BRDA:312,23,0,0
BRDA:312,23,1,0
BRDA:315,24,0,0
BRDA:315,24,1,0
BRDA:323,25,0,0
BRDA:323,25,1,0
BRDA:428,26,0,0
BRDA:428,26,1,0
BRDA:428,27,0,0
BRDA:428,27,1,0
BRDA:428,28,0,0
BRDA:428,28,1,0
BRDA:428,29,0,0
BRDA:428,29,1,0
BRDA:429,30,0,0
BRDA:429,30,1,0
BRDA:429,31,0,0
BRDA:429,31,1,0
BRDA:429,32,0,0
BRDA:429,32,1,0
BRDA:429,33,0,0
BRDA:429,33,1,0
BRDA:430,34,0,0
BRDA:430,34,1,0
BRDA:430,35,0,0
BRDA:430,35,1,0
BRDA:430,36,0,0
BRDA:430,36,1,0
BRDA:430,37,0,0
BRDA:430,37,1,0
BRDA:518,38,0,0
BRDA:518,38,1,0
BRDA:519,39,0,0
BRDA:519,39,1,0
BRDA:524,40,0,0
BRDA:524,40,1,0
BRDA:526,41,0,0
BRDA:526,41,1,0
BRDA:527,42,0,0
BRDA:527,42,1,0
BRDA:545,43,0,0
BRDA:545,43,1,0
BRDA:550,44,0,0
BRDA:550,44,1,0
BRDA:552,45,0,0
BRDA:552,45,1,0
BRDA:569,46,0,0
BRDA:569,46,1,0
BRDA:569,47,0,0
BRDA:569,47,1,0
BRDA:569,47,2,0
BRDA:589,48,0,0
BRDA:589,48,1,0
BRDA:596,49,0,0
BRDA:596,49,1,0
BRDA:606,50,0,0
BRDA:606,50,1,0
BRDA:612,51,0,0
BRDA:612,51,1,0
BRDA:612,52,0,0
BRDA:612,52,1,0
BRDA:615,53,0,0
BRDA:615,53,1,0
BRDA:615,54,0,0
BRDA:615,54,1,0
BRDA:621,55,0,0
BRDA:621,55,1,0
BRDA:621,56,0,0
BRDA:621,56,1,0
BRDA:629,57,0,0
BRDA:629,57,1,0
BRDA:634,58,0,0
BRDA:634,58,1,0
BRDA:642,59,0,0
BRDA:642,59,1,0
BRDA:642,59,2,0
BRDA:646,60,0,0
BRDA:646,60,1,0
BRDA:655,61,0,0
BRDA:655,61,1,0
BRDA:656,62,0,0
BRDA:656,62,1,0
BRDA:661,63,0,0
BRDA:661,63,1,0
BRDA:663,64,0,0
BRDA:663,64,1,0
BRDA:667,65,0,0
BRDA:667,65,1,0
BRDA:667,66,0,0
BRDA:667,66,1,0
BRDA:674,67,0,0
BRDA:674,67,1,0
BRDA:684,68,0,0
BRDA:684,68,1,0
BRDA:737,69,0,0
BRDA:737,69,1,0
BRDA:738,70,0,0
BRDA:738,70,1,0
BRDA:766,71,0,0
BRDA:766,71,1,0
BRDA:778,72,0,0
BRDA:778,72,1,0
BRDA:792,73,0,0
BRDA:792,73,1,0
BRDA:815,74,0,0
BRDA:815,74,1,0
BRDA:816,75,0,0
BRDA:816,75,1,0
BRDA:819,76,0,0
BRDA:819,76,1,0
BRDA:830,77,0,0
BRDA:830,77,1,0
BRDA:832,78,0,0
BRDA:832,78,1,0
BRDA:837,79,0,0
BRDA:837,79,1,0
BRDA:839,80,0,0
BRDA:839,80,1,0
BRDA:850,81,0,0
BRDA:850,81,1,0
BRDA:850,81,2,0
BRDA:860,82,0,0
BRDA:860,82,1,0
BRDA:863,83,0,0
BRDA:863,83,1,0
BRDA:886,84,0,0
BRDA:886,84,1,0
BRDA:886,84,2,0
BRDA:902,85,0,0
BRDA:902,85,1,0
BRDA:905,86,0,0
BRDA:905,86,1,0
BRDA:972,87,0,0
BRDA:972,87,1,0
BRDA:973,88,0,0
BRDA:973,88,1,0
BRDA:980,89,0,0
BRDA:980,89,1,0
BRDA:981,90,0,0
BRDA:981,90,1,0
BRDA:989,91,0,0
BRDA:989,91,1,0
BRDA:991,92,0,0
BRDA:991,92,1,0
BRDA:992,93,0,0
BRDA:992,93,1,0
BRDA:1001,94,0,0
BRDA:1001,94,1,0
BRDA:1019,95,0,0
BRDA:1019,95,1,0
BRDA:1026,96,0,0
BRDA:1026,96,1,0
BRDA:1027,97,0,0
BRDA:1027,97,1,0
BRDA:1028,98,0,0
BRDA:1028,98,1,0
BRF:205
BRH:0
end_of_record
TN:
SF:app\(auth)\signup\page.tsx
FN:31,SignupPage
FN:40,(anonymous_1)
FN:41,(anonymous_2)
FN:46,handleSignup
FN:80,(anonymous_4)
FN:98,(anonymous_5)
FN:107,(anonymous_6)
FN:116,(anonymous_7)
FN:144,(anonymous_8)
FN:147,(anonymous_9)
FNF:10
FNH:0
FNDA:0,SignupPage
FNDA:0,(anonymous_1)
FNDA:0,(anonymous_2)
FNDA:0,handleSignup
FNDA:0,(anonymous_4)
FNDA:0,(anonymous_5)
FNDA:0,(anonymous_6)
FNDA:0,(anonymous_7)
FNDA:0,(anonymous_8)
FNDA:0,(anonymous_9)
DA:10,0
DA:32,0
DA:33,0
DA:34,0
DA:35,0
DA:36,0
DA:37,0
DA:38,0
DA:40,0
DA:41,0
DA:42,0
DA:47,0
DA:48,0
DA:49,0
DA:50,0
DA:51,0
DA:52,0
DA:54,0
DA:55,0
DA:63,0
DA:64,0
DA:65,0
DA:67,0
DA:69,0
DA:70,0
DA:73,0
DA:75,0
DA:79,0
DA:80,0
DA:83,0
DA:98,0
DA:107,0
DA:116,0
DA:145,0
DA:147,0
LF:35
LH:0
BRDA:42,0,0,0
BRDA:42,0,1,0
BRDA:48,1,0,0
BRDA:48,1,1,0
BRDA:49,2,0,0
BRDA:49,2,1,0
BRDA:50,3,0,0
BRDA:50,3,1,0
BRDA:63,4,0,0
BRDA:63,4,1,0
BRDA:63,5,0,0
BRDA:63,5,1,0
BRDA:63,6,0,0
BRDA:63,6,1,0
BRDA:64,7,0,0
BRDA:64,7,1,0
BRDA:69,8,0,0
BRDA:69,8,1,0
BRDA:69,9,0,0
BRDA:69,9,1,0
BRDA:69,10,0,0
BRDA:69,10,1,0
BRDA:124,11,0,0
BRDA:124,11,1,0
BRDA:128,12,0,0
BRDA:128,12,1,0
BRDA:128,12,2,0
BRDA:128,12,3,0
BRDA:131,13,0,0
BRDA:131,13,1,0
BRDA:135,14,0,0
BRDA:135,14,1,0
BRF:32
BRH:0
end_of_record
TN:
SF:app\admin\page.tsx
FN:7,AdminPage
FN:44,(anonymous_1)
FN:50,(anonymous_2)
FN:51,(anonymous_3)
FN:69,(anonymous_4)
FN:92,(anonymous_5)
FNF:6
FNH:0
FNDA:0,AdminPage
FNDA:0,(anonymous_1)
FNDA:0,(anonymous_2)
FNDA:0,(anonymous_3)
FNDA:0,(anonymous_4)
FNDA:0,(anonymous_5)
DA:9,0
DA:10,0
DA:12,0
DA:24,0
DA:25,0
DA:28,0
DA:29,0
DA:30,0
DA:32,0
DA:44,0
DA:45,0
DA:46,0
DA:47,0
DA:50,0
DA:51,0
DA:53,0
DA:70,0
DA:92,0
LF:18
LH:0
BRDA:24,0,0,0
BRDA:24,0,1,0
BRDA:24,1,0,0
BRDA:24,1,1,0
BRDA:24,2,0,0
BRDA:24,2,1,0
BRDA:24,3,0,0
BRDA:24,3,1,0
BRDA:24,4,0,0
BRDA:24,4,1,0
BRDA:45,5,0,0
BRDA:45,5,1,0
BRDA:46,6,0,0
BRDA:46,6,1,0
BRDA:89,7,0,0
BRDA:89,7,1,0
BRDA:95,8,0,0
BRDA:95,8,1,0
BRDA:100,9,0,0
BRDA:100,9,1,0
BRDA:103,10,0,0
BRDA:103,10,1,0
BRDA:106,11,0,0
BRDA:106,11,1,0
BRDA:106,12,0,0
BRDA:106,12,1,0
BRDA:106,13,0,0
BRDA:106,13,1,0
BRDA:106,14,0,0
BRDA:106,14,1,0
BRDA:106,15,0,0
BRDA:106,15,1,0
BRDA:106,16,0,0
BRDA:106,16,1,0
BRF:34
BRH:0
end_of_record
TN:
SF:app\api\admin\route.ts
FN:8,GET
FN:9,(anonymous_1)
FN:22,(anonymous_2)
FN:23,(anonymous_3)
FN:24,(anonymous_4)
FN:32,PATCH
FN:33,(anonymous_6)
FNF:7
FNH:0
FNDA:0,GET
FNDA:0,(anonymous_1)
FNDA:0,(anonymous_2)
FNDA:0,(anonymous_3)
FNDA:0,(anonymous_4)
FNDA:0,PATCH
FNDA:0,(anonymous_6)
DA:9,0
DA:10,0
DA:12,0
DA:13,0
DA:16,0
DA:18,0
DA:20,0
DA:22,0
DA:23,0
DA:24,0
DA:28,0
DA:33,0
DA:34,0
DA:36,0
DA:37,0
DA:40,0
DA:42,0
DA:43,0
DA:46,0
DA:51,0
LF:20
LH:0
BRDA:12,0,0,0
BRDA:12,0,1,0
BRDA:12,1,0,0
BRDA:12,1,1,0
BRDA:12,2,0,0
BRDA:12,2,1,0
BRDA:12,3,0,0
BRDA:12,3,1,0
BRDA:12,4,0,0
BRDA:12,4,1,0
BRDA:36,5,0,0
BRDA:36,5,1,0
BRDA:36,6,0,0
BRDA:36,6,1,0
BRDA:36,7,0,0
BRDA:36,7,1,0
BRDA:36,8,0,0
BRDA:36,8,1,0
BRDA:36,9,0,0
BRDA:36,9,1,0
BRDA:42,10,0,0
BRDA:42,10,1,0
BRDA:47,11,0,0
BRDA:47,11,1,0
BRDA:48,12,0,0
BRDA:48,12,1,0
BRF:26
BRH:0
end_of_record
TN:
SF:app\api\admin\activate\route.ts
FN:7,POST
FNF:1
FNH:0
FNDA:0,POST
DA:8,0
DA:10,0
DA:11,0
DA:14,0
DA:15,0
DA:16,0
DA:18,0
DA:19,0
DA:20,0
DA:23,0
DA:24,0
DA:25,0
DA:28,0
DA:33,0
DA:46,0
LF:15
LH:0
BRDA:10,0,0,0
BRDA:10,0,1,0
BRDA:15,1,0,0
BRDA:15,1,1,0
BRDA:16,2,0,0
BRDA:16,2,1,0
BRDA:19,3,0,0
BRDA:19,3,1,0
BRDA:19,4,0,0
BRDA:19,4,1,0
BRDA:24,5,0,0
BRDA:24,5,1,0
BRF:12
BRH:0
end_of_record
TN:
SF:app\api\admin\data\route.ts
FN:6,GET
FNF:1
FNH:0
FNDA:0,GET
DA:7,0
DA:8,0
DA:9,0
DA:11,0
DA:31,0
LF:5
LH:0
BRDA:8,0,0,0
BRDA:8,0,1,0
BRDA:9,1,0,0
BRDA:9,1,1,0
BRF:4
BRH:0
end_of_record
TN:
SF:app\api\admin\lifetime\route.ts
FN:7,POST
FNF:1
FNH:0
FNDA:0,POST
DA:8,0
DA:9,0
DA:10,0
DA:13,0
DA:14,0
DA:16,0
DA:17,0
DA:20,0
DA:21,0
DA:22,0
DA:25,0
DA:33,0
DA:46,0
LF:13
LH:0
BRDA:9,0,0,0
BRDA:9,0,1,0
BRDA:14,1,0,0
BRDA:14,1,1,0
BRDA:14,2,0,0
BRDA:14,2,1,0
BRDA:14,3,0,0
BRDA:14,3,1,0
BRDA:16,4,0,0
BRDA:16,4,1,0
BRDA:21,5,0,0
BRDA:21,5,1,0
BRF:12
BRH:0
end_of_record
TN:
SF:app\api\admin\manual-activate\route.ts
FN:7,POST
FNF:1
FNH:0
FNDA:0,POST
DA:8,0
DA:9,0
DA:10,0
DA:13,0
DA:14,0
DA:15,0
DA:17,0
DA:18,0
DA:19,0
DA:22,0
DA:23,0
DA:24,0
DA:27,0
DA:32,0
DA:45,0
LF:15
LH:0
BRDA:9,0,0,0
BRDA:9,0,1,0
BRDA:9,1,0,0
BRDA:9,1,1,0
BRDA:14,2,0,0
BRDA:14,2,1,0
BRDA:15,3,0,0
BRDA:15,3,1,0
BRDA:18,4,0,0
BRDA:18,4,1,0
BRDA:18,5,0,0
BRDA:18,5,1,0
BRDA:23,6,0,0
BRDA:23,6,1,0
BRF:14
BRH:0
end_of_record
TN:
SF:app\api\admin\reset-posts\route.ts
FN:6,POST
FNF:1
FNH:0
FNDA:0,POST
DA:7,0
DA:9,0
DA:10,0
DA:13,0
DA:14,0
DA:16,0
DA:17,0
DA:20,0
DA:25,0
DA:26,0
DA:29,0
DA:33,0
LF:12
LH:0
BRDA:9,0,0,0
BRDA:9,0,1,0
BRDA:14,1,0,0
BRDA:14,1,1,0
BRDA:16,2,0,0
BRDA:16,2,1,0
BRDA:25,3,0,0
BRDA:25,3,1,0
BRF:8
BRH:0
end_of_record
TN:
SF:app\api\admin\users\route.ts
FN:7,GET
FNF:1
FNH:0
FNDA:0,GET
DA:8,0
DA:9,0
DA:10,0
DA:12,0
DA:24,0
LF:5
LH:0
BRDA:9,0,0,0
BRDA:9,0,1,0
BRDA:9,1,0,0
BRDA:9,1,1,0
BRDA:9,2,0,0
BRDA:9,2,1,0
BRDA:9,3,0,0
BRDA:9,3,1,0
BRDA:9,4,0,0
BRDA:9,4,1,0
BRDA:9,5,0,0
BRDA:9,5,1,0
BRF:12
BRH:0
end_of_record
TN:
SF:app\api\audit\route.ts
FN:7,GET
FNF:1
FNH:0
FNDA:0,GET
DA:4,0
DA:5,0
DA:8,0
DA:9,0
DA:23,0
DA:25,0
DA:26,0
LF:7
LH:0
BRF:0
BRH:0
end_of_record
TN:
SF:app\api\auth\[...nextauth]\route.ts
FNF:0
FNH:0
DA:4,0
LF:1
LH:0
BRF:0
BRH:0
end_of_record
TN:
SF:app\api\auth\logout\route.ts
FN:7,POST
FNF:1
FNH:0
FNDA:0,POST
DA:8,0
DA:9,0
DA:10,0
DA:13,0
DA:14,0
DA:16,0
LF:6
LH:0
BRDA:9,0,0,0
BRDA:9,0,1,0
BRDA:9,1,0,0
BRDA:9,1,1,0
BRDA:9,2,0,0
BRDA:9,2,1,0
BRDA:9,3,0,0
BRDA:9,3,1,0
BRDA:9,4,0,0
BRDA:9,4,1,0
BRF:10
BRH:0
end_of_record
TN:
SF:app\api\auth\reset-confirm\route.ts
FN:11,POST
FNF:1
FNH:0
FNDA:0,POST
DA:12,0
DA:13,0
DA:15,0
DA:16,0
DA:17,0
DA:18,0
DA:21,0
DA:22,0
DA:23,0
DA:24,0
DA:30,0
DA:31,0
DA:32,0
DA:33,0
DA:34,0
DA:37,0
DA:38,0
DA:40,0
DA:41,0
DA:42,0
DA:43,0
DA:46,0
DA:47,0
DA:48,0
DA:49,0
DA:52,0
DA:53,0
DA:54,0
DA:57,0
DA:58,0
DA:59,0
DA:62,0
DA:64,0
DA:75,0
DA:76,0
DA:78,0
DA:80,0
DA:81,0
LF:38
LH:0
BRDA:16,0,0,0
BRDA:16,0,1,0
BRDA:22,1,0,0
BRDA:22,1,1,0
BRDA:32,2,0,0
BRDA:32,2,1,0
BRDA:38,3,0,0
BRDA:38,3,1,0
BRDA:38,4,0,0
BRDA:38,4,1,0
BRDA:41,5,0,0
BRDA:41,5,1,0
BRDA:47,6,0,0
BRDA:47,6,1,0
BRDA:47,7,0,0
BRDA:47,7,1,0
BRDA:52,8,0,0
BRDA:52,8,1,0
BRDA:57,9,0,0
BRDA:57,9,1,0
BRF:20
BRH:0
end_of_record
TN:
SF:app\api\auth\reset-password\route.ts
FN:11,POST
FNF:1
FNH:0
FNDA:0,POST
DA:12,0
DA:13,0
DA:15,0
DA:16,0
DA:17,0
DA:18,0
DA:21,0
DA:22,0
DA:23,0
DA:24,0
DA:30,0
DA:31,0
DA:32,0
DA:33,0
DA:34,0
DA:37,0
DA:38,0
DA:40,0
DA:41,0
DA:42,0
DA:43,0
DA:46,0
DA:47,0
DA:48,0
DA:49,0
DA:52,0
DA:53,0
DA:54,0
DA:57,0
DA:58,0
DA:59,0
DA:62,0
DA:64,0
DA:75,0
DA:76,0
DA:78,0
DA:80,0
DA:81,0
LF:38
LH:0
BRDA:16,0,0,0
BRDA:16,0,1,0
BRDA:22,1,0,0
BRDA:22,1,1,0
BRDA:32,2,0,0
BRDA:32,2,1,0
BRDA:38,3,0,0
BRDA:38,3,1,0
BRDA:38,4,0,0
BRDA:38,4,1,0
BRDA:41,5,0,0
BRDA:41,5,1,0
BRDA:47,6,0,0
BRDA:47,6,1,0
BRDA:47,7,0,0
BRDA:47,7,1,0
BRDA:52,8,0,0
BRDA:52,8,1,0
BRDA:57,9,0,0
BRDA:57,9,1,0
BRF:20
BRH:0
end_of_record
TN:
SF:app\api\generate\route.ts
FN:39,resolveModel
FN:59,parseAIResponse
FN:89,(anonymous_2)
FN:96,POST
FNF:4
FNH:0
FNDA:0,resolveModel
FNDA:0,parseAIResponse
FNDA:0,(anonymous_2)
FNDA:0,POST
DA:18,0
DA:27,0
DA:41,0
DA:45,0
DA:46,0
DA:48,0
DA:49,0
DA:51,0
DA:52,0
DA:54,0
DA:61,0
DA:62,0
DA:63,0
DA:64,0
DA:65,0
DA:66,0
DA:75,0
DA:76,0
DA:77,0
DA:78,0
DA:79,0
DA:80,0
DA:89,0
DA:90,0
DA:91,0
DA:97,0
DA:98,0
DA:100,0
DA:102,0
DA:103,0
DA:104,0
DA:108,0
DA:109,0
DA:110,0
DA:115,0
DA:116,0
DA:118,0
DA:121,0
DA:122,0
DA:123,0
DA:132,0
DA:135,0
DA:138,0
DA:139,0
DA:140,0
DA:147,0
DA:148,0
DA:149,0
DA:159,0
DA:160,0
DA:161,0
DA:167,0
DA:176,0
DA:192,0
DA:193,0
DA:199,0
DA:200,0
DA:203,0
DA:206,0
DA:213,0
DA:215,0
DA:216,0
DA:218,0
LF:63
LH:0
BRDA:41,0,0,0
BRDA:41,0,1,0
BRDA:41,0,2,0
BRDA:45,1,0,0
BRDA:45,1,1,0
BRDA:45,2,0,0
BRDA:45,2,1,0
BRDA:48,3,0,0
BRDA:48,3,1,0
BRDA:51,4,0,0
BRDA:51,4,1,0
BRDA:62,5,0,0
BRDA:62,5,1,0
BRDA:62,6,0,0
BRDA:62,6,1,0
BRDA:62,7,0,0
BRDA:62,7,1,0
BRDA:65,8,0,0
BRDA:65,8,1,0
BRDA:68,9,0,0
BRDA:68,9,1,0
BRDA:76,10,0,0
BRDA:76,10,1,0
BRDA:79,11,0,0
BRDA:79,11,1,0
BRDA:82,12,0,0
BRDA:82,12,1,0
BRDA:89,13,0,0
BRDA:89,13,1,0
BRDA:89,14,0,0
BRDA:89,14,1,0
BRDA:103,15,0,0
BRDA:103,15,1,0
BRDA:109,16,0,0
BRDA:109,16,1,0
BRDA:122,17,0,0
BRDA:122,17,1,0
BRDA:139,18,0,0
BRDA:139,18,1,0
BRDA:148,19,0,0
BRDA:148,19,1,0
BRDA:148,20,0,0
BRDA:148,20,1,0
BRDA:160,21,0,0
BRDA:160,21,1,0
BRDA:215,22,0,0
BRDA:215,22,1,0
BRF:47
BRH:0
end_of_record
TN:
SF:app\api\generate\stream\route.ts
FN:15,POST
FN:16,(anonymous_8)
FN:52,(anonymous_9)
FNF:3
FNH:0
FNDA:0,POST
FNDA:0,(anonymous_8)
FNDA:0,(anonymous_9)
DA:10,0
DA:16,0
DA:17,0
DA:18,0
DA:20,0
DA:21,0
DA:22,0
DA:25,0
DA:26,0
DA:27,0
DA:30,0
DA:32,0
DA:33,0
DA:34,0
DA:35,0
DA:38,0
DA:45,0
DA:50,0
DA:51,0
DA:53,0
DA:54,0
DA:55,0
DA:57,0
DA:59,0
DA:66,0
DA:68,0
DA:73,0
LF:27
LH:0
BRDA:21,0,0,0
BRDA:21,0,1,0
BRDA:21,1,0,0
BRDA:21,1,1,0
BRDA:21,2,0,0
BRDA:21,2,1,0
BRDA:21,3,0,0
BRDA:21,3,1,0
BRDA:21,4,0,0
BRDA:21,4,1,0
BRDA:26,5,0,0
BRDA:26,5,1,0
BRDA:32,6,0,0
BRDA:32,6,1,0
BRDA:34,7,0,0
BRDA:34,7,1,0
BRF:16
BRH:0
end_of_record
TN:
SF:app\api\health\route.ts
FN:4,GET
FNF:1
FNH:0
FNDA:0,GET
DA:5,0
DA:6,0
DA:7,0
DA:12,0
LF:4
LH:0
BRF:0
BRH:0
end_of_record
TN:
SF:app\api\log\route.ts
FN:12,POST
FN:37,(anonymous_1)
FNF:2
FNH:0
FNDA:0,POST
FNDA:0,(anonymous_1)
DA:5,0
DA:13,0
DA:15,0
DA:16,0
DA:17,0
DA:18,0
DA:21,0
DA:23,0
DA:32,0
DA:33,0
DA:40,0
DA:41,0
DA:44,0
DA:46,0
LF:14
LH:0
BRDA:17,0,0,0
BRDA:17,0,1,0
BRDA:28,1,0,0
BRDA:28,1,1,0
BRDA:29,2,0,0
BRDA:29,2,1,0
BRDA:32,3,0,0
BRDA:32,3,1,0
BRDA:40,4,0,0
BRDA:40,4,1,0
BRF:10
BRH:0
end_of_record
TN:
SF:app\api\media\generate\route.ts
FN:7,POST
FNF:1
FNH:0
FNDA:0,POST
DA:8,0
DA:9,0
DA:10,0
DA:11,0
DA:14,0
DA:15,0
DA:16,0
DA:19,0
DA:20,0
DA:21,0
DA:24,0
DA:25,0
DA:26,0
DA:27,0
DA:30,0
DA:44,0
DA:48,0
DA:54,0
DA:55,0
LF:19
LH:0
BRDA:10,0,0,0
BRDA:10,0,1,0
BRDA:10,1,0,0
BRDA:10,1,1,0
BRDA:10,2,0,0
BRDA:10,2,1,0
BRDA:10,3,0,0
BRDA:10,3,1,0
BRDA:10,4,0,0
BRDA:10,4,1,0
BRDA:15,5,0,0
BRDA:15,5,1,0
BRDA:20,6,0,0
BRDA:20,6,1,0
BRDA:20,7,0,0
BRDA:20,7,1,0
BRDA:20,7,2,0
BRDA:26,8,0,0
BRDA:26,8,1,0
BRDA:33,9,0,0
BRDA:33,9,1,0
BRDA:35,10,0,0
BRDA:35,10,1,0
BRDA:36,11,0,0
BRDA:36,11,1,0
BRDA:36,12,0,0
BRDA:36,12,1,0
BRDA:37,13,0,0
BRDA:37,13,1,0
BRDA:37,14,0,0
BRDA:37,14,1,0
BRDA:44,15,0,0
BRDA:44,15,1,0
BRDA:54,16,0,0
BRDA:54,16,1,0
BRF:35
BRH:0
end_of_record
TN:
SF:app\api\payment\dodo\webhook\route.ts
FN:26,verifyDodoSignature
FN:75,POST
FNF:2
FNH:0
FNDA:0,verifyDodoSignature
FNDA:0,POST
DA:15,0
DA:16,0
DA:30,0
DA:31,0
DA:33,0
DA:34,0
DA:37,0
DA:38,0
DA:39,0
DA:42,0
DA:43,0
DA:45,0
DA:46,0
DA:47,0
DA:51,0
DA:52,0
DA:53,0
DA:56,0
DA:57,0
DA:60,0
DA:63,0
DA:64,0
DA:67,0
DA:68,0
DA:76,0
DA:77,0
DA:78,0
DA:81,0
DA:82,0
DA:83,0
DA:88,0
DA:93,0
DA:94,0
DA:96,0
DA:97,0
DA:100,0
DA:101,0
DA:102,0
DA:104,0
DA:105,0
DA:108,0
DA:111,0
DA:112,0
DA:116,0
DA:121,0
DA:122,0
DA:123,0
DA:127,0
DA:128,0
DA:129,0
DA:130,0
DA:132,0
DA:133,0
DA:134,0
DA:137,0
DA:138,0
DA:139,0
DA:143,0
DA:153,0
DA:154,0
DA:169,0
DA:178,0
DA:184,0
DA:185,0
DA:187,0
DA:190,0
DA:191,0
LF:67
LH:0
BRDA:15,0,0,0
BRDA:15,0,1,0
BRDA:15,1,0,0
BRDA:15,1,1,0
BRDA:30,2,0,0
BRDA:30,2,1,0
BRDA:33,3,0,0
BRDA:33,3,1,0
BRDA:38,4,0,0
BRDA:38,4,1,0
BRDA:46,5,0,0
BRDA:46,5,1,0
BRDA:46,6,0,0
BRDA:46,6,1,0
BRDA:52,7,0,0
BRDA:52,7,1,0
BRDA:52,8,0,0
BRDA:52,8,1,0
BRDA:63,9,0,0
BRDA:63,9,1,0
BRDA:68,10,0,0
BRDA:68,10,1,0
BRDA:78,11,0,0
BRDA:78,11,1,0
BRDA:78,12,0,0
BRDA:78,12,1,0
BRDA:82,13,0,0
BRDA:82,13,1,0
BRDA:102,14,0,0
BRDA:102,14,1,0
BRDA:102,15,0,0
BRDA:102,15,1,0
BRDA:104,16,0,0
BRDA:104,16,1,0
BRDA:104,17,0,0
BRDA:104,17,1,0
BRDA:111,18,0,0
BRDA:111,18,1,0
BRDA:111,19,0,0
BRDA:111,19,1,0
BRDA:121,20,0,0
BRDA:121,20,1,0
BRDA:127,21,0,0
BRDA:127,21,1,0
BRDA:127,22,0,0
BRDA:127,22,1,0
BRDA:130,23,0,0
BRDA:130,23,1,0
BRDA:130,24,0,0
BRDA:130,24,1,0
BRDA:130,25,0,0
BRDA:130,25,1,0
BRDA:132,26,0,0
BRDA:132,26,1,0
BRDA:132,27,0,0
BRDA:132,27,1,0
BRDA:132,27,2,0
BRDA:137,28,0,0
BRDA:137,28,1,0
BRDA:184,29,0,0
BRDA:184,29,1,0
BRDA:184,30,0,0
BRDA:184,30,1,0
BRF:63
BRH:0
end_of_record
TN:
SF:app\api\payment\pi\verify\route.ts
FN:21,POST
FN:59,(anonymous_1)
FNF:2
FNH:0
FNDA:0,POST
FNDA:0,(anonymous_1)
DA:16,0
DA:17,0
DA:22,0
DA:25,0
DA:26,0
DA:27,0
DA:28,0
DA:31,0
DA:35,0
DA:36,0
DA:38,0
DA:41,0
DA:43,0
DA:44,0
DA:46,0
DA:47,0
DA:52,0
DA:53,0
DA:56,0
DA:59,0
DA:60,0
DA:61,0
DA:62,0
DA:66,0
DA:67,0
DA:69,0
DA:70,0
DA:78,0
DA:85,0
DA:86,0
DA:87,0
DA:88,0
DA:94,0
DA:97,0
DA:98,0
DA:115,0
DA:124,0
DA:132,0
DA:133,0
DA:134,0
DA:137,0
DA:138,0
LF:42
LH:0
BRDA:26,0,0,0
BRDA:26,0,1,0
BRDA:26,1,0,0
BRDA:26,1,1,0
BRDA:26,2,0,0
BRDA:26,2,1,0
BRDA:26,3,0,0
BRDA:26,3,1,0
BRDA:26,4,0,0
BRDA:26,4,1,0
BRDA:43,5,0,0
BRDA:43,5,1,0
BRDA:43,6,0,0
BRDA:43,6,1,0
BRDA:46,7,0,0
BRDA:46,7,1,0
BRDA:46,8,0,0
BRDA:46,8,1,0
BRDA:52,9,0,0
BRDA:52,9,1,0
BRDA:52,10,0,0
BRDA:52,10,1,0
BRDA:60,11,0,0
BRDA:60,11,1,0
BRDA:69,12,0,0
BRDA:69,12,1,0
BRDA:86,13,0,0
BRDA:86,13,1,0
BRDA:94,14,0,0
BRDA:94,14,1,0
BRDA:94,15,0,0
BRDA:94,15,1,0
BRDA:109,16,0,0
BRDA:109,16,1,0
BRDA:109,17,0,0
BRDA:109,17,1,0
BRDA:109,18,0,0
BRDA:109,18,1,0
BRDA:109,19,0,0
BRDA:109,19,1,0
BRDA:110,20,0,0
BRDA:110,20,1,0
BRDA:110,21,0,0
BRDA:110,21,1,0
BRDA:110,22,0,0
BRDA:110,22,1,0
BRDA:110,23,0,0
BRDA:110,23,1,0
BRDA:132,24,0,0
BRDA:132,24,1,0
BRDA:132,25,0,0
BRDA:132,25,1,0
BRF:52
BRH:0
end_of_record
TN:
SF:app\api\posts\route.ts
FN:6,GET
FN:19,POST
FNF:2
FNH:0
FNDA:0,GET
FNDA:0,POST
DA:7,0
DA:8,0
DA:9,0
DA:11,0
DA:16,0
DA:20,0
DA:21,0
DA:22,0
DA:24,0
DA:25,0
DA:26,0
DA:28,0
DA:31,0
LF:13
LH:0
BRDA:8,0,0,0
BRDA:8,0,1,0
BRDA:8,1,0,0
BRDA:8,1,1,0
BRDA:8,2,0,0
BRDA:8,2,1,0
BRDA:8,3,0,0
BRDA:8,3,1,0
BRDA:8,4,0,0
BRDA:8,4,1,0
BRDA:21,5,0,0
BRDA:21,5,1,0
BRDA:21,6,0,0
BRDA:21,6,1,0
BRDA:21,7,0,0
BRDA:21,7,1,0
BRDA:21,8,0,0
BRDA:21,8,1,0
BRDA:21,9,0,0
BRDA:21,9,1,0
BRDA:25,10,0,0
BRDA:25,10,1,0
BRDA:25,11,0,0
BRDA:25,11,1,0
BRF:24
BRH:0
end_of_record
TN:
SF:app\api\rules\route.ts
FN:6,GET
FNF:1
FNH:0
FNDA:0,GET
DA:3,0
DA:4,0
DA:9,0
DA:66,0
LF:4
LH:0
BRF:0
BRH:0
end_of_record
TN:
SF:app\api\seats\route.ts
FN:6,kvGet
FN:23,kvIncr
FN:40,GET
FN:61,POST
FNF:4
FNH:0
FNDA:0,kvGet
FNDA:0,kvIncr
FNDA:0,GET
FNDA:0,POST
DA:3,0
DA:4,0
DA:7,0
DA:8,0
DA:9,0
DA:10,0
DA:11,0
DA:15,0
DA:16,0
DA:17,0
DA:19,0
DA:24,0
DA:25,0
DA:26,0
DA:27,0
DA:28,0
DA:32,0
DA:33,0
DA:34,0
DA:36,0
DA:41,0
DA:42,0
DA:43,0
DA:45,0
DA:62,0
DA:63,0
DA:64,0
DA:67,0
DA:68,0
DA:69,0
DA:72,0
LF:31
LH:0
BRDA:9,0,0,0
BRDA:9,0,1,0
BRDA:9,1,0,0
BRDA:9,1,1,0
BRDA:15,2,0,0
BRDA:15,2,1,0
BRDA:17,3,0,0
BRDA:17,3,1,0
BRDA:17,4,0,0
BRDA:17,4,1,0
BRDA:17,5,0,0
BRDA:17,5,1,0
BRDA:17,6,0,0
BRDA:17,6,1,0
BRDA:26,7,0,0
BRDA:26,7,1,0
BRDA:26,8,0,0
BRDA:26,8,1,0
BRDA:32,9,0,0
BRDA:32,9,1,0
BRDA:34,10,0,0
BRDA:34,10,1,0
BRDA:34,11,0,0
BRDA:34,11,1,0
BRDA:34,12,0,0
BRDA:34,12,1,0
BRDA:42,13,0,0
BRDA:42,13,1,0
BRDA:63,14,0,0
BRDA:63,14,1,0
BRDA:63,15,0,0
BRDA:63,15,1,0
BRDA:68,16,0,0
BRDA:68,16,1,0
BRF:34
BRH:0
end_of_record
TN:
SF:app\api\stats\route.ts
FN:6,GET
FNF:1
FNH:0
FNDA:0,GET
DA:4,0
DA:7,0
DA:8,0
DA:9,0
DA:11,0
DA:17,0
DA:19,0
LF:7
LH:0
BRF:0
BRH:0
end_of_record
TN:
SF:app\api\user\route.ts
FN:6,GET
FNF:1
FNH:0
FNDA:0,GET
DA:7,0
DA:8,0
DA:9,0
DA:12,0
DA:23,0
DA:24,0
DA:27,0
LF:7
LH:0
BRDA:8,0,0,0
BRDA:8,0,1,0
BRDA:8,1,0,0
BRDA:8,1,1,0
BRDA:8,2,0,0
BRDA:8,2,1,0
BRDA:8,3,0,0
BRDA:8,3,1,0
BRDA:8,4,0,0
BRDA:8,4,1,0
BRDA:23,5,0,0
BRDA:23,5,1,0
BRF:12
BRH:0
end_of_record
TN:
SF:app\dashboard\page.tsx
FN:27,DashboardPage
FN:44,(anonymous_1)
FN:46,(anonymous_2)
FN:46,(anonymous_3)
FN:48,(anonymous_4)
FN:52,(anonymous_5)
FN:60,(anonymous_6)
FN:64,handleGenerate
FN:88,handleSave
FN:99,(anonymous_9)
FN:132,(anonymous_10)
FN:139,(anonymous_11)
FN:140,(anonymous_12)
FN:153,(anonymous_13)
FN:154,(anonymous_14)
FN:161,(anonymous_15)
FN:179,(anonymous_16)
FN:179,(anonymous_17)
FN:187,(anonymous_18)
FN:194,(anonymous_19)
FN:201,(anonymous_20)
FN:221,(anonymous_21)
FN:225,(anonymous_22)
FNF:23
FNH:0
FNDA:0,DashboardPage
FNDA:0,(anonymous_1)
FNDA:0,(anonymous_2)
FNDA:0,(anonymous_3)
FNDA:0,(anonymous_4)
FNDA:0,(anonymous_5)
FNDA:0,(anonymous_6)
FNDA:0,handleGenerate
FNDA:0,handleSave
FNDA:0,(anonymous_9)
FNDA:0,(anonymous_10)
FNDA:0,(anonymous_11)
FNDA:0,(anonymous_12)
FNDA:0,(anonymous_13)
FNDA:0,(anonymous_14)
FNDA:0,(anonymous_15)
FNDA:0,(anonymous_16)
FNDA:0,(anonymous_17)
FNDA:0,(anonymous_18)
FNDA:0,(anonymous_19)
FNDA:0,(anonymous_20)
FNDA:0,(anonymous_21)
FNDA:0,(anonymous_22)
DA:20,0
DA:28,0
DA:29,0
DA:30,0
DA:31,0
DA:32,0
DA:33,0
DA:34,0
DA:35,0
DA:36,0
DA:37,0
DA:38,0
DA:39,0
DA:40,0
DA:42,0
DA:44,0
DA:45,0
DA:46,0
DA:47,0
DA:52,0
DA:53,0
DA:54,0
DA:55,0
DA:56,0
DA:57,0
DA:60,0
DA:61,0
DA:65,0
DA:66,0
DA:67,0
DA:68,0
DA:69,0
DA:70,0
DA:72,0
DA:73,0
DA:78,0
DA:79,0
DA:80,0
DA:82,0
DA:84,0
DA:89,0
DA:90,0
DA:91,0
DA:92,0
DA:97,0
DA:98,0
DA:99,0
DA:101,0
DA:103,0
DA:107,0
DA:108,0
DA:118,0
DA:122,0
DA:132,0
DA:139,0
DA:140,0
DA:154,0
DA:161,0
DA:179,0
DA:188,0
DA:189,0
DA:195,0
DA:196,0
DA:202,0
DA:203,0
DA:221,0
DA:226,0
LF:67
LH:0
BRDA:42,0,0,0
BRDA:42,0,1,0
BRDA:42,1,0,0
BRDA:42,1,1,0
BRDA:42,2,0,0
BRDA:42,2,1,0
BRDA:42,3,0,0
BRDA:42,3,1,0
BRDA:42,4,0,0
BRDA:42,4,1,0
BRDA:42,5,0,0
BRDA:42,5,1,0
BRDA:42,6,0,0
BRDA:42,6,1,0
BRDA:42,7,0,0
BRDA:42,7,1,0
BRDA:42,8,0,0
BRDA:42,8,1,0
BRDA:42,9,0,0
BRDA:42,9,1,0
BRDA:45,10,0,0
BRDA:45,10,1,0
BRDA:47,11,0,0
BRDA:47,11,1,0
BRDA:47,12,0,0
BRDA:47,12,1,0
BRDA:47,13,0,0
BRDA:47,13,1,0
BRDA:47,14,0,0
BRDA:47,14,1,0
BRDA:47,15,0,0
BRDA:47,15,1,0
BRDA:56,16,0,0
BRDA:56,16,1,0
BRDA:56,17,0,0
BRDA:56,17,1,0
BRDA:61,18,0,0
BRDA:61,18,1,0
BRDA:65,19,0,0
BRDA:65,19,1,0
BRDA:65,20,0,0
BRDA:65,20,1,0
BRDA:79,21,0,0
BRDA:79,21,1,0
BRDA:79,22,0,0
BRDA:79,22,1,0
BRDA:80,23,0,0
BRDA:80,23,1,0
BRDA:80,23,2,0
BRDA:82,24,0,0
BRDA:82,24,1,0
BRDA:89,25,0,0
BRDA:89,25,1,0
BRDA:89,26,0,0
BRDA:89,26,1,0
BRDA:97,27,0,0
BRDA:97,27,1,0
BRDA:107,28,0,0
BRDA:107,28,1,0
BRDA:118,29,0,0
BRDA:118,29,1,0
BRDA:139,30,0,0
BRDA:139,30,1,0
BRDA:140,31,0,0
BRDA:140,31,1,0
BRDA:144,32,0,0
BRDA:144,32,1,0
BRDA:148,33,0,0
BRDA:148,33,1,0
BRDA:155,34,0,0
BRDA:155,34,1,0
BRDA:166,35,0,0
BRDA:166,35,1,0
BRDA:168,36,0,0
BRDA:168,36,1,0
BRDA:171,37,0,0
BRDA:171,37,1,0
BRDA:175,38,0,0
BRDA:175,38,1,0
BRDA:181,39,0,0
BRDA:181,39,1,0
BRDA:185,40,0,0
BRDA:185,40,1,0
BRDA:185,41,0,0
BRDA:185,41,1,0
BRDA:214,42,0,0
BRDA:214,42,1,0
BRDA:216,43,0,0
BRDA:216,43,1,0
BRDA:218,44,0,0
BRDA:218,44,1,0
BRF:91
BRH:0
end_of_record
TN:
SF:app\dashboard\founder\page.tsx
FN:18,FounderPage
FN:24,(anonymous_1)
FN:29,(anonymous_2)
FN:30,(anonymous_3)
FN:34,(anonymous_4)
FN:35,(anonymous_5)
FN:36,(anonymous_6)
FN:39,(anonymous_7)
FN:40,(anonymous_8)
FN:87,(anonymous_9)
FN:117,(anonymous_10)
FN:140,(anonymous_11)
FN:140,(anonymous_12)
FNF:13
FNH:0
FNDA:0,FounderPage
FNDA:0,(anonymous_1)
FNDA:0,(anonymous_2)
FNDA:0,(anonymous_3)
FNDA:0,(anonymous_4)
FNDA:0,(anonymous_5)
FNDA:0,(anonymous_6)
FNDA:0,(anonymous_7)
FNDA:0,(anonymous_8)
FNDA:0,(anonymous_9)
FNDA:0,(anonymous_10)
FNDA:0,(anonymous_11)
FNDA:0,(anonymous_12)
DA:19,0
DA:20,0
DA:21,0
DA:22,0
DA:24,0
DA:25,0
DA:26,0
DA:28,0
DA:29,0
DA:31,0
DA:32,0
DA:34,0
DA:35,0
DA:36,0
DA:40,0
DA:43,0
DA:44,0
DA:54,0
DA:55,0
DA:66,0
DA:88,0
DA:117,0
DA:140,0
DA:141,0
LF:24
LH:0
BRDA:25,0,0,0
BRDA:25,0,1,0
BRDA:25,1,0,0
BRDA:25,1,1,0
BRDA:25,2,0,0
BRDA:25,2,1,0
BRDA:25,3,0,0
BRDA:25,3,1,0
BRDA:25,4,0,0
BRDA:25,4,1,0
BRDA:26,5,0,0
BRDA:26,5,1,0
BRDA:31,6,0,0
BRDA:31,6,1,0
BRDA:31,7,0,0
BRDA:31,7,1,0
BRDA:33,8,0,0
BRDA:33,8,1,0
BRDA:33,9,0,0
BRDA:33,9,1,0
BRDA:33,10,0,0
BRDA:33,10,1,0
BRDA:33,11,0,0
BRDA:33,11,1,0
BRDA:34,12,0,0
BRDA:34,12,1,0
BRDA:34,13,0,0
BRDA:34,13,1,0
BRDA:34,14,0,0
BRDA:34,14,1,0
BRDA:34,15,0,0
BRDA:34,15,1,0
BRDA:35,16,0,0
BRDA:35,16,1,0
BRDA:35,17,0,0
BRDA:35,17,1,0
BRDA:35,18,0,0
BRDA:35,18,1,0
BRDA:35,19,0,0
BRDA:35,19,1,0
BRDA:36,20,0,0
BRDA:36,20,1,0
BRDA:36,21,0,0
BRDA:36,21,1,0
BRDA:36,22,0,0
BRDA:36,22,1,0
BRDA:36,23,0,0
BRDA:36,23,1,0
BRDA:43,24,0,0
BRDA:43,24,1,0
BRDA:54,25,0,0
BRDA:54,25,1,0
BRDA:54,26,0,0
BRDA:54,26,1,0
BRDA:54,27,0,0
BRDA:54,27,1,0
BRDA:54,28,0,0
BRDA:54,28,1,0
BRDA:54,29,0,0
BRDA:54,29,1,0
BRDA:90,30,0,0
BRDA:90,30,1,0
BRDA:112,31,0,0
BRDA:112,31,1,0
BRDA:114,32,0,0
BRDA:114,32,1,0
BRDA:120,33,0,0
BRDA:120,33,1,0
BRDA:120,34,0,0
BRDA:120,34,1,0
BRDA:122,35,0,0
BRDA:122,35,1,0
BRDA:144,36,0,0
BRDA:144,36,1,0
BRDA:145,37,0,0
BRDA:145,37,1,0
BRF:76
BRH:0
end_of_record
TN:
SF:app\login\page.tsx
FN:31,LoginPage
FN:39,(anonymous_1)
FN:40,(anonymous_2)
FN:45,handleLogin
FN:77,(anonymous_4)
FN:95,(anonymous_5)
FN:105,(anonymous_6)
FN:139,(anonymous_7)
FN:142,(anonymous_8)
FNF:9
FNH:0
FNDA:0,LoginPage
FNDA:0,(anonymous_1)
FNDA:0,(anonymous_2)
FNDA:0,handleLogin
FNDA:0,(anonymous_4)
FNDA:0,(anonymous_5)
FNDA:0,(anonymous_6)
FNDA:0,(anonymous_7)
FNDA:0,(anonymous_8)
DA:10,0
DA:32,0
DA:33,0
DA:34,0
DA:35,0
DA:36,0
DA:37,0
DA:39,0
DA:40,0
DA:41,0
DA:46,0
DA:47,0
DA:48,0
DA:49,0
DA:50,0
DA:52,0
DA:53,0
DA:60,0
DA:61,0
DA:62,0
DA:64,0
DA:66,0
DA:67,0
DA:70,0
DA:72,0
DA:76,0
DA:77,0
DA:80,0
DA:95,0
DA:105,0
DA:140,0
DA:142,0
LF:32
LH:0
BRDA:41,0,0,0
BRDA:41,0,1,0
BRDA:47,1,0,0
BRDA:47,1,1,0
BRDA:48,2,0,0
BRDA:48,2,1,0
BRDA:60,3,0,0
BRDA:60,3,1,0
BRDA:60,4,0,0
BRDA:60,4,1,0
BRDA:60,5,0,0
BRDA:60,5,1,0
BRDA:61,6,0,0
BRDA:61,6,1,0
BRDA:66,7,0,0
BRDA:66,7,1,0
BRDA:66,8,0,0
BRDA:66,8,1,0
BRDA:66,9,0,0
BRDA:66,9,1,0
BRDA:119,10,0,0
BRDA:119,10,1,0
BRDA:123,11,0,0
BRDA:123,11,1,0
BRDA:123,11,2,0
BRDA:126,12,0,0
BRDA:126,12,1,0
BRDA:130,13,0,0
BRDA:130,13,1,0
BRF:29
BRH:0
end_of_record
TN:
SF:app\pricing\page.tsx
FN:4,PricingPage
FN:28,(anonymous_1)
FN:52,(anonymous_2)
FNF:3
FNH:0
FNDA:0,PricingPage
FNDA:0,(anonymous_1)
FNDA:0,(anonymous_2)
DA:5,0
DA:7,0
DA:29,0
DA:53,0
LF:4
LH:0
BRDA:32,0,0,0
BRDA:32,0,1,0
BRDA:37,1,0,0
BRDA:37,1,1,0
BRDA:39,2,0,0
BRDA:39,2,1,0
BRDA:40,3,0,0
BRDA:40,3,1,0
BRDA:60,4,0,0
BRDA:60,4,1,0
BRDA:60,4,2,0
BRDA:66,5,0,0
BRDA:66,5,1,0
BRDA:74,6,0,0
BRDA:74,6,1,0
BRF:15
BRH:0
end_of_record
TN:
SF:app\privacy\page.tsx
FN:1,PrivacyPage
FNF:1
FNH:0
FNDA:0,PrivacyPage
DA:2,0
LF:1
LH:0
BRF:0
BRH:0
end_of_record
TN:
SF:app\reset-password\page.tsx
FN:8,ResetPasswordForm
FN:20,handleRequestReset
FN:49,handleResetPassword
FN:67,(anonymous_3)
FN:99,(anonymous_4)
FN:119,(anonymous_5)
FN:144,ResetPasswordPage
FNF:7
FNH:0
FNDA:0,ResetPasswordForm
FNDA:0,handleRequestReset
FNDA:0,handleResetPassword
FNDA:0,(anonymous_3)
FNDA:0,(anonymous_4)
FNDA:0,(anonymous_5)
FNDA:0,ResetPasswordPage
DA:9,0
DA:10,0
DA:11,0
DA:12,0
DA:14,0
DA:15,0
DA:16,0
DA:17,0
DA:18,0
DA:21,0
DA:22,0
DA:23,0
DA:24,0
DA:26,0
DA:27,0
DA:32,0
DA:33,0
DA:34,0
DA:35,0
DA:36,0
DA:37,0
DA:38,0
DA:40,0
DA:43,0
DA:45,0
DA:50,0
DA:51,0
DA:52,0
DA:53,0
DA:54,0
DA:56,0
DA:57,0
DA:62,0
DA:63,0
DA:64,0
DA:66,0
DA:67,0
DA:70,0
DA:72,0
DA:76,0
DA:99,0
DA:119,0
DA:145,0
LF:43
LH:0
BRDA:14,0,0,0
BRDA:14,0,1,0
BRDA:22,1,0,0
BRDA:22,1,1,0
BRDA:33,2,0,0
BRDA:33,2,1,0
BRDA:34,3,0,0
BRDA:34,3,1,0
BRDA:35,4,0,0
BRDA:35,4,1,0
BRDA:37,5,0,0
BRDA:37,5,1,0
BRDA:51,6,0,0
BRDA:51,6,1,0
BRDA:52,7,0,0
BRDA:52,7,1,0
BRDA:63,8,0,0
BRDA:63,8,1,0
BRDA:64,9,0,0
BRDA:64,9,1,0
BRDA:84,10,0,0
BRDA:84,10,1,0
BRDA:87,11,0,0
BRDA:87,11,1,0
BRDA:91,12,0,0
BRDA:91,12,1,0
BRDA:92,13,0,0
BRDA:92,13,1,0
BRDA:94,14,0,0
BRDA:94,14,1,0
BRDA:108,15,0,0
BRDA:108,15,1,0
BRDA:111,16,0,0
BRDA:111,16,1,0
BRDA:128,17,0,0
BRDA:128,17,1,0
BRDA:131,18,0,0
BRDA:131,18,1,0
BRF:38
BRH:0
end_of_record
TN:
SF:app\success\page.tsx
FN:3,SuccessPage
FNF:1
FNH:0
FNDA:0,SuccessPage
DA:4,0
DA:5,0
LF:2
LH:0
BRDA:4,0,0,0
BRDA:4,0,1,0
BRF:2
BRH:0
end_of_record
TN:
SF:app\terms\page.tsx
FN:1,TermsPage
FNF:1
FNH:0
FNDA:0,TermsPage
DA:2,0
LF:1
LH:0
BRF:0
BRH:0
end_of_record
TN:
SF:app\transparency\page.tsx
FN:1,Transparency
FNF:1
FNH:0
FNDA:0,Transparency
DA:2,0
LF:1
LH:0
BRF:0
BRH:0
end_of_record
TN:
SF:components\ExitPopup.tsx
FN:11,ExitPopup
FN:22,(anonymous_1)
FN:24,(anonymous_2)
FN:27,(anonymous_3)
FN:33,onMouseLeave
FN:39,(anonymous_5)
FN:43,onVisibilityChange
FN:55,onScroll
FN:64,(anonymous_8)
FN:70,(anonymous_9)
FN:76,onKey
FN:81,(anonymous_11)
FN:274,(anonymous_12)
FN:325,(anonymous_13)
FNF:14
FNH:0
FNDA:0,ExitPopup
FNDA:0,(anonymous_1)
FNDA:0,(anonymous_2)
FNDA:0,(anonymous_3)
FNDA:0,onMouseLeave
FNDA:0,(anonymous_5)
FNDA:0,onVisibilityChange
FNDA:0,onScroll
FNDA:0,(anonymous_8)
FNDA:0,(anonymous_9)
FNDA:0,onKey
FNDA:0,(anonymous_11)
FNDA:0,(anonymous_12)
FNDA:0,(anonymous_13)
DA:15,0
DA:16,0
DA:17,0
DA:18,0
DA:19,0
DA:20,0
DA:22,0
DA:23,0
DA:24,0
DA:27,0
DA:28,0
DA:29,0
DA:30,0
DA:34,0
DA:35,0
DA:36,0
DA:37,0
DA:38,0
DA:39,0
DA:44,0
DA:45,0
DA:46,0
DA:47,0
DA:48,0
DA:52,0
DA:53,0
DA:54,0
DA:56,0
DA:57,0
DA:58,0
DA:59,0
DA:60,0
DA:61,0
DA:62,0
DA:63,0
DA:64,0
DA:66,0
DA:67,0
DA:70,0
DA:71,0
DA:72,0
DA:73,0
DA:77,0
DA:79,0
DA:81,0
DA:82,0
DA:83,0
DA:84,0
DA:85,0
DA:86,0
DA:90,0
DA:92,0
DA:274,0
DA:326,0
LF:54
LH:0
BRDA:12,0,0,0
BRDA:13,1,0,0
BRDA:28,2,0,0
BRDA:28,2,1,0
BRDA:30,3,0,0
BRDA:30,3,1,0
BRDA:34,4,0,0
BRDA:34,4,1,0
BRDA:35,5,0,0
BRDA:35,5,1,0
BRDA:44,6,0,0
BRDA:44,6,1,0
BRDA:45,7,0,0
BRDA:45,7,1,0
BRDA:56,8,0,0
BRDA:56,8,1,0
BRDA:58,9,0,0
BRDA:58,9,1,0
BRDA:59,10,0,0
BRDA:59,10,1,0
BRDA:59,11,0,0
BRDA:59,11,1,0
BRDA:60,12,0,0
BRDA:60,12,1,0
BRDA:60,13,0,0
BRDA:60,13,1,0
BRDA:77,14,0,0
BRDA:77,14,1,0
BRDA:90,15,0,0
BRDA:90,15,1,0
BRDA:109,16,0,0
BRDA:109,16,1,0
BRDA:118,17,0,0
BRDA:118,17,1,0
BRDA:274,18,0,0
BRDA:274,18,1,0
BRF:36
BRH:0
end_of_record
TN:
SF:components\LocaleProvider.tsx
FN:16,(anonymous_0)
FN:17,(anonymous_1)
FN:21,useLocale
FN:27,getCookie
FN:33,setCookie
FN:37,LocaleProvider
FN:40,(anonymous_6)
FN:47,(anonymous_7)
FN:55,(anonymous_8)
FNF:9
FNH:0
FNDA:0,(anonymous_0)
FNDA:0,(anonymous_1)
FNDA:0,useLocale
FNDA:0,getCookie
FNDA:0,setCookie
FNDA:0,LocaleProvider
FNDA:0,(anonymous_6)
FNDA:0,(anonymous_7)
FNDA:0,(anonymous_8)
DA:14,0
DA:17,0
DA:22,0
DA:25,0
DA:28,0
DA:29,0
DA:30,0
DA:34,0
DA:38,0
DA:40,0
DA:41,0
DA:42,0
DA:43,0
DA:47,0
DA:48,0
DA:49,0
DA:50,0
DA:51,0
DA:54,0
DA:55,0
DA:59,0
DA:61,0
LF:22
LH:0
BRDA:28,0,0,0
BRDA:28,0,1,0
BRDA:30,1,0,0
BRDA:30,1,1,0
BRDA:42,2,0,0
BRDA:42,2,1,0
BRDA:42,3,0,0
BRDA:42,3,1,0
BRDA:50,4,0,0
BRDA:50,4,1,0
BRDA:55,5,0,0
BRDA:55,5,1,0
BRDA:55,6,0,0
BRDA:55,6,1,0
BRDA:55,7,0,0
BRDA:55,7,1,0
BRDA:55,8,0,0
BRDA:55,8,1,0
BRDA:59,9,0,0
BRDA:59,9,1,0
BRF:20
BRH:0
end_of_record
TN:
SF:components\LocaleSwitcher.tsx
FN:5,LocaleSwitcher
FN:10,(anonymous_1)
FNF:2
FNH:0
FNDA:0,LocaleSwitcher
FNDA:0,(anonymous_1)
DA:6,0
DA:8,0
DA:10,0
LF:3
LH:0
BRDA:10,0,0,0
BRDA:10,0,1,0
BRDA:12,1,0,0
BRDA:12,1,1,0
BRDA:14,2,0,0
BRDA:14,2,1,0
BRF:6
BRH:0
end_of_record
TN:
SF:components\PaymentBlock.tsx
FN:14,PaymentBlock
FN:28,loadPiPrice
FN:38,handlePiPay
FN:68,(anonymous_3)
FN:78,(anonymous_4)
FN:116,(anonymous_5)
FNF:6
FNH:0
FNDA:0,PaymentBlock
FNDA:0,loadPiPrice
FNDA:0,handlePiPay
FNDA:0,(anonymous_3)
FNDA:0,(anonymous_4)
FNDA:0,(anonymous_5)
DA:20,0
DA:21,0
DA:22,0
DA:23,0
DA:24,0
DA:25,0
DA:26,0
DA:29,0
DA:30,0
DA:31,0
DA:32,0
DA:34,0
DA:39,0
DA:40,0
DA:41,0
DA:43,0
DA:44,0
DA:49,0
DA:50,0
DA:51,0
DA:53,0
DA:55,0
DA:59,0
DA:61,0
DA:68,0
DA:79,0
DA:80,0
DA:116,0
LF:28
LH:0
BRDA:50,0,0,0
BRDA:50,0,1,0
BRDA:53,1,0,0
BRDA:53,1,1,0
BRDA:70,2,0,0
BRDA:70,2,1,0
BRDA:83,3,0,0
BRDA:83,3,1,0
BRDA:92,4,0,0
BRDA:92,4,1,0
BRDA:103,5,0,0
BRDA:103,5,1,0
BRDA:105,6,0,0
BRDA:105,6,1,0
BRDA:123,7,0,0
BRDA:123,7,1,0
BRDA:126,8,0,0
BRDA:126,8,1,0
BRDA:131,9,0,0
BRDA:131,9,1,0
BRDA:134,10,0,0
BRDA:134,10,1,0
BRF:22
BRH:0
end_of_record
TN:
SF:components\PostGenerator.tsx
FN:7,PostGenerator
FN:15,handleGenerate
FN:55,(anonymous_2)
FN:59,(anonymous_3)
FN:63,(anonymous_4)
FN:94,(anonymous_5)
FNF:6
FNH:0
FNDA:0,PostGenerator
FNDA:0,handleGenerate
FNDA:0,(anonymous_2)
FNDA:0,(anonymous_3)
FNDA:0,(anonymous_4)
FNDA:0,(anonymous_5)
DA:8,0
DA:9,0
DA:10,0
DA:11,0
DA:12,0
DA:13,0
DA:16,0
DA:17,0
DA:18,0
DA:19,0
DA:21,0
DA:22,0
DA:28,0
DA:30,0
DA:31,0
DA:32,0
DA:35,0
DA:36,0
DA:38,0
DA:40,0
DA:44,0
DA:55,0
DA:60,0
DA:63,0
DA:95,0
LF:25
LH:0
BRDA:30,0,0,0
BRDA:30,0,1,0
BRDA:31,1,0,0
BRDA:31,1,1,0
BRDA:31,2,0,0
BRDA:31,2,1,0
BRDA:31,3,0,0
BRDA:31,3,1,0
BRDA:35,4,0,0
BRDA:35,4,1,0
BRDA:36,5,0,0
BRDA:36,5,1,0
BRDA:65,6,0,0
BRDA:65,6,1,0
BRDA:78,7,0,0
BRDA:78,7,1,0
BRDA:81,8,0,0
BRDA:81,8,1,0
BRDA:84,9,0,0
BRDA:84,9,1,0
BRDA:86,10,0,0
BRDA:86,10,1,0
BRDA:92,11,0,0
BRDA:92,11,1,0
BRF:24
BRH:0
end_of_record
TN:
SF:components\PricingCards.tsx
FN:51,PricingCards
FN:54,(anonymous_1)
FN:68,(anonymous_2)
FNF:3
FNH:0
FNDA:0,PricingCards
FNDA:0,(anonymous_1)
FNDA:0,(anonymous_2)
DA:5,0
DA:52,0
DA:55,0
DA:69,0
LF:4
LH:0
BRDA:64,0,0,0
BRDA:64,0,1,0
BRF:2
BRH:0
end_of_record
TN:
SF:components\Providers.tsx
FN:6,Providers
FNF:1
FNH:0
FNDA:0,Providers
DA:7,0
LF:1
LH:0
BRF:0
BRH:0
end_of_record
TN:
SF:components\StickyCTA.tsx
FN:11,StickyCTA
FN:19,(anonymous_1)
FN:25,(anonymous_2)
FN:31,(anonymous_3)
FN:38,onScroll
FN:44,(anonymous_5)
FN:51,dismiss
FNF:7
FNH:0
FNDA:0,StickyCTA
FNDA:0,(anonymous_1)
FNDA:0,(anonymous_2)
FNDA:0,(anonymous_3)
FNDA:0,onScroll
FNDA:0,(anonymous_5)
FNDA:0,dismiss
DA:15,0
DA:16,0
DA:17,0
DA:19,0
DA:20,0
DA:21,0
DA:22,0
DA:25,0
DA:27,0
DA:28,0
DA:30,0
DA:32,0
DA:36,0
DA:39,0
DA:40,0
DA:42,0
DA:44,0
DA:45,0
DA:46,0
DA:47,0
DA:52,0
DA:53,0
DA:54,0
DA:57,0
DA:58,0
DA:60,0
DA:62,0
LF:27
LH:0
BRDA:12,0,0,0
BRDA:13,1,0,0
BRDA:20,2,0,0
BRDA:20,2,1,0
BRDA:22,3,0,0
BRDA:22,3,1,0
BRDA:28,4,0,0
BRDA:28,4,1,0
BRDA:36,5,0,0
BRDA:36,5,1,0
BRDA:39,6,0,0
BRDA:39,6,1,0
BRDA:40,7,0,0
BRDA:40,7,1,0
BRDA:60,8,0,0
BRDA:60,8,1,0
BRDA:169,9,0,0
BRDA:169,9,1,0
BRDA:170,10,0,0
BRDA:170,10,1,0
BRDA:170,11,0,0
BRDA:170,11,1,0
BRF:22
BRH:0
end_of_record
TN:
SF:components\useSeats.ts
FN:23,useSeats
FN:26,fetchSeats
FN:35,(anonymous_2)
FN:39,(anonymous_3)
FN:42,(anonymous_4)
FNF:5
FNH:0
FNDA:0,useSeats
FNDA:0,fetchSeats
FNDA:0,(anonymous_2)
FNDA:0,(anonymous_3)
FNDA:0,(anonymous_4)
DA:14,0
DA:24,0
DA:27,0
DA:28,0
DA:31,0
DA:32,0
DA:33,0
DA:35,0
DA:39,0
DA:40,0
DA:41,0
DA:42,0
DA:45,0
LF:13
LH:0
BRDA:31,0,0,0
BRDA:31,0,1,0
BRF:2
BRH:0
end_of_record
TN:
SF:components\landing\CTA.tsx
FN:5,CTA
FNF:1
FNH:0
FNDA:0,CTA
DA:6,0
DA:7,0
LF:2
LH:0
BRF:0
BRH:0
end_of_record
TN:
SF:components\landing\FAQ.tsx
FN:6,FAQ
FN:30,(anonymous_1)
FN:40,(anonymous_2)
FNF:3
FNH:0
FNDA:0,FAQ
FNDA:0,(anonymous_1)
FNDA:0,(anonymous_2)
DA:7,0
DA:8,0
DA:10,0
DA:31,0
DA:40,0
LF:5
LH:0
BRDA:36,0,0,0
BRDA:36,0,1,0
BRDA:40,1,0,0
BRDA:40,1,1,0
BRDA:42,2,0,0
BRDA:42,2,1,0
BRDA:50,3,0,0
BRDA:50,3,1,0
BRDA:51,4,0,0
BRDA:51,4,1,0
BRDA:52,5,0,0
BRDA:52,5,1,0
BRDA:63,6,0,0
BRDA:63,6,1,0
BRDA:63,7,0,0
BRDA:63,7,1,0
BRF:16
BRH:0
end_of_record
TN:
SF:components\landing\Features.tsx
FN:51,Features
FN:77,(anonymous_1)
FN:88,(anonymous_2)
FN:94,(anonymous_3)
FNF:4
FNH:0
FNDA:0,Features
FNDA:0,(anonymous_1)
FNDA:0,(anonymous_2)
FNDA:0,(anonymous_3)
DA:5,0
DA:40,0
DA:52,0
DA:53,0
DA:78,0
DA:79,0
DA:89,0
DA:90,0
DA:91,0
DA:92,0
DA:95,0
DA:96,0
DA:97,0
DA:98,0
LF:14
LH:0
BRF:0
BRH:0
end_of_record
TN:
SF:components\landing\Footer.tsx
FN:79,Footer
FN:111,(anonymous_1)
FN:120,(anonymous_2)
FN:121,(anonymous_3)
FN:130,(anonymous_4)
FN:139,(anonymous_5)
FN:147,(anonymous_6)
FN:148,(anonymous_7)
FNF:8
FNH:0
FNDA:0,Footer
FNDA:0,(anonymous_1)
FNDA:0,(anonymous_2)
FNDA:0,(anonymous_3)
FNDA:0,(anonymous_4)
FNDA:0,(anonymous_5)
FNDA:0,(anonymous_6)
FNDA:0,(anonymous_7)
DA:5,0
DA:31,0
DA:80,0
DA:81,0
DA:112,0
DA:120,0
DA:121,0
DA:131,0
DA:140,0
DA:147,0
DA:148,0
LF:11
LH:0
BRDA:115,0,0,0
BRDA:115,0,1,0
BRDA:116,1,0,0
BRDA:116,1,1,0
BRDA:143,2,0,0
BRDA:143,2,1,0
BRDA:143,3,0,0
BRDA:143,3,1,0
BRDA:144,4,0,0
BRDA:144,4,1,0
BRF:10
BRH:0
end_of_record
TN:
SF:components\landing\Hero.tsx
FN:5,Hero
FNF:1
FNH:0
FNDA:0,Hero
DA:6,0
DA:7,0
LF:2
LH:0
BRF:0
BRH:0
end_of_record
TN:
SF:components\landing\Navigation.tsx
FN:14,Navigation
FN:19,(anonymous_1)
FN:20,(anonymous_2)
FN:22,(anonymous_3)
FN:54,(anonymous_4)
FN:60,(anonymous_5)
FN:61,(anonymous_6)
FN:80,(anonymous_7)
FN:81,(anonymous_8)
FN:101,(anonymous_9)
FN:140,(anonymous_10)
FN:144,(anonymous_11)
FN:158,(anonymous_12)
FN:170,(anonymous_13)
FNF:14
FNH:0
FNDA:0,Navigation
FNDA:0,(anonymous_1)
FNDA:0,(anonymous_2)
FNDA:0,(anonymous_3)
FNDA:0,(anonymous_4)
FNDA:0,(anonymous_5)
FNDA:0,(anonymous_6)
FNDA:0,(anonymous_7)
FNDA:0,(anonymous_8)
FNDA:0,(anonymous_9)
FNDA:0,(anonymous_10)
FNDA:0,(anonymous_11)
FNDA:0,(anonymous_12)
FNDA:0,(anonymous_13)
DA:7,0
DA:15,0
DA:16,0
DA:17,0
DA:19,0
DA:20,0
DA:21,0
DA:22,0
DA:25,0
DA:55,0
DA:60,0
DA:61,0
DA:80,0
DA:81,0
DA:101,0
DA:141,0
DA:144,0
DA:158,0
DA:170,0
LF:19
LH:0
BRDA:28,0,0,0
BRDA:28,0,1,0
BRDA:109,1,0,0
BRDA:109,1,1,0
BRDA:116,2,0,0
BRDA:116,2,1,0
BRDA:123,3,0,0
BRDA:123,3,1,0
BRDA:130,4,0,0
BRDA:130,4,1,0
BRF:10
BRH:0
end_of_record
TN:
SF:components\landing\Pricing.tsx
FN:12,Pricing
FN:32,(anonymous_1)
FN:61,(anonymous_2)
FNF:3
FNH:0
FNDA:0,Pricing
FNDA:0,(anonymous_1)
FNDA:0,(anonymous_2)
DA:5,0
DA:13,0
DA:14,0
DA:33,0
DA:34,0
DA:35,0
DA:62,0
DA:63,0
DA:64,0
DA:65,0
LF:10
LH:0
BRDA:39,0,0,0
BRDA:39,0,1,0
BRDA:42,1,0,0
BRDA:42,1,1,0
BRDA:42,1,2,0
BRDA:47,2,0,0
BRDA:47,2,1,0
BRDA:47,2,2,0
BRDA:64,3,0,0
BRDA:64,3,1,0
BRDA:78,4,0,0
BRDA:78,4,1,0
BRDA:79,5,0,0
BRDA:79,5,1,0
BRDA:81,6,0,0
BRDA:81,6,1,0
BRF:16
BRH:0
end_of_record
TN:
SF:components\landing\SocialProof.tsx
FN:17,SocialProof
FN:27,(anonymous_1)
FN:40,(anonymous_2)
FNF:3
FNH:0
FNDA:0,SocialProof
FNDA:0,(anonymous_1)
FNDA:0,(anonymous_2)
DA:5,0
DA:15,0
DA:18,0
DA:19,0
DA:28,0
DA:41,0
LF:6
LH:0
BRF:0
BRH:0
end_of_record
TN:
SF:components\landing\Testimonials.tsx
FN:29,Testimonials
FN:55,(anonymous_1)
FN:64,(anonymous_2)
FN:71,(anonymous_3)
FN:132,(anonymous_4)
FNF:5
FNH:0
FNDA:0,Testimonials
FNDA:0,(anonymous_1)
FNDA:0,(anonymous_2)
FNDA:0,(anonymous_3)
FNDA:0,(anonymous_4)
DA:3,0
DA:27,0
DA:30,0
DA:56,0
DA:65,0
DA:66,0
DA:67,0
DA:68,0
DA:69,0
DA:72,0
DA:73,0
DA:74,0
DA:75,0
DA:133,0
LF:14
LH:0
BRDA:66,0,0,0
BRDA:66,0,1,0
BRDA:66,1,0,0
BRDA:66,1,1,0
BRF:4
BRH:0
end_of_record
TN:
SF:lib\access.ts
FN:1,isAdminEmail
FN:5,(anonymous_1)
FN:12,isPaidPlan
FN:16,isAgencyPlan
FN:20,canUseLinkedIn
FN:25,hasUnlimitedAccess
FN:29,canUseTrial
FNF:7
FNH:0
FNDA:0,isAdminEmail
FNDA:0,(anonymous_1)
FNDA:0,isPaidPlan
FNDA:0,isAgencyPlan
FNDA:0,canUseLinkedIn
FNDA:0,hasUnlimitedAccess
FNDA:0,canUseTrial
DA:2,0
DA:3,0
DA:5,0
DA:7,0
DA:10,0
DA:13,0
DA:17,0
DA:21,0
DA:22,0
DA:26,0
DA:30,0
DA:31,0
LF:12
LH:0
BRDA:2,0,0,0
BRDA:2,0,1,0
BRDA:3,1,0,0
BRDA:3,1,1,0
BRDA:21,2,0,0
BRDA:21,2,1,0
BRDA:26,3,0,0
BRDA:26,3,1,0
BRDA:30,4,0,0
BRDA:30,4,1,0
BRDA:31,5,0,0
BRDA:31,5,1,0
BRF:12
BRH:0
end_of_record
TN:
SF:lib\ai.ts
FN:31,getModel
FN:37,selectProvider
FN:50,generate
FN:91,stream
FN:128,isAIEnabled
FNF:5
FNH:0
FNDA:0,getModel
FNDA:0,selectProvider
FNDA:0,generate
FNDA:0,stream
FNDA:0,isAIEnabled
DA:28,0
DA:29,0
DA:32,0
DA:38,0
DA:39,0
DA:40,0
DA:41,0
DA:43,0
DA:44,0
DA:45,0
DA:47,0
DA:51,0
DA:52,0
DA:53,0
DA:54,0
DA:55,0
DA:56,0
DA:58,0
DA:59,0
DA:65,0
DA:66,0
DA:75,0
DA:77,0
DA:78,0
DA:87,0
DA:92,0
DA:93,0
DA:94,0
DA:95,0
DA:97,0
DA:98,0
DA:100,0
DA:101,0
DA:104,0
DA:105,0
DA:114,0
DA:115,0
DA:124,0
DA:129,0
DA:132,0
LF:40
LH:0
BRDA:31,0,0,0
BRDA:32,1,0,0
BRDA:32,1,1,0
BRDA:38,2,0,0
BRDA:38,2,1,0
BRDA:38,3,0,0
BRDA:38,3,1,0
BRDA:38,4,0,0
BRDA:38,4,1,0
BRDA:38,5,0,0
BRDA:38,5,1,0
BRDA:39,6,0,0
BRDA:39,6,1,0
BRDA:39,7,0,0
BRDA:39,7,1,0
BRDA:40,8,0,0
BRDA:40,8,1,0
BRDA:43,9,0,0
BRDA:43,9,1,0
BRDA:43,10,0,0
BRDA:43,10,1,0
BRDA:44,11,0,0
BRDA:44,11,1,0
BRDA:51,12,0,0
BRDA:53,13,0,0
BRDA:53,13,1,0
BRDA:53,14,0,0
BRDA:53,14,1,0
BRDA:54,15,0,0
BRDA:54,15,1,0
BRDA:54,16,0,0
BRDA:54,16,1,0
BRDA:65,17,0,0
BRDA:65,17,1,0
BRDA:77,18,0,0
BRDA:77,18,1,0
BRDA:92,19,0,0
BRDA:104,20,0,0
BRDA:104,20,1,0
BRDA:114,21,0,0
BRDA:114,21,1,0
BRDA:129,22,0,0
BRDA:129,22,1,0
BRF:43
BRH:0
end_of_record
TN:
SF:lib\auth.ts
FN:14,makeid
FN:15,(anonymous_2)
FN:21,authorizeCredentials
FN:121,(anonymous_4)
FN:127,(anonymous_5)
FN:132,(anonymous_6)
FN:136,(anonymous_7)
FN:146,(anonymous_8)
FNF:8
FNH:3
FNDA:2,makeid
FNDA:64,(anonymous_2)
FNDA:8,authorizeCredentials
FNDA:0,(anonymous_4)
FNDA:0,(anonymous_5)
FNDA:0,(anonymous_6)
FNDA:0,(anonymous_7)
FNDA:0,(anonymous_8)
DA:2,2
DA:3,2
DA:4,2
DA:5,2
DA:6,2
DA:7,2
DA:8,2
DA:9,2
DA:10,2
DA:12,2
DA:15,2
DA:16,64
DA:21,2
DA:22,8
DA:23,7
DA:24,7
DA:25,7
DA:26,7
DA:28,7
DA:30,6
DA:31,4
DA:32,2
DA:33,2
DA:34,2
DA:35,1
DA:37,1
DA:43,2
DA:44,1
DA:55,3
DA:60,3
DA:62,3
DA:72,1
DA:76,2
DA:122,0
DA:128,0
DA:129,0
DA:134,0
DA:137,0
DA:138,0
DA:139,0
DA:140,0
DA:141,0
DA:142,0
DA:144,0
DA:147,0
DA:148,0
DA:149,0
DA:150,0
DA:151,0
DA:152,0
DA:154,0
DA:160,2
LF:52
LH:34
BRDA:12,0,0,2
BRDA:12,0,1,2
BRDA:22,1,0,1
BRDA:22,1,1,7
BRDA:22,2,0,0
BRDA:22,2,1,8
BRDA:22,3,0,8
BRDA:22,3,1,8
BRDA:25,4,0,7
BRDA:25,4,1,2
BRDA:25,5,0,0
BRDA:25,5,1,7
BRDA:25,6,0,7
BRDA:25,6,1,7
BRDA:26,7,0,7
BRDA:26,7,1,0
BRDA:26,8,0,0
BRDA:26,8,1,7
BRDA:26,9,0,7
BRDA:26,9,1,7
BRDA:30,10,0,4
BRDA:30,10,1,2
BRDA:31,11,0,2
BRDA:31,11,1,2
BRDA:33,12,0,1
BRDA:33,12,1,1
BRDA:34,13,0,1
BRDA:34,13,1,1
BRDA:43,14,0,1
BRDA:43,14,1,1
BRDA:68,15,0,0
BRDA:68,15,1,3
BRDA:77,16,0,2
BRDA:77,16,1,2
BRDA:81,17,0,0
BRDA:81,17,1,2
BRDA:81,18,0,2
BRDA:81,18,1,0
BRDA:89,19,0,0
BRDA:89,19,1,2
BRDA:89,20,0,2
BRDA:89,20,1,0
BRDA:97,21,0,0
BRDA:97,21,1,2
BRDA:97,22,0,2
BRDA:97,22,1,0
BRDA:105,23,0,0
BRDA:105,23,1,2
BRDA:105,24,0,2
BRDA:105,24,1,0
BRDA:110,25,0,0
BRDA:110,25,1,0
BRDA:128,26,0,0
BRDA:128,26,1,0
BRDA:128,27,0,0
BRDA:128,27,1,0
BRDA:128,28,0,0
BRDA:128,28,1,0
BRDA:128,29,0,0
BRDA:128,29,1,0
BRDA:137,30,0,0
BRDA:137,30,1,0
BRDA:139,31,0,0
BRDA:139,31,1,0
BRDA:139,32,0,0
BRDA:139,32,1,0
BRDA:147,33,0,0
BRDA:147,33,1,0
BRF:68
BRH:37
end_of_record
TN:
SF:lib\billing.ts
FN:25,getPlanCredits
FN:31,isLifetimePlan
FN:63,provisionPlan
FN:179,computeExpiry
FN:197,(anonymous_4)
FNF:5
FNH:4
FNDA:6,getPlanCredits
FNDA:0,isLifetimePlan
FNDA:6,provisionPlan
FNDA:2,computeExpiry
FNDA:1,(anonymous_4)
DA:6,1
DA:7,1
DA:8,1
DA:12,1
DA:25,1
DA:26,6
DA:31,1
DA:32,0
DA:63,1
DA:73,6
DA:75,6
DA:76,6
DA:77,6
DA:79,6
DA:82,6
DA:87,5
DA:88,1
DA:89,1
DA:99,4
DA:104,3
DA:105,1
DA:106,1
DA:110,2
DA:113,2
DA:158,2
DA:168,2
DA:180,2
DA:181,2
DA:182,2
DA:183,2
DA:185,0
DA:186,0
DA:187,0
DA:188,0
DA:191,0
DA:196,1
DA:199,1
DA:201,1
DA:202,1
LF:39
LH:33
BRDA:26,0,0,6
BRDA:26,0,1,0
BRDA:33,1,0,0
BRDA:33,1,1,0
BRDA:33,1,2,0
BRDA:71,2,0,6
BRDA:72,3,0,6
BRDA:87,4,0,1
BRDA:87,4,1,4
BRDA:104,5,0,1
BRDA:104,5,1,2
BRDA:133,6,0,0
BRDA:133,6,1,2
BRDA:133,7,0,2
BRDA:133,7,1,2
BRDA:149,8,0,0
BRDA:149,8,1,2
BRDA:149,9,0,2
BRDA:149,9,1,2
BRDA:180,10,0,2
BRDA:180,10,1,0
BRDA:185,11,0,0
BRDA:185,11,1,0
BRF:23
BRH:14
end_of_record
TN:
SF:lib\claude.ts
FN:18,warnDeprecated
FN:30,generatePost
FNF:2
FNH:0
FNDA:0,warnDeprecated
FNDA:0,generatePost
DA:5,0
DA:10,0
DA:16,0
DA:19,0
DA:20,0
DA:21,0
DA:34,0
DA:36,0
DA:37,0
DA:43,0
DA:45,0
LF:11
LH:0
BRDA:19,0,0,0
BRDA:19,0,1,0
BRDA:36,1,0,0
BRDA:36,1,1,0
BRDA:36,2,0,0
BRDA:36,2,1,0
BRDA:43,3,0,0
BRDA:43,3,1,0
BRF:8
BRH:0
end_of_record
TN:
SF:lib\constants.ts
FNF:0
FNH:0
DA:1,0
DA:2,0
DA:3,0
DA:4,0
DA:5,0
DA:6,0
DA:7,0
DA:8,0
LF:8
LH:0
BRF:0
BRH:0
end_of_record
TN:
SF:lib\db.ts
FN:3,ensureUserExists
FN:26,canUserPost
FN:53,recordPost
FN:63,findUserByEmail
FN:67,updateUserByEmail
FN:74,listUsers
FN:78,appendPost
FNF:7
FNH:0
FNDA:0,ensureUserExists
FNDA:0,canUserPost
FNDA:0,recordPost
FNDA:0,findUserByEmail
FNDA:0,updateUserByEmail
FNDA:0,listUsers
FNDA:0,appendPost
DA:4,0
DA:8,0
DA:9,0
DA:21,0
DA:24,0
DA:27,0
DA:28,0
DA:30,0
DA:31,0
DA:32,0
DA:35,0
DA:36,0
DA:37,0
DA:43,0
DA:44,0
DA:45,0
DA:46,0
DA:47,0
DA:50,0
DA:54,0
DA:64,0
DA:68,0
DA:75,0
DA:79,0
DA:80,0
DA:81,0
LF:26
LH:0
BRDA:8,0,0,0
BRDA:8,0,1,0
BRDA:12,1,0,0
BRDA:12,1,1,0
BRDA:28,2,0,0
BRDA:28,2,1,0
BRDA:30,3,0,0
BRDA:30,3,1,0
BRDA:30,4,0,0
BRDA:30,4,1,0
BRDA:31,5,0,0
BRDA:31,5,1,0
BRDA:31,6,0,0
BRDA:31,6,1,0
BRDA:36,7,0,0
BRDA:36,7,1,0
BRDA:43,8,0,0
BRDA:43,8,1,0
BRDA:43,8,2,0
BRDA:44,9,0,0
BRDA:44,9,1,0
BRDA:45,10,0,0
BRDA:45,10,1,0
BRDA:45,11,0,0
BRDA:45,11,1,0
BRDA:46,12,0,0
BRDA:46,12,1,0
BRF:27
BRH:0
end_of_record
TN:
SF:lib\i18n.ts
FNF:0
FNH:0
DA:3,0
LF:1
LH:0
BRF:0
BRH:0
end_of_record
TN:
SF:lib\logger.ts
FN:5,getRequestId
FN:15,log
FN:30,logError
FNF:3
FNH:0
FNDA:0,getRequestId
FNDA:0,log
FNDA:0,logError
DA:1,0
DA:3,0
DA:6,0
DA:7,0
DA:8,0
DA:9,0
DA:10,0
DA:12,0
DA:20,0
DA:21,0
DA:27,0
DA:36,0
DA:37,0
DA:38,0
DA:39,0
DA:47,0
LF:16
LH:0
BRDA:7,0,0,0
BRDA:7,0,1,0
BRDA:37,1,0,0
BRDA:37,1,1,0
BRDA:38,2,0,0
BRDA:38,2,1,0
BRF:6
BRH:0
end_of_record
TN:
SF:lib\origin.ts
FN:1,isAllowedOrigin
FNF:1
FNH:0
FNDA:0,isAllowedOrigin
DA:2,0
DA:3,0
DA:5,0
DA:6,0
DA:8,0
DA:9,0
DA:11,0
LF:7
LH:0
BRDA:5,0,0,0
BRDA:5,0,1,0
BRDA:6,1,0,0
BRDA:6,1,1,0
BRF:4
BRH:0
end_of_record
TN:
SF:lib\password.ts
FN:3,hashPassword
FN:7,verifyPassword
FNF:2
FNH:2
FNDA:3,hashPassword
FNDA:2,verifyPassword
DA:1,2
DA:3,2
DA:4,3
DA:7,2
DA:8,2
LF:5
LH:5
BRF:0
BRH:0
end_of_record
TN:
SF:lib\payments.ts
FN:53,getPlanPriceUSD
FN:54,(anonymous_1)
FN:58,getPlanPricePi
FN:59,(anonymous_3)
FN:66,getDodoProductId
FN:67,(anonymous_5)
FN:71,isPaidPlan
FN:72,(anonymous_7)
FNF:8
FNH:0
FNDA:0,getPlanPriceUSD
FNDA:0,(anonymous_1)
FNDA:0,getPlanPricePi
FNDA:0,(anonymous_3)
FNDA:0,getDodoProductId
FNDA:0,(anonymous_5)
FNDA:0,isPaidPlan
FNDA:0,(anonymous_7)
DA:13,0
DA:51,0
DA:54,0
DA:55,0
DA:59,0
DA:60,0
DA:61,0
DA:62,0
DA:63,0
DA:67,0
DA:68,0
DA:72,0
LF:12
LH:0
BRDA:55,0,0,0
BRDA:55,0,1,0
BRDA:55,1,0,0
BRDA:55,1,1,0
BRDA:55,2,0,0
BRDA:55,2,1,0
BRDA:55,3,0,0
BRDA:55,3,1,0
BRDA:60,4,0,0
BRDA:60,4,1,0
BRDA:60,5,0,0
BRDA:60,5,1,0
BRDA:68,6,0,0
BRDA:68,6,1,0
BRDA:68,7,0,0
BRDA:68,7,1,0
BRDA:68,8,0,0
BRDA:68,8,1,0
BRDA:68,9,0,0
BRDA:68,9,1,0
BRF:20
BRH:0
end_of_record
TN:
SF:lib\pi.ts
FN:23,fetchPiPrice
FN:44,verifyPiTransaction
FN:60,calculatePiAmount
FNF:3
FNH:0
FNDA:0,fetchPiPrice
FNDA:0,verifyPiTransaction
FNDA:0,calculatePiAmount
DA:3,0
DA:19,0
DA:20,0
DA:21,0
DA:24,0
DA:25,0
DA:26,0
DA:29,0
DA:30,0
DA:33,0
DA:34,0
DA:35,0
DA:36,0
DA:37,0
DA:39,0
DA:40,0
DA:47,0
DA:48,0
DA:49,0
DA:50,0
DA:51,0
DA:52,0
DA:54,0
DA:56,0
DA:65,0
DA:66,0
DA:67,0
LF:27
LH:0
BRDA:25,0,0,0
BRDA:25,0,1,0
BRDA:25,1,0,0
BRDA:25,1,1,0
BRDA:33,2,0,0
BRDA:33,2,1,0
BRDA:39,3,0,0
BRDA:39,3,1,0
BRDA:49,4,0,0
BRDA:49,4,1,0
BRDA:51,5,0,0
BRDA:51,5,1,0
BRDA:51,6,0,0
BRDA:51,6,1,0
BRDA:51,6,2,0
BRDA:63,7,0,0
BRDA:65,8,0,0
BRDA:65,8,1,0
BRF:18
BRH:0
end_of_record
TN:
SF:lib\plans.ts
FN:82,getPlan
FN:96,isUnlimited
FN:98,isLifetime
FN:100,isPaid
FN:102,postsRemainingToday
FN:107,usagePct
FN:112,upgradeTarget
FN:122,isFounder
FNF:8
FNH:0
FNDA:0,getPlan
FNDA:0,isUnlimited
FNDA:0,isLifetime
FNDA:0,isPaid
FNDA:0,postsRemainingToday
FNDA:0,usagePct
FNDA:0,upgradeTarget
FNDA:0,isFounder
DA:30,0
DA:83,0
DA:84,0
DA:86,0
DA:87,0
DA:88,0
DA:89,0
DA:91,0
DA:92,0
DA:93,0
DA:96,0
DA:98,0
DA:100,0
DA:103,0
DA:104,0
DA:108,0
DA:109,0
DA:113,0
DA:114,0
DA:117,0
DA:123,0
DA:124,0
LF:22
LH:0
BRDA:83,0,0,0
BRDA:83,0,1,0
BRDA:83,1,0,0
BRDA:83,1,1,0
BRDA:86,2,0,0
BRDA:86,2,1,0
BRDA:88,3,0,0
BRDA:88,3,1,0
BRDA:88,4,0,0
BRDA:88,4,1,0
BRDA:88,4,2,0
BRDA:92,5,0,0
BRDA:92,5,1,0
BRDA:98,6,0,0
BRDA:98,6,1,0
BRDA:103,7,0,0
BRDA:103,7,1,0
BRDA:108,8,0,0
BRDA:108,8,1,0
BRDA:113,9,0,0
BRDA:113,9,1,0
BRDA:123,10,0,0
BRDA:123,10,1,0
BRF:23
BRH:0
end_of_record
TN:
SF:lib\prisma.ts
FN:9,(anonymous_0)
FNF:1
FNH:0
FNDA:0,(anonymous_0)
DA:5,0
DA:9,0
DA:10,0
DA:14,0
DA:15,0
DA:18,0
DA:19,0
LF:7
LH:0
BRDA:9,0,0,0
BRDA:9,0,1,0
BRDA:9,1,0,0
BRDA:9,1,1,0
BRDA:18,2,0,0
BRDA:18,2,1,0
BRF:6
BRH:0
end_of_record
TN:
SF:lib\rate-limit.ts
FN:19,getClient
FN:43,getClientIP
FN:51,inMemoryCheck
FN:73,checkRateLimit
FN:90,rateLimitResponse
FN:108,withRateLimit
FNF:6
FNH:0
FNDA:0,getClient
FNDA:0,getClientIP
FNDA:0,inMemoryCheck
FNDA:0,checkRateLimit
FNDA:0,rateLimitResponse
FNDA:0,withRateLimit
DA:9,0
DA:15,0
DA:17,0
DA:20,0
DA:21,0
DA:23,0
DA:24,0
DA:26,0
DA:28,0
DA:29,0
DA:31,0
DA:38,0
DA:39,0
DA:40,0
DA:44,0
DA:55,0
DA:56,0
DA:57,0
DA:58,0
DA:60,0
DA:61,0
DA:62,0
DA:65,0
DA:66,0
DA:69,0
DA:70,0
DA:77,0
DA:78,0
DA:79,0
DA:82,0
DA:83,0
DA:85,0
DA:87,0
DA:94,0
DA:113,0
DA:114,0
DA:116,0
DA:117,0
DA:120,0
DA:121,0
DA:129,0
DA:132,0
LF:42
LH:0
BRDA:21,0,0,0
BRDA:21,0,1,0
BRDA:26,1,0,0
BRDA:26,1,1,0
BRDA:26,2,0,0
BRDA:26,2,1,0
BRDA:45,3,0,0
BRDA:45,3,1,0
BRDA:45,3,2,0
BRDA:45,4,0,0
BRDA:45,4,1,0
BRDA:45,5,0,0
BRDA:45,5,1,0
BRDA:45,6,0,0
BRDA:45,6,1,0
BRDA:45,7,0,0
BRDA:45,7,1,0
BRDA:60,8,0,0
BRDA:60,8,1,0
BRDA:60,9,0,0
BRDA:60,9,1,0
BRDA:65,10,0,0
BRDA:65,10,1,0
BRDA:75,11,0,0
BRDA:78,12,0,0
BRDA:78,12,1,0
BRDA:110,13,0,0
BRDA:116,14,0,0
BRDA:116,14,1,0
BRDA:120,15,0,0
BRDA:120,15,1,0
BRF:31
BRH:0
end_of_record
TN:
SF:lib\rateLimit.ts
FN:3,upstashCheck
FN:38,inMemoryCheck
FN:59,checkRateLimit
FN:69,getRateLimitKey
FN:76,rateLimitMiddleware
FNF:5
FNH:0
FNDA:0,upstashCheck
FNDA:0,inMemoryCheck
FNDA:0,checkRateLimit
FNDA:0,getRateLimitKey
FNDA:0,rateLimitMiddleware
DA:1,0
DA:8,0
DA:9,0
DA:10,0
DA:12,0
DA:13,0
DA:16,0
DA:21,0
DA:27,0
DA:28,0
DA:34,0
DA:43,0
DA:44,0
DA:46,0
DA:47,0
DA:48,0
DA:51,0
DA:52,0
DA:55,0
DA:56,0
DA:64,0
DA:65,0
DA:66,0
DA:70,0
DA:73,0
DA:82,0
DA:83,0
LF:27
LH:0
BRDA:12,0,0,0
BRDA:12,0,1,0
BRDA:12,1,0,0
BRDA:12,1,1,0
BRDA:46,2,0,0
BRDA:46,2,1,0
BRDA:46,3,0,0
BRDA:46,3,1,0
BRDA:51,4,0,0
BRDA:51,4,1,0
BRDA:61,5,0,0
BRDA:62,6,0,0
BRDA:65,7,0,0
BRDA:65,7,1,0
BRDA:69,8,0,0
BRDA:70,9,0,0
BRDA:70,9,1,0
BRDA:70,9,2,0
BRDA:70,10,0,0
BRDA:70,10,1,0
BRDA:70,11,0,0
BRDA:70,11,1,0
BRDA:70,12,0,0
BRDA:70,12,1,0
BRDA:70,13,0,0
BRDA:70,13,1,0
BRDA:78,14,0,0
BRDA:79,15,0,0
BRDA:80,16,0,0
BRF:29
BRH:0
end_of_record
TN:
SF:lib\security.ts
FN:12,getCSPHeader
FN:38,applySecurityHeaders
FN:45,validateRedirectUrl
FN:61,isAllowedOrigin
FN:76,isSensitiveRoute
FNF:5
FNH:0
FNDA:0,getCSPHeader
FNDA:0,applySecurityHeaders
FNDA:0,validateRedirectUrl
FNDA:0,isAllowedOrigin
FNDA:0,isSensitiveRoute
DA:3,0
DA:13,0
DA:14,0
DA:25,0
DA:39,0
DA:40,0
DA:42,0
DA:46,0
DA:48,0
DA:49,0
DA:50,0
DA:52,0
DA:53,0
DA:55,0
DA:57,0
DA:62,0
DA:63,0
DA:65,0
DA:66,0
DA:67,0
DA:69,0
DA:70,0
DA:72,0
DA:77,0
LF:24
LH:0
BRDA:46,0,0,0
BRDA:46,0,1,0
BRDA:52,1,0,0
BRDA:52,1,1,0
BRDA:53,2,0,0
BRDA:53,2,1,0
BRDA:53,3,0,0
BRDA:53,3,1,0
BRDA:63,4,0,0
BRDA:63,4,1,0
BRDA:66,5,0,0
BRDA:66,5,1,0
BRDA:67,6,0,0
BRDA:67,6,1,0
BRDA:69,7,0,0
BRDA:69,7,1,0
BRDA:78,8,0,0
BRDA:78,8,1,0
BRDA:78,8,2,0
BRDA:78,8,3,0
BRF:20
BRH:0
end_of_record
TN:
SF:lib\session.ts
FN:6,getSessionEmail
FN:11,getSessionRole
FN:16,createRefreshToken
FN:28,rotateRefreshToken
FN:46,revokeUserRefreshTokens
FN:62,updateLastActive
FN:69,createAuditLog
FNF:7
FNH:0
FNDA:0,getSessionEmail
FNDA:0,getSessionRole
FNDA:0,createRefreshToken
FNDA:0,rotateRefreshToken
FNDA:0,revokeUserRefreshTokens
FNDA:0,updateLastActive
FNDA:0,createAuditLog
DA:1,1
DA:2,1
DA:3,1
DA:4,1
DA:6,1
DA:7,0
DA:8,0
DA:11,1
DA:12,0
DA:13,0
DA:16,1
DA:17,0
DA:18,0
DA:25,0
DA:28,1
DA:31,0
DA:34,0
DA:36,0
DA:41,0
DA:43,0
DA:46,1
DA:47,0
DA:52,0
DA:54,0
DA:59,0
DA:62,1
DA:63,0
DA:69,1
DA:75,0
LF:29
LH:11
BRDA:8,0,0,0
BRDA:8,0,1,0
BRDA:8,1,0,0
BRDA:8,1,1,0
BRDA:8,2,0,0
BRDA:8,2,1,0
BRDA:8,3,0,0
BRDA:8,3,1,0
BRDA:8,4,0,0
BRDA:8,4,1,0
BRDA:8,5,0,0
BRDA:8,5,1,0
BRDA:13,6,0,0
BRDA:13,6,1,0
BRDA:13,7,0,0
BRDA:13,7,1,0
BRDA:13,8,0,0
BRDA:13,8,1,0
BRDA:13,9,0,0
BRDA:13,9,1,0
BRDA:13,10,0,0
BRDA:13,10,1,0
BRDA:13,11,0,0
BRDA:13,11,1,0
BRDA:34,12,0,0
BRDA:34,12,1,0
BRDA:34,13,0,0
BRDA:34,13,1,0
BRDA:52,14,0,0
BRDA:52,14,1,0
BRDA:76,15,0,0
BRDA:76,15,1,0
BRDA:76,16,0,0
BRDA:76,16,1,0
BRF:34
BRH:0
end_of_record
TN:
SF:lib\trace.ts
FN:14,randomId
FN:18,generateRequestId
FN:22,trace
FN:36,createTraceContext
FNF:4
FNH:0
FNDA:0,randomId
FNDA:0,generateRequestId
FNDA:0,trace
FNDA:0,createTraceContext
DA:12,1
DA:15,0
DA:18,1
DA:19,0
DA:22,1
DA:23,0
DA:28,0
DA:29,0
DA:31,0
DA:32,0
DA:36,1
DA:37,0
LF:12
LH:4
BRDA:28,0,0,0
BRDA:28,0,1,0
BRF:2
BRH:0
end_of_record
TN:
SF:lib\trial.ts
FN:3,isTrialExpired
FNF:1
FNH:0
FNDA:0,isTrialExpired
DA:8,0
DA:9,0
DA:10,0
DA:11,0
DA:12,0
LF:5
LH:0
BRDA:8,0,0,0
BRDA:8,0,1,0
BRDA:9,1,0,0
BRDA:9,1,1,0
BRDA:10,2,0,0
BRDA:10,2,1,0
BRDA:11,3,0,0
BRDA:11,3,1,0
BRF:8
BRH:0
end_of_record
TN:
SF:lib\validation.ts
FNF:0
FNH:0
DA:3,0
DA:5,0
DA:7,0
DA:12,0
DA:18,0
DA:22,0
DA:28,0
DA:33,0
LF:8
LH:0
BRF:0
BRH:0
end_of_record
